

<!DOCTYPE html>
<html>
<head>
<meta charset="UTF-8">
<meta name="viewport" content="width=device-width, initial-scale=1, shrink-to-fit=no">
<title></title>
<link rel="apple-touch-icon" href="https://cdn.jsdelivr.net/gh/extent-framework/extent-github-cdn@b00a2d0486596e73dd7326beacf352c639623a0e/commons/img/logo.png">
<link rel="shortcut icon" href="https://cdn.jsdelivr.net/gh/extent-framework/extent-github-cdn@b00a2d0486596e73dd7326beacf352c639623a0e/commons/img/logo.png">
<link href="https://cdn.jsdelivr.net/gh/extent-framework/extent-github-cdn@d6562a79075e061305ccfdb82f01e5e195e2d307/spark/css/spark-style.css" rel="stylesheet" />
<link href="https://stackpath.bootstrapcdn.com/font-awesome/4.7.0/css/font-awesome.min.css" rel="stylesheet">
<script src="https://cdn.jsdelivr.net/gh/extent-framework/extent-github-cdn@7cc78ce/spark/js/jsontree.js"></script>
<style type="text/css"></style></head><body class="spa bdd-report standard">
  <div class="app">
    <div class="layout">
<div class="header navbar">
<div class="vheader">
<div class="nav-logo">
<a href="#">
<div class="logo" style="background-image: url('https://cdn.jsdelivr.net/gh/extent-framework/extent-github-cdn@b00a2d0486596e73dd7326beacf352c639623a0e/commons/img/logo.png')"></div>
</a>
</div>
<ul class="nav-left">
<li class="search-box">
<a class="search-toggle" href="#">
<i class="search-icon fa fa-search"></i>
<i class="search-icon-close fa fa-close"></i>
</a>
</li>
<li class="search-input"><input id="search-tests" class="form-control" type="text" placeholder="Search..."></li>
</ul>
<ul class="nav-right">
<li class="m-r-10">
<a href="#"><span class="badge badge-primary"></span></a>
</li>
<li class="m-r-10">
<a href="#"><span class="badge badge-primary">Feb 9, 2024 07:07:35 PM</span></a>
</li>
</ul>
</div>
</div><div class="side-nav">
<div class="side-nav-inner">
<ul class="side-nav-menu">
<li class="nav-item dropdown" onclick="toggleView('test-view')">
<a id="nav-test" class="dropdown-toggle" href="#">
<span class="ico"><i class="fa fa-list"></i></span>
</a>
</li>
<li class="nav-item dropdown" onclick="toggleView('exception-view')">
<a id="nav-exception" class="dropdown-toggle" href="#">
<span class="ico"><i class="fa fa-bug"></i></span>
</a>
</li>
<li class="nav-item dropdown" onclick="toggleView('category-view')">
<a id="nav-category" class="dropdown-toggle" href="#">
<span class="ico"><i class="fa fa-tag"></i></span>
</a>
</li>
<li class="nav-item dropdown" onclick="toggleView('dashboard-view')">
<a id="nav-dashboard" class="dropdown-toggle" href="#">
<span class="ico"><i class="fa fa-bar-chart"></i></span>
</a>
</li>
</ul>
</div>
</div>      <div class="vcontainer">
        <div class="main-content">
<div class="test-wrapper row view test-view">
  <div class="test-list">
    <div class="test-list-tools">
<ul class="tools pull-left">
<li><a href="#"><span class="font-size-14">Tests</span></a></li>
</ul>
<ul class="tools text-right">
<li class="dropdown">
<a href="#" class="dropdown-toggle" data-toggle="dropdown"><i class="fa fa-exclamation-circle"></i></a>
<ul id="status-toggle" class="dropdown-menu dropdown-md p-v-0">
<a class="dropdown-item" status="fail" href="#"><span>Fail</span><span class="status danger"></span></a>
<div class="dropdown-divider"></div>
<a status="clear" class="dropdown-item" href="#"><span>Clear</span><span class="pull-right"><i class="fa fa-close"></i></span></a>
</ul>
</li>
<li class="dropdown">
<a href="#" class="dropdown-toggle" data-toggle="dropdown"><i class="fa fa-tag"></i></a>
<ul id="tag-toggle" class="dropdown-menu dropdown-md p-v-0">
<a class="dropdown-item" href="#">@RegressionTest</a>
</ul>
</li>
</ul>
</div>    <div class="test-list-wrapper scrollable">
      <ul class="test-list-item">
        <li class="test-item"  status="fail" test-id="1"
          author=""
          tag=""
          device="">
          <div class="test-detail">
            <p class="name">Accounts Tab Functionalities</p>
            <p class="text-sm">
              <span>7:07:38 PM</span> / <span>00:00:00:907</span>
              <span class="badge fail-bg log float-right">Fail</span>
            </p>
          </div>
          <div class="test-contents d-none">
<div class="detail-head">
<div class="p-v-10">
<div class="info">
<h5 class="test-status text-fail">Accounts Tab Functionalities</h5>
<span class='badge badge-success'>02.09.2024 7:07:38 PM</span>
<span class='badge badge-danger'>02.09.2024 7:07:39 PM</span>
<span class='badge badge-default'>00:00:00:907</span>
&middot; <span class='uri-anchor badge badge-default'>#test-id=1</span>
<span class='badge badge-default pointer float-right ml-1 et'><i class="fa fa-chevron-down"></i></span>
<span class='badge badge-default pointer float-right ct'><i class="fa fa-chevron-up"></i></span>
</div>
<div class="m-t-10 m-l-5"></div>
</div>
</div>
<div class="accordion mt-4">
  <div class="card">
    <div class="card-header" role="tab">
      <div class="card-title">
        <div class="node" id="2"><span class="badge log fail-bg mr-2">Fail</span>Verify that User can able to open any MAC Code in Account tab</div>
      </div>
    </div>
        <div class="">
          <div class="card-body">
              <div class="step fail-bg" title="BEFORE">
                <span>hooks.myHooks.setup()</span>
      <div>
        <textarea disabled class="code-block">org.openqa.selenium.remote.NoSuchDriverException: msedgedriver located at C:\Users\pjumde\Desktop\Cucumber\SalesOps\src\test\resources\msedgedriver.exe, but invalid
For documentation on this error, please visit: https://www.selenium.dev/documentation/webdriver/troubleshooting/errors/driver_location/
Build info: version: '4.11.0', revision: '040bc5406b'
System info: os.name: 'Windows 10', os.arch: 'amd64', os.version: '10.0', java.version: '18.0.2.1'
Driver info: driver.version: EdgeDriver
	at org.openqa.selenium.remote.service.DriverFinder.getPath(DriverFinder.java:45)
	at org.openqa.selenium.remote.service.DriverFinder.getPath(DriverFinder.java:13)
	at org.openqa.selenium.edge.EdgeDriver.generateExecutor(EdgeDriver.java:71)
	at org.openqa.selenium.edge.EdgeDriver.<init>(EdgeDriver.java:60)
	at org.openqa.selenium.edge.EdgeDriver.<init>(EdgeDriver.java:56)
	at org.openqa.selenium.edge.EdgeDriver.<init>(EdgeDriver.java:48)
	at org.openqa.selenium.edge.EdgeDriver.<init>(EdgeDriver.java:44)
	at driver.DriverFactory.initializeBrowser(DriverFactory.java:31)
	at hooks.myHooks.setup(myHooks.java:24)
</textarea>
      
      </div>
              </div>
              <div class="step skip-bg" title="stepDefinition.Accounts.i_open_browser_and_enter_sales_ops_url()">
                <span>Given I open Browser and enter SalesOps Url</span>
      <div>Step skipped
      </div>
              </div>
              <div class="step skip-bg" title="stepDefinition.Accounts.i_click_on_any_mad_code()">
                <span>When I click on any MAD Code</span>
      <div>Step skipped
      </div>
              </div>
              <div class="step fail-bg" title="AFTER">
                <span>hooks.myHooks.tearDown()</span>
      <div>
        <textarea disabled class="code-block">java.lang.NullPointerException: Cannot invoke "org.openqa.selenium.WebDriver.close()" because "hooks.myHooks.driver" is null
	at hooks.myHooks.tearDown(myHooks.java:32)
</textarea>
      
      </div>
              </div>
          </div>
        </div>
  </div>
  <div class="card">
    <div class="card-header" role="tab">
      <div class="card-title">
        <div class="node" id="9"><span class="badge log fail-bg mr-2">Fail</span>Verify that User able to Search Partner Manager with Company Name in Account tab</div>
      </div>
    </div>
        <div class="">
          <div class="card-body">
              <div class="step fail-bg" title="BEFORE">
                <span>hooks.myHooks.setup()</span>
      <div>
        <textarea disabled class="code-block">org.openqa.selenium.remote.NoSuchDriverException: msedgedriver located at C:\Users\pjumde\Desktop\Cucumber\SalesOps\src\test\resources\msedgedriver.exe, but invalid
For documentation on this error, please visit: https://www.selenium.dev/documentation/webdriver/troubleshooting/errors/driver_location/
Build info: version: '4.11.0', revision: '040bc5406b'
System info: os.name: 'Windows 10', os.arch: 'amd64', os.version: '10.0', java.version: '18.0.2.1'
Driver info: driver.version: EdgeDriver
	at org.openqa.selenium.remote.service.DriverFinder.getPath(DriverFinder.java:45)
	at org.openqa.selenium.remote.service.DriverFinder.getPath(DriverFinder.java:13)
	at org.openqa.selenium.edge.EdgeDriver.generateExecutor(EdgeDriver.java:71)
	at org.openqa.selenium.edge.EdgeDriver.<init>(EdgeDriver.java:60)
	at org.openqa.selenium.edge.EdgeDriver.<init>(EdgeDriver.java:56)
	at org.openqa.selenium.edge.EdgeDriver.<init>(EdgeDriver.java:48)
	at org.openqa.selenium.edge.EdgeDriver.<init>(EdgeDriver.java:44)
	at driver.DriverFactory.initializeBrowser(DriverFactory.java:31)
	at hooks.myHooks.setup(myHooks.java:24)
</textarea>
      
      </div>
              </div>
              <div class="step skip-bg" title="stepDefinition.Accounts.i_open_browser_and_enter_sales_ops_url()">
                <span>Given I open Browser and enter SalesOps Url</span>
      <div>Step skipped
      </div>
              </div>
              <div class="step skip-bg" title="stepDefinition.Accounts.i_enter_in_company_name_testbox(java.lang.String)">
                <span>When I enter "XPO" in Company Name testbox</span>
      <div>Step skipped
      </div>
              </div>
              <div class="step skip-bg" title="stepDefinition.Accounts.records_should_diplay()">
                <span>Then Records should diplay</span>
      <div>Step skipped
      </div>
              </div>
              <div class="step fail-bg" title="AFTER">
                <span>hooks.myHooks.tearDown()</span>
      <div>
        <textarea disabled class="code-block">java.lang.NullPointerException: Cannot invoke "org.openqa.selenium.WebDriver.close()" because "hooks.myHooks.driver" is null
	at hooks.myHooks.tearDown(myHooks.java:32)
</textarea>
      
      </div>
              </div>
          </div>
        </div>
  </div>
  <div class="card">
    <div class="card-header" role="tab">
      <div class="card-title">
        <div class="node" id="18"><span class="badge log fail-bg mr-2">Fail</span>Verify that User able to Search Partner Manager  with Account Id in Account tab</div>
      </div>
    </div>
        <div class="">
          <div class="card-body">
              <div class="step fail-bg" title="BEFORE">
                <span>hooks.myHooks.setup()</span>
      <div>
        <textarea disabled class="code-block">org.openqa.selenium.remote.NoSuchDriverException: msedgedriver located at C:\Users\pjumde\Desktop\Cucumber\SalesOps\src\test\resources\msedgedriver.exe, but invalid
For documentation on this error, please visit: https://www.selenium.dev/documentation/webdriver/troubleshooting/errors/driver_location/
Build info: version: '4.11.0', revision: '040bc5406b'
System info: os.name: 'Windows 10', os.arch: 'amd64', os.version: '10.0', java.version: '18.0.2.1'
Driver info: driver.version: EdgeDriver
	at org.openqa.selenium.remote.service.DriverFinder.getPath(DriverFinder.java:45)
	at org.openqa.selenium.remote.service.DriverFinder.getPath(DriverFinder.java:13)
	at org.openqa.selenium.edge.EdgeDriver.generateExecutor(EdgeDriver.java:71)
	at org.openqa.selenium.edge.EdgeDriver.<init>(EdgeDriver.java:60)
	at org.openqa.selenium.edge.EdgeDriver.<init>(EdgeDriver.java:56)
	at org.openqa.selenium.edge.EdgeDriver.<init>(EdgeDriver.java:48)
	at org.openqa.selenium.edge.EdgeDriver.<init>(EdgeDriver.java:44)
	at driver.DriverFactory.initializeBrowser(DriverFactory.java:31)
	at hooks.myHooks.setup(myHooks.java:24)
</textarea>
      
      </div>
              </div>
              <div class="step skip-bg" title="stepDefinition.Accounts.i_open_browser_and_enter_sales_ops_url()">
                <span>Given I open Browser and enter SalesOps Url</span>
      <div>Step skipped
      </div>
              </div>
              <div class="step skip-bg" title="stepDefinition.Accounts.i_enter_in_account_id_testbox(java.lang.String)">
                <span>When I enter "200654" in Account Id testbox</span>
      <div>Step skipped
      </div>
              </div>
              <div class="step skip-bg" title="stepDefinition.Accounts.records_should_diplay()">
                <span>Then Records should diplay</span>
      <div>Step skipped
      </div>
              </div>
              <div class="step fail-bg" title="AFTER">
                <span>hooks.myHooks.tearDown()</span>
      <div>
        <textarea disabled class="code-block">java.lang.NullPointerException: Cannot invoke "org.openqa.selenium.WebDriver.close()" because "hooks.myHooks.driver" is null
	at hooks.myHooks.tearDown(myHooks.java:32)
</textarea>
      
      </div>
              </div>
          </div>
        </div>
  </div>
  <div class="card">
    <div class="card-header" role="tab">
      <div class="card-title">
        <div class="node" id="27"><span class="badge log fail-bg mr-2">Fail</span>Verify that User able to Search Partner Manager  with MAD Code in Account tab</div>
      </div>
    </div>
        <div class="">
          <div class="card-body">
              <div class="step fail-bg" title="BEFORE">
                <span>hooks.myHooks.setup()</span>
      <div>
        <textarea disabled class="code-block">org.openqa.selenium.remote.NoSuchDriverException: msedgedriver located at C:\Users\pjumde\Desktop\Cucumber\SalesOps\src\test\resources\msedgedriver.exe, but invalid
For documentation on this error, please visit: https://www.selenium.dev/documentation/webdriver/troubleshooting/errors/driver_location/
Build info: version: '4.11.0', revision: '040bc5406b'
System info: os.name: 'Windows 10', os.arch: 'amd64', os.version: '10.0', java.version: '18.0.2.1'
Driver info: driver.version: EdgeDriver
	at org.openqa.selenium.remote.service.DriverFinder.getPath(DriverFinder.java:45)
	at org.openqa.selenium.remote.service.DriverFinder.getPath(DriverFinder.java:13)
	at org.openqa.selenium.edge.EdgeDriver.generateExecutor(EdgeDriver.java:71)
	at org.openqa.selenium.edge.EdgeDriver.<init>(EdgeDriver.java:60)
	at org.openqa.selenium.edge.EdgeDriver.<init>(EdgeDriver.java:56)
	at org.openqa.selenium.edge.EdgeDriver.<init>(EdgeDriver.java:48)
	at org.openqa.selenium.edge.EdgeDriver.<init>(EdgeDriver.java:44)
	at driver.DriverFactory.initializeBrowser(DriverFactory.java:31)
	at hooks.myHooks.setup(myHooks.java:24)
</textarea>
      
      </div>
              </div>
              <div class="step skip-bg" title="stepDefinition.Accounts.i_open_browser_and_enter_sales_ops_url()">
                <span>Given I open Browser and enter SalesOps Url</span>
      <div>Step skipped
      </div>
              </div>
              <div class="step skip-bg" title="stepDefinition.Accounts.i_enter_in_mad_code_testbox(java.lang.String)">
                <span>When I enter "XPOLE991022" in MAD Code testbox</span>
      <div>Step skipped
      </div>
              </div>
              <div class="step skip-bg" title="stepDefinition.Accounts.records_should_diplay()">
                <span>Then Records should diplay</span>
      <div>Step skipped
      </div>
              </div>
              <div class="step fail-bg" title="AFTER">
                <span>hooks.myHooks.tearDown()</span>
      <div>
        <textarea disabled class="code-block">java.lang.NullPointerException: Cannot invoke "org.openqa.selenium.WebDriver.close()" because "hooks.myHooks.driver" is null
	at hooks.myHooks.tearDown(myHooks.java:32)
</textarea>
      
      </div>
              </div>
          </div>
        </div>
  </div>
  <div class="card">
    <div class="card-header" role="tab">
      <div class="card-title">
        <div class="node" id="36"><span class="badge log fail-bg mr-2">Fail</span>Verify that User able to Search Partner Manager  with City in Account tab</div>
      </div>
    </div>
        <div class="">
          <div class="card-body">
              <div class="step fail-bg" title="BEFORE">
                <span>hooks.myHooks.setup()</span>
      <div>
        <textarea disabled class="code-block">org.openqa.selenium.remote.NoSuchDriverException: msedgedriver located at C:\Users\pjumde\Desktop\Cucumber\SalesOps\src\test\resources\msedgedriver.exe, but invalid
For documentation on this error, please visit: https://www.selenium.dev/documentation/webdriver/troubleshooting/errors/driver_location/
Build info: version: '4.11.0', revision: '040bc5406b'
System info: os.name: 'Windows 10', os.arch: 'amd64', os.version: '10.0', java.version: '18.0.2.1'
Driver info: driver.version: EdgeDriver
	at org.openqa.selenium.remote.service.DriverFinder.getPath(DriverFinder.java:45)
	at org.openqa.selenium.remote.service.DriverFinder.getPath(DriverFinder.java:13)
	at org.openqa.selenium.edge.EdgeDriver.generateExecutor(EdgeDriver.java:71)
	at org.openqa.selenium.edge.EdgeDriver.<init>(EdgeDriver.java:60)
	at org.openqa.selenium.edge.EdgeDriver.<init>(EdgeDriver.java:56)
	at org.openqa.selenium.edge.EdgeDriver.<init>(EdgeDriver.java:48)
	at org.openqa.selenium.edge.EdgeDriver.<init>(EdgeDriver.java:44)
	at driver.DriverFactory.initializeBrowser(DriverFactory.java:31)
	at hooks.myHooks.setup(myHooks.java:24)
</textarea>
      
      </div>
              </div>
              <div class="step skip-bg" title="stepDefinition.Accounts.i_open_browser_and_enter_sales_ops_url()">
                <span>Given I open Browser and enter SalesOps Url</span>
      <div>Step skipped
      </div>
              </div>
              <div class="step skip-bg" title="stepDefinition.Accounts.i_enter_in_city_testbox(java.lang.String)">
                <span>When I enter "ALBERT" in City testbox</span>
      <div>Step skipped
      </div>
              </div>
              <div class="step skip-bg" title="stepDefinition.Accounts.records_should_diplay()">
                <span>Then Records should diplay</span>
      <div>Step skipped
      </div>
              </div>
              <div class="step fail-bg" title="AFTER">
                <span>hooks.myHooks.tearDown()</span>
      <div>
        <textarea disabled class="code-block">java.lang.NullPointerException: Cannot invoke "org.openqa.selenium.WebDriver.close()" because "hooks.myHooks.driver" is null
	at hooks.myHooks.tearDown(myHooks.java:32)
</textarea>
      
      </div>
              </div>
          </div>
        </div>
  </div>
  <div class="card">
    <div class="card-header" role="tab">
      <div class="card-title">
        <div class="node" id="45"><span class="badge log fail-bg mr-2">Fail</span>Verify that User able to Search Partner Manager  with Address in Account tab</div>
      </div>
    </div>
        <div class="">
          <div class="card-body">
              <div class="step fail-bg" title="BEFORE">
                <span>hooks.myHooks.setup()</span>
      <div>
        <textarea disabled class="code-block">org.openqa.selenium.remote.NoSuchDriverException: msedgedriver located at C:\Users\pjumde\Desktop\Cucumber\SalesOps\src\test\resources\msedgedriver.exe, but invalid
For documentation on this error, please visit: https://www.selenium.dev/documentation/webdriver/troubleshooting/errors/driver_location/
Build info: version: '4.11.0', revision: '040bc5406b'
System info: os.name: 'Windows 10', os.arch: 'amd64', os.version: '10.0', java.version: '18.0.2.1'
Driver info: driver.version: EdgeDriver
	at org.openqa.selenium.remote.service.DriverFinder.getPath(DriverFinder.java:45)
	at org.openqa.selenium.remote.service.DriverFinder.getPath(DriverFinder.java:13)
	at org.openqa.selenium.edge.EdgeDriver.generateExecutor(EdgeDriver.java:71)
	at org.openqa.selenium.edge.EdgeDriver.<init>(EdgeDriver.java:60)
	at org.openqa.selenium.edge.EdgeDriver.<init>(EdgeDriver.java:56)
	at org.openqa.selenium.edge.EdgeDriver.<init>(EdgeDriver.java:48)
	at org.openqa.selenium.edge.EdgeDriver.<init>(EdgeDriver.java:44)
	at driver.DriverFactory.initializeBrowser(DriverFactory.java:31)
	at hooks.myHooks.setup(myHooks.java:24)
</textarea>
      
      </div>
              </div>
              <div class="step skip-bg" title="stepDefinition.Accounts.i_open_browser_and_enter_sales_ops_url()">
                <span>Given I open Browser and enter SalesOps Url</span>
      <div>Step skipped
      </div>
              </div>
              <div class="step skip-bg" title="stepDefinition.Accounts.i_enter_in_address_testbox(java.lang.String)">
                <span>When I enter "55 INDUSTRIAL LOOP" in Address testbox</span>
      <div>Step skipped
      </div>
              </div>
              <div class="step skip-bg" title="stepDefinition.Accounts.records_should_diplay()">
                <span>Then Records should diplay</span>
      <div>Step skipped
      </div>
              </div>
              <div class="step fail-bg" title="AFTER">
                <span>hooks.myHooks.tearDown()</span>
      <div>
        <textarea disabled class="code-block">java.lang.NullPointerException: Cannot invoke "org.openqa.selenium.WebDriver.close()" because "hooks.myHooks.driver" is null
	at hooks.myHooks.tearDown(myHooks.java:32)
</textarea>
      
      </div>
              </div>
          </div>
        </div>
  </div>
  <div class="card">
    <div class="card-header" role="tab">
      <div class="card-title">
        <div class="node" id="54"><span class="badge log fail-bg mr-2">Fail</span>Verify that User able to Search Partner Manager  with Zip Code in Account tab</div>
      </div>
    </div>
        <div class="">
          <div class="card-body">
              <div class="step fail-bg" title="BEFORE">
                <span>hooks.myHooks.setup()</span>
      <div>
        <textarea disabled class="code-block">org.openqa.selenium.remote.NoSuchDriverException: msedgedriver located at C:\Users\pjumde\Desktop\Cucumber\SalesOps\src\test\resources\msedgedriver.exe, but invalid
For documentation on this error, please visit: https://www.selenium.dev/documentation/webdriver/troubleshooting/errors/driver_location/
Build info: version: '4.11.0', revision: '040bc5406b'
System info: os.name: 'Windows 10', os.arch: 'amd64', os.version: '10.0', java.version: '18.0.2.1'
Driver info: driver.version: EdgeDriver
	at org.openqa.selenium.remote.service.DriverFinder.getPath(DriverFinder.java:45)
	at org.openqa.selenium.remote.service.DriverFinder.getPath(DriverFinder.java:13)
	at org.openqa.selenium.edge.EdgeDriver.generateExecutor(EdgeDriver.java:71)
	at org.openqa.selenium.edge.EdgeDriver.<init>(EdgeDriver.java:60)
	at org.openqa.selenium.edge.EdgeDriver.<init>(EdgeDriver.java:56)
	at org.openqa.selenium.edge.EdgeDriver.<init>(EdgeDriver.java:48)
	at org.openqa.selenium.edge.EdgeDriver.<init>(EdgeDriver.java:44)
	at driver.DriverFactory.initializeBrowser(DriverFactory.java:31)
	at hooks.myHooks.setup(myHooks.java:24)
</textarea>
      
      </div>
              </div>
              <div class="step skip-bg" title="stepDefinition.Accounts.i_open_browser_and_enter_sales_ops_url()">
                <span>Given I open Browser and enter SalesOps Url</span>
      <div>Step skipped
      </div>
              </div>
              <div class="step skip-bg" title="stepDefinition.Accounts.i_enter_in_zip_code_testbox(java.lang.String)">
                <span>When I enter "32073" in Zip Code testbox</span>
      <div>Step skipped
      </div>
              </div>
              <div class="step skip-bg" title="stepDefinition.Accounts.records_should_diplay()">
                <span>Then Records should diplay</span>
      <div>Step skipped
      </div>
              </div>
              <div class="step fail-bg" title="AFTER">
                <span>hooks.myHooks.tearDown()</span>
      <div>
        <textarea disabled class="code-block">java.lang.NullPointerException: Cannot invoke "org.openqa.selenium.WebDriver.close()" because "hooks.myHooks.driver" is null
	at hooks.myHooks.tearDown(myHooks.java:32)
</textarea>
      
      </div>
              </div>
          </div>
        </div>
  </div>
</div>
          </div>
        </li>
        <li class="test-item"  status="fail" test-id="63"
          author=""
          tag=""
          device="">
          <div class="test-detail">
            <p class="name">Users Tab Functionalities</p>
            <p class="text-sm">
              <span>7:07:39 PM</span> / <span>00:00:02:224</span>
              <span class="badge fail-bg log float-right">Fail</span>
            </p>
          </div>
          <div class="test-contents d-none">
<div class="detail-head">
<div class="p-v-10">
<div class="info">
<h5 class="test-status text-fail">Users Tab Functionalities</h5>
<span class='badge badge-success'>02.09.2024 7:07:39 PM</span>
<span class='badge badge-danger'>02.09.2024 7:07:42 PM</span>
<span class='badge badge-default'>00:00:02:224</span>
&middot; <span class='uri-anchor badge badge-default'>#test-id=63</span>
<span class='badge badge-default pointer float-right ml-1 et'><i class="fa fa-chevron-down"></i></span>
<span class='badge badge-default pointer float-right ct'><i class="fa fa-chevron-up"></i></span>
</div>
<div class="m-t-10 m-l-5"></div>
</div>
</div>
<div class="accordion mt-4">
  <div class="card">
    <div class="card-header" role="tab">
      <div class="card-title">
        <div class="node" id="64"><span class="badge log fail-bg mr-2">Fail</span>Verify that User able to Search with Name of User in Users Tab</div>
      </div>
    </div>
        <div class="">
          <div class="card-body">
              <div class="step fail-bg" title="BEFORE">
                <span>hooks.myHooks.setup()</span>
      <div>
        <textarea disabled class="code-block">org.openqa.selenium.remote.NoSuchDriverException: msedgedriver located at C:\Users\pjumde\Desktop\Cucumber\SalesOps\src\test\resources\msedgedriver.exe, but invalid
For documentation on this error, please visit: https://www.selenium.dev/documentation/webdriver/troubleshooting/errors/driver_location/
Build info: version: '4.11.0', revision: '040bc5406b'
System info: os.name: 'Windows 10', os.arch: 'amd64', os.version: '10.0', java.version: '18.0.2.1'
Driver info: driver.version: EdgeDriver
	at org.openqa.selenium.remote.service.DriverFinder.getPath(DriverFinder.java:45)
	at org.openqa.selenium.remote.service.DriverFinder.getPath(DriverFinder.java:13)
	at org.openqa.selenium.edge.EdgeDriver.generateExecutor(EdgeDriver.java:71)
	at org.openqa.selenium.edge.EdgeDriver.<init>(EdgeDriver.java:60)
	at org.openqa.selenium.edge.EdgeDriver.<init>(EdgeDriver.java:56)
	at org.openqa.selenium.edge.EdgeDriver.<init>(EdgeDriver.java:48)
	at org.openqa.selenium.edge.EdgeDriver.<init>(EdgeDriver.java:44)
	at driver.DriverFactory.initializeBrowser(DriverFactory.java:31)
	at hooks.myHooks.setup(myHooks.java:24)
</textarea>
      
      </div>
              </div>
              <div class="step skip-bg" title="stepDefinition.Accounts.i_open_browser_and_enter_sales_ops_url()">
                <span>Given I open Browser and enter SalesOps Url</span>
      <div>Step skipped
      </div>
              </div>
              <div class="step skip-bg" title="stepDefinition.Users.i_click_on_user_tab()">
                <span>When I click on User Tab</span>
      <div>Step skipped
      </div>
              </div>
              <div class="step skip-bg" title="stepDefinition.Users.i_enter_in_users_textbox(java.lang.String)">
                <span>When I enter "naksh" in Users Textbox</span>
      <div>Step skipped
      </div>
              </div>
              <div class="step skip-bg" title="stepDefinition.Users.users_records_should_diplay(java.lang.String)">
                <span>Then Users Records should diplay "Nakshj Nikhade"</span>
      <div>Step skipped
      </div>
              </div>
              <div class="step fail-bg" title="AFTER">
                <span>hooks.myHooks.tearDown()</span>
      <div>
        <textarea disabled class="code-block">java.lang.NullPointerException: Cannot invoke "org.openqa.selenium.WebDriver.close()" because "hooks.myHooks.driver" is null
	at hooks.myHooks.tearDown(myHooks.java:32)
</textarea>
      
      </div>
              </div>
          </div>
        </div>
  </div>
  <div class="card">
    <div class="card-header" role="tab">
      <div class="card-title">
        <div class="node" id="75"><span class="badge log fail-bg mr-2">Fail</span>Verify that User able to search By Name in Users Tab</div>
      </div>
    </div>
        <div class="">
          <div class="card-body">
              <div class="step fail-bg" title="BEFORE">
                <span>hooks.myHooks.setup()</span>
      <div>
        <textarea disabled class="code-block">org.openqa.selenium.remote.NoSuchDriverException: msedgedriver located at C:\Users\pjumde\Desktop\Cucumber\SalesOps\src\test\resources\msedgedriver.exe, but invalid
For documentation on this error, please visit: https://www.selenium.dev/documentation/webdriver/troubleshooting/errors/driver_location/
Build info: version: '4.11.0', revision: '040bc5406b'
System info: os.name: 'Windows 10', os.arch: 'amd64', os.version: '10.0', java.version: '18.0.2.1'
Driver info: driver.version: EdgeDriver
	at org.openqa.selenium.remote.service.DriverFinder.getPath(DriverFinder.java:45)
	at org.openqa.selenium.remote.service.DriverFinder.getPath(DriverFinder.java:13)
	at org.openqa.selenium.edge.EdgeDriver.generateExecutor(EdgeDriver.java:71)
	at org.openqa.selenium.edge.EdgeDriver.<init>(EdgeDriver.java:60)
	at org.openqa.selenium.edge.EdgeDriver.<init>(EdgeDriver.java:56)
	at org.openqa.selenium.edge.EdgeDriver.<init>(EdgeDriver.java:48)
	at org.openqa.selenium.edge.EdgeDriver.<init>(EdgeDriver.java:44)
	at driver.DriverFactory.initializeBrowser(DriverFactory.java:31)
	at hooks.myHooks.setup(myHooks.java:24)
</textarea>
      
      </div>
              </div>
              <div class="step skip-bg" title="stepDefinition.Accounts.i_open_browser_and_enter_sales_ops_url()">
                <span>Given I open Browser and enter SalesOps Url</span>
      <div>Step skipped
      </div>
              </div>
              <div class="step skip-bg" title="stepDefinition.Users.i_click_on_user_tab()">
                <span>When I click on User Tab</span>
      <div>Step skipped
      </div>
              </div>
              <div class="step skip-bg" title="stepDefinition.Users.i_enter_in_name_of_user_textbox(java.lang.String)">
                <span>When I enter "naksh" in Name of User Textbox</span>
      <div>Step skipped
      </div>
              </div>
              <div class="step skip-bg" title="stepDefinition.Users.users_records_should_diplay(java.lang.String)">
                <span>Then Users Records should diplay "Nakshj Nikhade"</span>
      <div>Step skipped
      </div>
              </div>
              <div class="step fail-bg" title="AFTER">
                <span>hooks.myHooks.tearDown()</span>
      <div>
        <textarea disabled class="code-block">java.lang.NullPointerException: Cannot invoke "org.openqa.selenium.WebDriver.close()" because "hooks.myHooks.driver" is null
	at hooks.myHooks.tearDown(myHooks.java:32)
</textarea>
      
      </div>
              </div>
          </div>
        </div>
  </div>
  <div class="card">
    <div class="card-header" role="tab">
      <div class="card-title">
        <div class="node" id="86"><span class="badge log fail-bg mr-2">Fail</span>Verify that User able to search By UserName in Users Tab</div>
      </div>
    </div>
        <div class="">
          <div class="card-body">
              <div class="step fail-bg" title="BEFORE">
                <span>hooks.myHooks.setup()</span>
      <div>
        <textarea disabled class="code-block">org.openqa.selenium.remote.NoSuchDriverException: msedgedriver located at C:\Users\pjumde\Desktop\Cucumber\SalesOps\src\test\resources\msedgedriver.exe, but invalid
For documentation on this error, please visit: https://www.selenium.dev/documentation/webdriver/troubleshooting/errors/driver_location/
Build info: version: '4.11.0', revision: '040bc5406b'
System info: os.name: 'Windows 10', os.arch: 'amd64', os.version: '10.0', java.version: '18.0.2.1'
Driver info: driver.version: EdgeDriver
	at org.openqa.selenium.remote.service.DriverFinder.getPath(DriverFinder.java:45)
	at org.openqa.selenium.remote.service.DriverFinder.getPath(DriverFinder.java:13)
	at org.openqa.selenium.edge.EdgeDriver.generateExecutor(EdgeDriver.java:71)
	at org.openqa.selenium.edge.EdgeDriver.<init>(EdgeDriver.java:60)
	at org.openqa.selenium.edge.EdgeDriver.<init>(EdgeDriver.java:56)
	at org.openqa.selenium.edge.EdgeDriver.<init>(EdgeDriver.java:48)
	at org.openqa.selenium.edge.EdgeDriver.<init>(EdgeDriver.java:44)
	at driver.DriverFactory.initializeBrowser(DriverFactory.java:31)
	at hooks.myHooks.setup(myHooks.java:24)
</textarea>
      
      </div>
              </div>
              <div class="step skip-bg" title="stepDefinition.Accounts.i_open_browser_and_enter_sales_ops_url()">
                <span>Given I open Browser and enter SalesOps Url</span>
      <div>Step skipped
      </div>
              </div>
              <div class="step skip-bg" title="stepDefinition.Users.i_click_on_user_tab()">
                <span>When I click on User Tab</span>
      <div>Step skipped
      </div>
              </div>
              <div class="step skip-bg" title="stepDefinition.Users.i_enter_in_username_textbox(java.lang.String)">
                <span>When I enter "naksh.nkhade@xpo.com" in Username Textbox</span>
      <div>Step skipped
      </div>
              </div>
              <div class="step skip-bg" title="stepDefinition.Users.users_records_should_diplay_with_username(java.lang.String)">
                <span>Then Users Records should diplay with Username "naksh.nkhade@xpo.com"</span>
      <div>Step skipped
      </div>
              </div>
              <div class="step fail-bg" title="AFTER">
                <span>hooks.myHooks.tearDown()</span>
      <div>
        <textarea disabled class="code-block">java.lang.NullPointerException: Cannot invoke "org.openqa.selenium.WebDriver.close()" because "hooks.myHooks.driver" is null
	at hooks.myHooks.tearDown(myHooks.java:32)
</textarea>
      
      </div>
              </div>
          </div>
        </div>
  </div>
  <div class="card">
    <div class="card-header" role="tab">
      <div class="card-title">
        <div class="node" id="97"><span class="badge log fail-bg mr-2">Fail</span>Verify that User able to search By Email in Users Tab</div>
      </div>
    </div>
        <div class="">
          <div class="card-body">
              <div class="step fail-bg" title="BEFORE">
                <span>hooks.myHooks.setup()</span>
      <div>
        <textarea disabled class="code-block">org.openqa.selenium.remote.NoSuchDriverException: msedgedriver located at C:\Users\pjumde\Desktop\Cucumber\SalesOps\src\test\resources\msedgedriver.exe, but invalid
For documentation on this error, please visit: https://www.selenium.dev/documentation/webdriver/troubleshooting/errors/driver_location/
Build info: version: '4.11.0', revision: '040bc5406b'
System info: os.name: 'Windows 10', os.arch: 'amd64', os.version: '10.0', java.version: '18.0.2.1'
Driver info: driver.version: EdgeDriver
	at org.openqa.selenium.remote.service.DriverFinder.getPath(DriverFinder.java:45)
	at org.openqa.selenium.remote.service.DriverFinder.getPath(DriverFinder.java:13)
	at org.openqa.selenium.edge.EdgeDriver.generateExecutor(EdgeDriver.java:71)
	at org.openqa.selenium.edge.EdgeDriver.<init>(EdgeDriver.java:60)
	at org.openqa.selenium.edge.EdgeDriver.<init>(EdgeDriver.java:56)
	at org.openqa.selenium.edge.EdgeDriver.<init>(EdgeDriver.java:48)
	at org.openqa.selenium.edge.EdgeDriver.<init>(EdgeDriver.java:44)
	at driver.DriverFactory.initializeBrowser(DriverFactory.java:31)
	at hooks.myHooks.setup(myHooks.java:24)
</textarea>
      
      </div>
              </div>
              <div class="step skip-bg" title="stepDefinition.Accounts.i_open_browser_and_enter_sales_ops_url()">
                <span>Given I open Browser and enter SalesOps Url</span>
      <div>Step skipped
      </div>
              </div>
              <div class="step skip-bg" title="stepDefinition.Users.i_click_on_user_tab()">
                <span>When I click on User Tab</span>
      <div>Step skipped
      </div>
              </div>
              <div class="step skip-bg" title="stepDefinition.Users.i_enter_in_email_textbox(java.lang.String)">
                <span>When I enter "naksh1.nkhade@xpo.com" in Email Textbox</span>
      <div>Step skipped
      </div>
              </div>
              <div class="step skip-bg" title="stepDefinition.Users.users_record_should_diplay_with_email_id(java.lang.String)">
                <span>Then Users Record should diplay with Email Id "naksh1.nkhade@xpo.com"</span>
      <div>Step skipped
      </div>
              </div>
              <div class="step fail-bg" title="AFTER">
                <span>hooks.myHooks.tearDown()</span>
      <div>
        <textarea disabled class="code-block">java.lang.NullPointerException: Cannot invoke "org.openqa.selenium.WebDriver.close()" because "hooks.myHooks.driver" is null
	at hooks.myHooks.tearDown(myHooks.java:32)
</textarea>
      
      </div>
              </div>
          </div>
        </div>
  </div>
  <div class="card">
    <div class="card-header" role="tab">
      <div class="card-title">
        <div class="node" id="108"><span class="badge log fail-bg mr-2">Fail</span>Verify that User able to search By Phone Number in Users Tab</div>
      </div>
    </div>
        <div class="">
          <div class="card-body">
              <div class="step fail-bg" title="BEFORE">
                <span>hooks.myHooks.setup()</span>
      <div>
        <textarea disabled class="code-block">org.openqa.selenium.remote.NoSuchDriverException: msedgedriver located at C:\Users\pjumde\Desktop\Cucumber\SalesOps\src\test\resources\msedgedriver.exe, but invalid
For documentation on this error, please visit: https://www.selenium.dev/documentation/webdriver/troubleshooting/errors/driver_location/
Build info: version: '4.11.0', revision: '040bc5406b'
System info: os.name: 'Windows 10', os.arch: 'amd64', os.version: '10.0', java.version: '18.0.2.1'
Driver info: driver.version: EdgeDriver
	at org.openqa.selenium.remote.service.DriverFinder.getPath(DriverFinder.java:45)
	at org.openqa.selenium.remote.service.DriverFinder.getPath(DriverFinder.java:13)
	at org.openqa.selenium.edge.EdgeDriver.generateExecutor(EdgeDriver.java:71)
	at org.openqa.selenium.edge.EdgeDriver.<init>(EdgeDriver.java:60)
	at org.openqa.selenium.edge.EdgeDriver.<init>(EdgeDriver.java:56)
	at org.openqa.selenium.edge.EdgeDriver.<init>(EdgeDriver.java:48)
	at org.openqa.selenium.edge.EdgeDriver.<init>(EdgeDriver.java:44)
	at driver.DriverFactory.initializeBrowser(DriverFactory.java:31)
	at hooks.myHooks.setup(myHooks.java:24)
</textarea>
      
      </div>
              </div>
              <div class="step skip-bg" title="stepDefinition.Accounts.i_open_browser_and_enter_sales_ops_url()">
                <span>Given I open Browser and enter SalesOps Url</span>
      <div>Step skipped
      </div>
              </div>
              <div class="step skip-bg" title="stepDefinition.Users.i_click_on_user_tab()">
                <span>When I click on User Tab</span>
      <div>Step skipped
      </div>
              </div>
              <div class="step skip-bg" title="stepDefinition.Users.i_enter_in_phone_number_textbox(java.lang.String)">
                <span>When I enter "9978654344" in Phone Number Textbox</span>
      <div>Step skipped
      </div>
              </div>
              <div class="step skip-bg" title="stepDefinition.Users.users_record_should_diplay_with_phone_number(java.lang.String)">
                <span>Then Users Record should diplay with Phone Number "9978654344"</span>
      <div>Step skipped
      </div>
              </div>
              <div class="step fail-bg" title="AFTER">
                <span>hooks.myHooks.tearDown()</span>
      <div>
        <textarea disabled class="code-block">java.lang.NullPointerException: Cannot invoke "org.openqa.selenium.WebDriver.close()" because "hooks.myHooks.driver" is null
	at hooks.myHooks.tearDown(myHooks.java:32)
</textarea>
      
      </div>
              </div>
          </div>
        </div>
  </div>
  <div class="card">
    <div class="card-header" role="tab">
      <div class="card-title">
        <div class="node" id="119"><span class="badge log fail-bg mr-2">Fail</span>Verify that User able to search By Zip Code in Users Tab</div>
      </div>
    </div>
        <div class="">
          <div class="card-body">
              <div class="step fail-bg" title="BEFORE">
                <span>hooks.myHooks.setup()</span>
      <div>
        <textarea disabled class="code-block">org.openqa.selenium.remote.NoSuchDriverException: msedgedriver located at C:\Users\pjumde\Desktop\Cucumber\SalesOps\src\test\resources\msedgedriver.exe, but invalid
For documentation on this error, please visit: https://www.selenium.dev/documentation/webdriver/troubleshooting/errors/driver_location/
Build info: version: '4.11.0', revision: '040bc5406b'
System info: os.name: 'Windows 10', os.arch: 'amd64', os.version: '10.0', java.version: '18.0.2.1'
Driver info: driver.version: EdgeDriver
	at org.openqa.selenium.remote.service.DriverFinder.getPath(DriverFinder.java:45)
	at org.openqa.selenium.remote.service.DriverFinder.getPath(DriverFinder.java:13)
	at org.openqa.selenium.edge.EdgeDriver.generateExecutor(EdgeDriver.java:71)
	at org.openqa.selenium.edge.EdgeDriver.<init>(EdgeDriver.java:60)
	at org.openqa.selenium.edge.EdgeDriver.<init>(EdgeDriver.java:56)
	at org.openqa.selenium.edge.EdgeDriver.<init>(EdgeDriver.java:48)
	at org.openqa.selenium.edge.EdgeDriver.<init>(EdgeDriver.java:44)
	at driver.DriverFactory.initializeBrowser(DriverFactory.java:31)
	at hooks.myHooks.setup(myHooks.java:24)
</textarea>
      
      </div>
              </div>
              <div class="step skip-bg" title="stepDefinition.Accounts.i_open_browser_and_enter_sales_ops_url()">
                <span>Given I open Browser and enter SalesOps Url</span>
      <div>Step skipped
      </div>
              </div>
              <div class="step skip-bg" title="stepDefinition.Users.i_click_on_user_tab()">
                <span>When I click on User Tab</span>
      <div>Step skipped
      </div>
              </div>
              <div class="step skip-bg" title="stepDefinition.Users.i_enter_in_zip_code_textbox(java.lang.String)">
                <span>When I enter "88889" in Zip Code Textbox</span>
      <div>Step skipped
      </div>
              </div>
              <div class="step skip-bg" title="stepDefinition.Users.users_record_should_diplay_with_zip_code(java.lang.String)">
                <span>Then Users Record should diplay with Zip Code "88889"</span>
      <div>Step skipped
      </div>
              </div>
              <div class="step fail-bg" title="AFTER">
                <span>hooks.myHooks.tearDown()</span>
      <div>
        <textarea disabled class="code-block">java.lang.NullPointerException: Cannot invoke "org.openqa.selenium.WebDriver.close()" because "hooks.myHooks.driver" is null
	at hooks.myHooks.tearDown(myHooks.java:32)
</textarea>
      
      </div>
              </div>
          </div>
        </div>
  </div>
  <div class="card">
    <div class="card-header" role="tab">
      <div class="card-title">
        <div class="node" id="130"><span class="badge log fail-bg mr-2">Fail</span>Verify that we can Add New User in Sales Ops</div>
      </div>
    </div>
        <div class="">
          <div class="card-body">
              <div class="step fail-bg" title="BEFORE">
                <span>hooks.myHooks.setup()</span>
      <div>
        <textarea disabled class="code-block">org.openqa.selenium.remote.NoSuchDriverException: msedgedriver located at C:\Users\pjumde\Desktop\Cucumber\SalesOps\src\test\resources\msedgedriver.exe, but invalid
For documentation on this error, please visit: https://www.selenium.dev/documentation/webdriver/troubleshooting/errors/driver_location/
Build info: version: '4.11.0', revision: '040bc5406b'
System info: os.name: 'Windows 10', os.arch: 'amd64', os.version: '10.0', java.version: '18.0.2.1'
Driver info: driver.version: EdgeDriver
	at org.openqa.selenium.remote.service.DriverFinder.getPath(DriverFinder.java:45)
	at org.openqa.selenium.remote.service.DriverFinder.getPath(DriverFinder.java:13)
	at org.openqa.selenium.edge.EdgeDriver.generateExecutor(EdgeDriver.java:71)
	at org.openqa.selenium.edge.EdgeDriver.<init>(EdgeDriver.java:60)
	at org.openqa.selenium.edge.EdgeDriver.<init>(EdgeDriver.java:56)
	at org.openqa.selenium.edge.EdgeDriver.<init>(EdgeDriver.java:48)
	at org.openqa.selenium.edge.EdgeDriver.<init>(EdgeDriver.java:44)
	at driver.DriverFactory.initializeBrowser(DriverFactory.java:31)
	at hooks.myHooks.setup(myHooks.java:24)
</textarea>
      
      </div>
              </div>
              <div class="step skip-bg" title="stepDefinition.Accounts.i_open_browser_and_enter_sales_ops_url()">
                <span>Given I open Browser and enter SalesOps Url</span>
      <div>Step skipped
      </div>
              </div>
              <div class="step skip-bg" title="stepDefinition.Users.i_click_on_user_tab()">
                <span>When I click on User Tab</span>
      <div>Step skipped
      </div>
              </div>
              <div class="step skip-bg" title="stepDefinition.Users.i_click_on_add_new_user_button()">
                <span>When I click on Add New User button</span>
      <div>Step skipped
      </div>
              </div>
              <div class="step skip-bg" title="stepDefinition.Users.i_enter_email_as(java.lang.String)">
                <span>When I enter Email as "niraj.bhaske7@xpo.com"</span>
      <div>Step skipped
      </div>
              </div>
              <div class="step skip-bg" title="stepDefinition.Users.i_enter_first_name_as(java.lang.String)">
                <span>When I enter First Name as "Niraj"</span>
      <div>Step skipped
      </div>
              </div>
              <div class="step skip-bg" title="stepDefinition.Users.i_enter_last_name_as(java.lang.String)">
                <span>When I enter Last Name as "Baban"</span>
      <div>Step skipped
      </div>
              </div>
              <div class="step skip-bg" title="stepDefinition.Users.i_enter_company_name_as(java.lang.String)">
                <span>When I enter Company Name as "XPO"</span>
      <div>Step skipped
      </div>
              </div>
              <div class="step skip-bg" title="stepDefinition.Users.i_enter_street_as(java.lang.String)">
                <span>When I enter Street as "EON"</span>
      <div>Step skipped
      </div>
              </div>
              <div class="step skip-bg" title="stepDefinition.Users.i_select_country_as(java.lang.String)">
                <span>When I select Country as "United States"</span>
      <div>Step skipped
      </div>
              </div>
              <div class="step skip-bg" title="stepDefinition.Users.i_enter_city_name_as(java.lang.String)">
                <span>When I enter City Name as "Hayward"</span>
      <div>Step skipped
      </div>
              </div>
              <div class="step skip-bg" title="stepDefinition.Users.i_enter_state_as(java.lang.String)">
                <span>When I enter State as "Alaska"</span>
      <div>Step skipped
      </div>
              </div>
              <div class="step skip-bg" title="stepDefinition.Users.i_enter_postal_code_as(java.lang.String)">
                <span>When I enter Postal Code as "4532678"</span>
      <div>Step skipped
      </div>
              </div>
              <div class="step skip-bg" title="stepDefinition.Users.i_enter_phone_as(java.lang.String)">
                <span>When I enter Phone as "99786543234"</span>
      <div>Step skipped
      </div>
              </div>
              <div class="step skip-bg" title="stepDefinition.Users.i_click_on_submit_button()">
                <span>When I click on Submit button</span>
      <div>Step skipped
      </div>
              </div>
              <div class="step fail-bg" title="AFTER">
                <span>hooks.myHooks.tearDown()</span>
      <div>
        <textarea disabled class="code-block">java.lang.NullPointerException: Cannot invoke "org.openqa.selenium.WebDriver.close()" because "hooks.myHooks.driver" is null
	at hooks.myHooks.tearDown(myHooks.java:32)
</textarea>
      
      </div>
              </div>
          </div>
        </div>
  </div>
  <div class="card">
    <div class="card-header" role="tab">
      <div class="card-title">
        <div class="node" id="161"><span class="badge log fail-bg mr-2">Fail</span>Verify that we can Add New User in Sales Ops with Role as Shipping Only</div>
      </div>
    </div>
        <div class="">
          <div class="card-body">
              <div class="step fail-bg" title="BEFORE">
                <span>hooks.myHooks.setup()</span>
      <div>
        <textarea disabled class="code-block">org.openqa.selenium.remote.NoSuchDriverException: msedgedriver located at C:\Users\pjumde\Desktop\Cucumber\SalesOps\src\test\resources\msedgedriver.exe, but invalid
For documentation on this error, please visit: https://www.selenium.dev/documentation/webdriver/troubleshooting/errors/driver_location/
Build info: version: '4.11.0', revision: '040bc5406b'
System info: os.name: 'Windows 10', os.arch: 'amd64', os.version: '10.0', java.version: '18.0.2.1'
Driver info: driver.version: EdgeDriver
	at org.openqa.selenium.remote.service.DriverFinder.getPath(DriverFinder.java:45)
	at org.openqa.selenium.remote.service.DriverFinder.getPath(DriverFinder.java:13)
	at org.openqa.selenium.edge.EdgeDriver.generateExecutor(EdgeDriver.java:71)
	at org.openqa.selenium.edge.EdgeDriver.<init>(EdgeDriver.java:60)
	at org.openqa.selenium.edge.EdgeDriver.<init>(EdgeDriver.java:56)
	at org.openqa.selenium.edge.EdgeDriver.<init>(EdgeDriver.java:48)
	at org.openqa.selenium.edge.EdgeDriver.<init>(EdgeDriver.java:44)
	at driver.DriverFactory.initializeBrowser(DriverFactory.java:31)
	at hooks.myHooks.setup(myHooks.java:24)
</textarea>
      
      </div>
              </div>
              <div class="step skip-bg" title="stepDefinition.Accounts.i_open_browser_and_enter_sales_ops_url()">
                <span>Given I open Browser and enter SalesOps Url</span>
      <div>Step skipped
      </div>
              </div>
              <div class="step skip-bg" title="stepDefinition.Users.i_click_on_user_tab()">
                <span>When I click on User Tab</span>
      <div>Step skipped
      </div>
              </div>
              <div class="step skip-bg" title="stepDefinition.Users.i_click_on_add_new_user_button()">
                <span>When I click on Add New User button</span>
      <div>Step skipped
      </div>
              </div>
              <div class="step skip-bg" title="stepDefinition.Users.i_enter_email_as(java.lang.String)">
                <span>When I enter Email as "niraj.bhaske50@xpo.com"</span>
      <div>Step skipped
      </div>
              </div>
              <div class="step skip-bg" title="stepDefinition.Users.i_enter_first_name_as(java.lang.String)">
                <span>When I enter First Name as "Niraj"</span>
      <div>Step skipped
      </div>
              </div>
              <div class="step skip-bg" title="stepDefinition.Users.i_enter_last_name_as(java.lang.String)">
                <span>When I enter Last Name as "Baban"</span>
      <div>Step skipped
      </div>
              </div>
              <div class="step skip-bg" title="stepDefinition.Users.i_enter_company_name_as(java.lang.String)">
                <span>When I enter Company Name as "XPO"</span>
      <div>Step skipped
      </div>
              </div>
              <div class="step skip-bg" title="stepDefinition.Users.i_enter_street_as(java.lang.String)">
                <span>When I enter Street as "EON"</span>
      <div>Step skipped
      </div>
              </div>
              <div class="step skip-bg" title="stepDefinition.Users.i_select_country_as(java.lang.String)">
                <span>When I select Country as "United States"</span>
      <div>Step skipped
      </div>
              </div>
              <div class="step skip-bg" title="stepDefinition.Users.i_enter_city_name_as(java.lang.String)">
                <span>When I enter City Name as "Hayward"</span>
      <div>Step skipped
      </div>
              </div>
              <div class="step skip-bg" title="stepDefinition.Users.i_enter_state_as(java.lang.String)">
                <span>When I enter State as "Alaska"</span>
      <div>Step skipped
      </div>
              </div>
              <div class="step skip-bg" title="stepDefinition.Users.i_enter_postal_code_as(java.lang.String)">
                <span>When I enter Postal Code as "4532678"</span>
      <div>Step skipped
      </div>
              </div>
              <div class="step skip-bg" title="stepDefinition.Users.i_enter_phone_as(java.lang.String)">
                <span>When I enter Phone as "99786543234"</span>
      <div>Step skipped
      </div>
              </div>
              <div class="step skip-bg" title="stepDefinition.Users.i_select_role_as(java.lang.String)">
                <span>When I select Role as "Shipping Only"</span>
      <div>Step skipped
      </div>
              </div>
              <div class="step skip-bg" title="stepDefinition.UsersAccess.click_on_record_edit_button()">
                <span>When click on Record Edit button</span>
      <div>Step skipped
      </div>
              </div>
              <div class="step skip-bg" title="stepDefinition.Users.i_enter_in_company_name_testbox_for_adding_locations(java.lang.String)">
                <span>When I enter "test" in Company Name testbox for Adding Locations</span>
      <div>Step skipped
      </div>
              </div>
              <div class="step skip-bg" title="stepDefinition.Users.select_the_locations_to_add()">
                <span>When Select the Locations to Add</span>
      <div>Step skipped
      </div>
              </div>
              <div class="step skip-bg" title="stepDefinition.UsersAccess.add_the_locations()">
                <span>When Add the Locations</span>
      <div>Step skipped
      </div>
              </div>
              <div class="step skip-bg" title="stepDefinition.UsersAccess.check_locations_are_added()">
                <span>Then Check Locations are added</span>
      <div>Step skipped
      </div>
              </div>
              <div class="step skip-bg" title="stepDefinition.Users.i_click_on_submit_button()">
                <span>When I click on Submit button</span>
      <div>Step skipped
      </div>
              </div>
              <div class="step skip-bg" title="stepDefinition.Users.i_enter_in_users_textbox(java.lang.String)">
                <span>When I enter "niraj.bhaske50@xpo.com" in Users Textbox</span>
      <div>Step skipped
      </div>
              </div>
              <div class="step skip-bg" title="stepDefinition.Users.user_with_shipping_role_display()">
                <span>Then User with Shipping Role display</span>
      <div>Step skipped
      </div>
              </div>
              <div class="step fail-bg" title="AFTER">
                <span>hooks.myHooks.tearDown()</span>
      <div>
        <textarea disabled class="code-block">java.lang.NullPointerException: Cannot invoke "org.openqa.selenium.WebDriver.close()" because "hooks.myHooks.driver" is null
	at hooks.myHooks.tearDown(myHooks.java:32)
</textarea>
      
      </div>
              </div>
          </div>
        </div>
  </div>
  <div class="card">
    <div class="card-header" role="tab">
      <div class="card-title">
        <div class="node" id="208"><span class="badge log fail-bg mr-2">Fail</span>Verify that we can Add New User in Sales Ops with Role as Shipping And Financial Information</div>
      </div>
    </div>
        <div class="">
          <div class="card-body">
              <div class="step fail-bg" title="BEFORE">
                <span>hooks.myHooks.setup()</span>
      <div>
        <textarea disabled class="code-block">org.openqa.selenium.remote.NoSuchDriverException: msedgedriver located at C:\Users\pjumde\Desktop\Cucumber\SalesOps\src\test\resources\msedgedriver.exe, but invalid
For documentation on this error, please visit: https://www.selenium.dev/documentation/webdriver/troubleshooting/errors/driver_location/
Build info: version: '4.11.0', revision: '040bc5406b'
System info: os.name: 'Windows 10', os.arch: 'amd64', os.version: '10.0', java.version: '18.0.2.1'
Driver info: driver.version: EdgeDriver
	at org.openqa.selenium.remote.service.DriverFinder.getPath(DriverFinder.java:45)
	at org.openqa.selenium.remote.service.DriverFinder.getPath(DriverFinder.java:13)
	at org.openqa.selenium.edge.EdgeDriver.generateExecutor(EdgeDriver.java:71)
	at org.openqa.selenium.edge.EdgeDriver.<init>(EdgeDriver.java:60)
	at org.openqa.selenium.edge.EdgeDriver.<init>(EdgeDriver.java:56)
	at org.openqa.selenium.edge.EdgeDriver.<init>(EdgeDriver.java:48)
	at org.openqa.selenium.edge.EdgeDriver.<init>(EdgeDriver.java:44)
	at driver.DriverFactory.initializeBrowser(DriverFactory.java:31)
	at hooks.myHooks.setup(myHooks.java:24)
</textarea>
      
      </div>
              </div>
              <div class="step skip-bg" title="stepDefinition.Accounts.i_open_browser_and_enter_sales_ops_url()">
                <span>Given I open Browser and enter SalesOps Url</span>
      <div>Step skipped
      </div>
              </div>
              <div class="step skip-bg" title="stepDefinition.Users.i_click_on_user_tab()">
                <span>When I click on User Tab</span>
      <div>Step skipped
      </div>
              </div>
              <div class="step skip-bg" title="stepDefinition.Users.i_click_on_add_new_user_button()">
                <span>When I click on Add New User button</span>
      <div>Step skipped
      </div>
              </div>
              <div class="step skip-bg" title="stepDefinition.Users.i_enter_email_as(java.lang.String)">
                <span>When I enter Email as "kamal.bhasme15@xpo.com"</span>
      <div>Step skipped
      </div>
              </div>
              <div class="step skip-bg" title="stepDefinition.Users.i_enter_first_name_as(java.lang.String)">
                <span>When I enter First Name as "kamal"</span>
      <div>Step skipped
      </div>
              </div>
              <div class="step skip-bg" title="stepDefinition.Users.i_enter_last_name_as(java.lang.String)">
                <span>When I enter Last Name as "Baban"</span>
      <div>Step skipped
      </div>
              </div>
              <div class="step skip-bg" title="stepDefinition.Users.i_enter_company_name_as(java.lang.String)">
                <span>When I enter Company Name as "XPO"</span>
      <div>Step skipped
      </div>
              </div>
              <div class="step skip-bg" title="stepDefinition.Users.i_enter_street_as(java.lang.String)">
                <span>When I enter Street as "EON"</span>
      <div>Step skipped
      </div>
              </div>
              <div class="step skip-bg" title="stepDefinition.Users.i_select_country_as(java.lang.String)">
                <span>When I select Country as "United States"</span>
      <div>Step skipped
      </div>
              </div>
              <div class="step skip-bg" title="stepDefinition.Users.i_enter_city_name_as(java.lang.String)">
                <span>When I enter City Name as "Hayward"</span>
      <div>Step skipped
      </div>
              </div>
              <div class="step skip-bg" title="stepDefinition.Users.i_enter_state_as(java.lang.String)">
                <span>When I enter State as "Alaska"</span>
      <div>Step skipped
      </div>
              </div>
              <div class="step skip-bg" title="stepDefinition.Users.i_enter_postal_code_as(java.lang.String)">
                <span>When I enter Postal Code as "4532678"</span>
      <div>Step skipped
      </div>
              </div>
              <div class="step skip-bg" title="stepDefinition.Users.i_enter_phone_as(java.lang.String)">
                <span>When I enter Phone as "99786543235"</span>
      <div>Step skipped
      </div>
              </div>
              <div class="step skip-bg" title="stepDefinition.Users.i_select_role_as_shipping_and_financial_information()">
                <span>When I select Role as Shipping And Financial Information</span>
      <div>Step skipped
      </div>
              </div>
              <div class="step skip-bg" title="stepDefinition.UsersAccess.click_on_record_edit_button()">
                <span>When click on Record Edit button</span>
      <div>Step skipped
      </div>
              </div>
              <div class="step skip-bg" title="stepDefinition.Users.i_enter_in_company_name_testbox_for_adding_locations(java.lang.String)">
                <span>When I enter "test" in Company Name testbox for Adding Locations</span>
      <div>Step skipped
      </div>
              </div>
              <div class="step skip-bg" title="stepDefinition.Users.select_the_locations_to_add()">
                <span>When Select the Locations to Add</span>
      <div>Step skipped
      </div>
              </div>
              <div class="step skip-bg" title="stepDefinition.UsersAccess.add_the_locations()">
                <span>When Add the Locations</span>
      <div>Step skipped
      </div>
              </div>
              <div class="step skip-bg" title="stepDefinition.UsersAccess.check_locations_are_added()">
                <span>Then Check Locations are added</span>
      <div>Step skipped
      </div>
              </div>
              <div class="step skip-bg" title="stepDefinition.Users.i_click_on_submit_button()">
                <span>When I click on Submit button</span>
      <div>Step skipped
      </div>
              </div>
              <div class="step skip-bg" title="stepDefinition.Users.i_enter_in_users_textbox(java.lang.String)">
                <span>When I enter "kamal.bhasme15@xpo.com" in Users Textbox</span>
      <div>Step skipped
      </div>
              </div>
              <div class="step skip-bg" title="stepDefinition.Users.user_with_role_as_shipping_and_financial_information_display()">
                <span>Then User with Role as Shipping And Financial Information display</span>
      <div>Step skipped
      </div>
              </div>
              <div class="step fail-bg" title="AFTER">
                <span>hooks.myHooks.tearDown()</span>
      <div>
        <textarea disabled class="code-block">java.lang.NullPointerException: Cannot invoke "org.openqa.selenium.WebDriver.close()" because "hooks.myHooks.driver" is null
	at hooks.myHooks.tearDown(myHooks.java:32)
</textarea>
      
      </div>
              </div>
          </div>
        </div>
  </div>
  <div class="card">
    <div class="card-header" role="tab">
      <div class="card-title">
        <div class="node" id="255"><span class="badge log fail-bg mr-2">Fail</span>Verify that we can Add New User in Sales Ops with Role as Custom</div>
      </div>
    </div>
        <div class="">
          <div class="card-body">
              <div class="step fail-bg" title="BEFORE">
                <span>hooks.myHooks.setup()</span>
      <div>
        <textarea disabled class="code-block">org.openqa.selenium.remote.NoSuchDriverException: msedgedriver located at C:\Users\pjumde\Desktop\Cucumber\SalesOps\src\test\resources\msedgedriver.exe, but invalid
For documentation on this error, please visit: https://www.selenium.dev/documentation/webdriver/troubleshooting/errors/driver_location/
Build info: version: '4.11.0', revision: '040bc5406b'
System info: os.name: 'Windows 10', os.arch: 'amd64', os.version: '10.0', java.version: '18.0.2.1'
Driver info: driver.version: EdgeDriver
	at org.openqa.selenium.remote.service.DriverFinder.getPath(DriverFinder.java:45)
	at org.openqa.selenium.remote.service.DriverFinder.getPath(DriverFinder.java:13)
	at org.openqa.selenium.edge.EdgeDriver.generateExecutor(EdgeDriver.java:71)
	at org.openqa.selenium.edge.EdgeDriver.<init>(EdgeDriver.java:60)
	at org.openqa.selenium.edge.EdgeDriver.<init>(EdgeDriver.java:56)
	at org.openqa.selenium.edge.EdgeDriver.<init>(EdgeDriver.java:48)
	at org.openqa.selenium.edge.EdgeDriver.<init>(EdgeDriver.java:44)
	at driver.DriverFactory.initializeBrowser(DriverFactory.java:31)
	at hooks.myHooks.setup(myHooks.java:24)
</textarea>
      
      </div>
              </div>
              <div class="step skip-bg" title="stepDefinition.Accounts.i_open_browser_and_enter_sales_ops_url()">
                <span>Given I open Browser and enter SalesOps Url</span>
      <div>Step skipped
      </div>
              </div>
              <div class="step skip-bg" title="stepDefinition.Users.i_click_on_user_tab()">
                <span>When I click on User Tab</span>
      <div>Step skipped
      </div>
              </div>
              <div class="step skip-bg" title="stepDefinition.Users.i_click_on_add_new_user_button()">
                <span>When I click on Add New User button</span>
      <div>Step skipped
      </div>
              </div>
              <div class="step skip-bg" title="stepDefinition.Users.i_enter_email_as(java.lang.String)">
                <span>When I enter Email as "niraj.bhasme28@xpo.com"</span>
      <div>Step skipped
      </div>
              </div>
              <div class="step skip-bg" title="stepDefinition.Users.i_enter_first_name_as(java.lang.String)">
                <span>When I enter First Name as "Niraj"</span>
      <div>Step skipped
      </div>
              </div>
              <div class="step skip-bg" title="stepDefinition.Users.i_enter_last_name_as(java.lang.String)">
                <span>When I enter Last Name as "Baban"</span>
      <div>Step skipped
      </div>
              </div>
              <div class="step skip-bg" title="stepDefinition.Users.i_enter_company_name_as(java.lang.String)">
                <span>When I enter Company Name as "XPO"</span>
      <div>Step skipped
      </div>
              </div>
              <div class="step skip-bg" title="stepDefinition.Users.i_enter_street_as(java.lang.String)">
                <span>When I enter Street as "EON"</span>
      <div>Step skipped
      </div>
              </div>
              <div class="step skip-bg" title="stepDefinition.Users.i_select_country_as(java.lang.String)">
                <span>When I select Country as "United States"</span>
      <div>Step skipped
      </div>
              </div>
              <div class="step skip-bg" title="stepDefinition.Users.i_enter_city_name_as(java.lang.String)">
                <span>When I enter City Name as "Hayward"</span>
      <div>Step skipped
      </div>
              </div>
              <div class="step skip-bg" title="stepDefinition.Users.i_enter_state_as(java.lang.String)">
                <span>When I enter State as "Alaska"</span>
      <div>Step skipped
      </div>
              </div>
              <div class="step skip-bg" title="stepDefinition.Users.i_enter_postal_code_as(java.lang.String)">
                <span>When I enter Postal Code as "4532678"</span>
      <div>Step skipped
      </div>
              </div>
              <div class="step skip-bg" title="stepDefinition.Users.i_enter_phone_as(java.lang.String)">
                <span>When I enter Phone as "99786543236"</span>
      <div>Step skipped
      </div>
              </div>
              <div class="step skip-bg" title="stepDefinition.Users.i_select_role_as_custom()">
                <span>When I select Role as Custom</span>
      <div>Step skipped
      </div>
              </div>
              <div class="step skip-bg" title="stepDefinition.UsersAccess.click_on_record_edit_button()">
                <span>When click on Record Edit button</span>
      <div>Step skipped
      </div>
              </div>
              <div class="step skip-bg" title="stepDefinition.Users.i_enter_in_company_name_testbox_for_adding_locations(java.lang.String)">
                <span>When I enter "test" in Company Name testbox for Adding Locations</span>
      <div>Step skipped
      </div>
              </div>
              <div class="step skip-bg" title="stepDefinition.Users.select_the_locations_to_add()">
                <span>When Select the Locations to Add</span>
      <div>Step skipped
      </div>
              </div>
              <div class="step skip-bg" title="stepDefinition.UsersAccess.add_the_locations()">
                <span>When Add the Locations</span>
      <div>Step skipped
      </div>
              </div>
              <div class="step skip-bg" title="stepDefinition.UsersAccess.check_locations_are_added()">
                <span>Then Check Locations are added</span>
      <div>Step skipped
      </div>
              </div>
              <div class="step skip-bg" title="stepDefinition.Users.i_click_on_submit_button()">
                <span>When I click on Submit button</span>
      <div>Step skipped
      </div>
              </div>
              <div class="step skip-bg" title="stepDefinition.Users.i_enter_in_users_textbox(java.lang.String)">
                <span>When I enter "niraj.bhasme28@xpo.com" in Users Textbox</span>
      <div>Step skipped
      </div>
              </div>
              <div class="step skip-bg" title="stepDefinition.Users.user_with_role_as_custome_display()">
                <span>Then User with Role as Custome display</span>
      <div>Step skipped
      </div>
              </div>
              <div class="step fail-bg" title="AFTER">
                <span>hooks.myHooks.tearDown()</span>
      <div>
        <textarea disabled class="code-block">java.lang.NullPointerException: Cannot invoke "org.openqa.selenium.WebDriver.close()" because "hooks.myHooks.driver" is null
	at hooks.myHooks.tearDown(myHooks.java:32)
</textarea>
      
      </div>
              </div>
          </div>
        </div>
  </div>
  <div class="card">
    <div class="card-header" role="tab">
      <div class="card-title">
        <div class="node" id="302"><span class="badge log fail-bg mr-2">Fail</span>Verify that we can Add New User in Sales Ops with Role as Full Access (Admin)</div>
      </div>
    </div>
        <div class="">
          <div class="card-body">
              <div class="step fail-bg" title="BEFORE">
                <span>hooks.myHooks.setup()</span>
      <div>
        <textarea disabled class="code-block">org.openqa.selenium.remote.NoSuchDriverException: msedgedriver located at C:\Users\pjumde\Desktop\Cucumber\SalesOps\src\test\resources\msedgedriver.exe, but invalid
For documentation on this error, please visit: https://www.selenium.dev/documentation/webdriver/troubleshooting/errors/driver_location/
Build info: version: '4.11.0', revision: '040bc5406b'
System info: os.name: 'Windows 10', os.arch: 'amd64', os.version: '10.0', java.version: '18.0.2.1'
Driver info: driver.version: EdgeDriver
	at org.openqa.selenium.remote.service.DriverFinder.getPath(DriverFinder.java:45)
	at org.openqa.selenium.remote.service.DriverFinder.getPath(DriverFinder.java:13)
	at org.openqa.selenium.edge.EdgeDriver.generateExecutor(EdgeDriver.java:71)
	at org.openqa.selenium.edge.EdgeDriver.<init>(EdgeDriver.java:60)
	at org.openqa.selenium.edge.EdgeDriver.<init>(EdgeDriver.java:56)
	at org.openqa.selenium.edge.EdgeDriver.<init>(EdgeDriver.java:48)
	at org.openqa.selenium.edge.EdgeDriver.<init>(EdgeDriver.java:44)
	at driver.DriverFactory.initializeBrowser(DriverFactory.java:31)
	at hooks.myHooks.setup(myHooks.java:24)
</textarea>
      
      </div>
              </div>
              <div class="step skip-bg" title="stepDefinition.Accounts.i_open_browser_and_enter_sales_ops_url()">
                <span>Given I open Browser and enter SalesOps Url</span>
      <div>Step skipped
      </div>
              </div>
              <div class="step skip-bg" title="stepDefinition.Users.i_click_on_user_tab()">
                <span>When I click on User Tab</span>
      <div>Step skipped
      </div>
              </div>
              <div class="step skip-bg" title="stepDefinition.Users.i_click_on_add_new_user_button()">
                <span>When I click on Add New User button</span>
      <div>Step skipped
      </div>
              </div>
              <div class="step skip-bg" title="stepDefinition.Users.i_enter_email_as(java.lang.String)">
                <span>When I enter Email as "manish.bhasme15@xpo.com"</span>
      <div>Step skipped
      </div>
              </div>
              <div class="step skip-bg" title="stepDefinition.Users.i_enter_first_name_as(java.lang.String)">
                <span>When I enter First Name as "Manish"</span>
      <div>Step skipped
      </div>
              </div>
              <div class="step skip-bg" title="stepDefinition.Users.i_enter_last_name_as(java.lang.String)">
                <span>When I enter Last Name as "bhasme"</span>
      <div>Step skipped
      </div>
              </div>
              <div class="step skip-bg" title="stepDefinition.Users.i_enter_company_name_as(java.lang.String)">
                <span>When I enter Company Name as "XPO"</span>
      <div>Step skipped
      </div>
              </div>
              <div class="step skip-bg" title="stepDefinition.Users.i_enter_street_as(java.lang.String)">
                <span>When I enter Street as "EON"</span>
      <div>Step skipped
      </div>
              </div>
              <div class="step skip-bg" title="stepDefinition.Users.i_select_country_as(java.lang.String)">
                <span>When I select Country as "United States"</span>
      <div>Step skipped
      </div>
              </div>
              <div class="step skip-bg" title="stepDefinition.Users.i_enter_city_name_as(java.lang.String)">
                <span>When I enter City Name as "Hayward"</span>
      <div>Step skipped
      </div>
              </div>
              <div class="step skip-bg" title="stepDefinition.Users.i_enter_state_as(java.lang.String)">
                <span>When I enter State as "Alaska"</span>
      <div>Step skipped
      </div>
              </div>
              <div class="step skip-bg" title="stepDefinition.Users.i_enter_postal_code_as(java.lang.String)">
                <span>When I enter Postal Code as "4532678"</span>
      <div>Step skipped
      </div>
              </div>
              <div class="step skip-bg" title="stepDefinition.Users.i_enter_phone_as(java.lang.String)">
                <span>When I enter Phone as "99786543237"</span>
      <div>Step skipped
      </div>
              </div>
              <div class="step skip-bg" title="stepDefinition.Users.i_select_role_as_full_access_admin_display()">
                <span>When I select Role as Full Access (Admin) display</span>
      <div>Step skipped
      </div>
              </div>
              <div class="step skip-bg" title="stepDefinition.UsersAccess.click_on_record_edit_button()">
                <span>When click on Record Edit button</span>
      <div>Step skipped
      </div>
              </div>
              <div class="step skip-bg" title="stepDefinition.Users.i_enter_in_company_name_testbox_for_adding_locations(java.lang.String)">
                <span>When I enter "test" in Company Name testbox for Adding Locations</span>
      <div>Step skipped
      </div>
              </div>
              <div class="step skip-bg" title="stepDefinition.Users.select_the_locations_to_add()">
                <span>When Select the Locations to Add</span>
      <div>Step skipped
      </div>
              </div>
              <div class="step skip-bg" title="stepDefinition.UsersAccess.add_the_locations()">
                <span>When Add the Locations</span>
      <div>Step skipped
      </div>
              </div>
              <div class="step skip-bg" title="stepDefinition.UsersAccess.check_locations_are_added()">
                <span>Then Check Locations are added</span>
      <div>Step skipped
      </div>
              </div>
              <div class="step skip-bg" title="stepDefinition.Users.i_click_on_submit_button()">
                <span>When I click on Submit button</span>
      <div>Step skipped
      </div>
              </div>
              <div class="step skip-bg" title="stepDefinition.Users.i_enter_in_users_textbox(java.lang.String)">
                <span>When I enter "manish.bhasme15@xpo.com" in Users Textbox</span>
      <div>Step skipped
      </div>
              </div>
              <div class="step skip-bg" title="stepDefinition.Users.user_with_role_as_full_access_admin_display()">
                <span>Then User with Role as Full Access (Admin) display</span>
      <div>Step skipped
      </div>
              </div>
              <div class="step fail-bg" title="AFTER">
                <span>hooks.myHooks.tearDown()</span>
      <div>
        <textarea disabled class="code-block">java.lang.NullPointerException: Cannot invoke "org.openqa.selenium.WebDriver.close()" because "hooks.myHooks.driver" is null
	at hooks.myHooks.tearDown(myHooks.java:32)
</textarea>
      
      </div>
              </div>
          </div>
        </div>
  </div>
  <div class="card">
    <div class="card-header" role="tab">
      <div class="card-title">
        <div class="node" id="349"><span class="badge log fail-bg mr-2">Fail</span>Verify that We can Download Users Mapping Data in Excel Sheet</div>
      </div>
    </div>
        <div class="">
          <div class="card-body">
              <div class="step fail-bg" title="BEFORE">
                <span>hooks.myHooks.setup()</span>
      <div>
        <textarea disabled class="code-block">org.openqa.selenium.remote.NoSuchDriverException: msedgedriver located at C:\Users\pjumde\Desktop\Cucumber\SalesOps\src\test\resources\msedgedriver.exe, but invalid
For documentation on this error, please visit: https://www.selenium.dev/documentation/webdriver/troubleshooting/errors/driver_location/
Build info: version: '4.11.0', revision: '040bc5406b'
System info: os.name: 'Windows 10', os.arch: 'amd64', os.version: '10.0', java.version: '18.0.2.1'
Driver info: driver.version: EdgeDriver
	at org.openqa.selenium.remote.service.DriverFinder.getPath(DriverFinder.java:45)
	at org.openqa.selenium.remote.service.DriverFinder.getPath(DriverFinder.java:13)
	at org.openqa.selenium.edge.EdgeDriver.generateExecutor(EdgeDriver.java:71)
	at org.openqa.selenium.edge.EdgeDriver.<init>(EdgeDriver.java:60)
	at org.openqa.selenium.edge.EdgeDriver.<init>(EdgeDriver.java:56)
	at org.openqa.selenium.edge.EdgeDriver.<init>(EdgeDriver.java:48)
	at org.openqa.selenium.edge.EdgeDriver.<init>(EdgeDriver.java:44)
	at driver.DriverFactory.initializeBrowser(DriverFactory.java:31)
	at hooks.myHooks.setup(myHooks.java:24)
</textarea>
      
      </div>
              </div>
              <div class="step skip-bg" title="stepDefinition.Accounts.i_open_browser_and_enter_sales_ops_url()">
                <span>Given I open Browser and enter SalesOps Url</span>
      <div>Step skipped
      </div>
              </div>
              <div class="step skip-bg" title="stepDefinition.Users.i_click_on_user_tab()">
                <span>When I click on User Tab</span>
      <div>Step skipped
      </div>
              </div>
              <div class="step skip-bg" title="stepDefinition.Users.i_enter_in_users_textbox(java.lang.String)">
                <span>When I enter "naksh" in Users Textbox</span>
      <div>Step skipped
      </div>
              </div>
              <div class="step skip-bg" title="stepDefinition.Users.click_on_download_button()">
                <span>When click on Download button</span>
      <div>Step skipped
      </div>
              </div>
              <div class="step skip-bg" title="stepDefinition.Users.excel_with_users_mapping_data_downloaded()">
                <span>Then Excel with Users Mapping Data Downloaded</span>
      <div>Step skipped
      </div>
              </div>
              <div class="step fail-bg" title="AFTER">
                <span>hooks.myHooks.tearDown()</span>
      <div>
        <textarea disabled class="code-block">java.lang.NullPointerException: Cannot invoke "org.openqa.selenium.WebDriver.close()" because "hooks.myHooks.driver" is null
	at hooks.myHooks.tearDown(myHooks.java:32)
</textarea>
      
      </div>
              </div>
          </div>
        </div>
  </div>
  <div class="card">
    <div class="card-header" role="tab">
      <div class="card-title">
        <div class="node" id="362"><span class="badge log fail-bg mr-2">Fail</span>Verify that while adding New User, Invalid Email Id should not accept</div>
      </div>
    </div>
        <div class="">
          <div class="card-body">
              <div class="step fail-bg" title="BEFORE">
                <span>hooks.myHooks.setup()</span>
      <div>
        <textarea disabled class="code-block">org.openqa.selenium.remote.NoSuchDriverException: msedgedriver located at C:\Users\pjumde\Desktop\Cucumber\SalesOps\src\test\resources\msedgedriver.exe, but invalid
For documentation on this error, please visit: https://www.selenium.dev/documentation/webdriver/troubleshooting/errors/driver_location/
Build info: version: '4.11.0', revision: '040bc5406b'
System info: os.name: 'Windows 10', os.arch: 'amd64', os.version: '10.0', java.version: '18.0.2.1'
Driver info: driver.version: EdgeDriver
	at org.openqa.selenium.remote.service.DriverFinder.getPath(DriverFinder.java:45)
	at org.openqa.selenium.remote.service.DriverFinder.getPath(DriverFinder.java:13)
	at org.openqa.selenium.edge.EdgeDriver.generateExecutor(EdgeDriver.java:71)
	at org.openqa.selenium.edge.EdgeDriver.<init>(EdgeDriver.java:60)
	at org.openqa.selenium.edge.EdgeDriver.<init>(EdgeDriver.java:56)
	at org.openqa.selenium.edge.EdgeDriver.<init>(EdgeDriver.java:48)
	at org.openqa.selenium.edge.EdgeDriver.<init>(EdgeDriver.java:44)
	at driver.DriverFactory.initializeBrowser(DriverFactory.java:31)
	at hooks.myHooks.setup(myHooks.java:24)
</textarea>
      
      </div>
              </div>
              <div class="step skip-bg" title="stepDefinition.Accounts.i_open_browser_and_enter_sales_ops_url()">
                <span>Given I open Browser and enter SalesOps Url</span>
      <div>Step skipped
      </div>
              </div>
              <div class="step skip-bg" title="stepDefinition.Users.i_click_on_user_tab()">
                <span>When I click on User Tab</span>
      <div>Step skipped
      </div>
              </div>
              <div class="step skip-bg" title="stepDefinition.Users.i_click_on_add_new_user_button()">
                <span>When I click on Add New User button</span>
      <div>Step skipped
      </div>
              </div>
              <div class="step skip-bg" title="stepDefinition.Users.i_enter_email_as(java.lang.String)">
                <span>When I enter Email as "675$%^@&*()"</span>
      <div>Step skipped
      </div>
              </div>
              <div class="step skip-bg" title="stepDefinition.Users.i_enter_first_name_as(java.lang.String)">
                <span>When I enter First Name as "Niraj"</span>
      <div>Step skipped
      </div>
              </div>
              <div class="step skip-bg" title="stepDefinition.Users.i_enter_last_name_as(java.lang.String)">
                <span>When I enter Last Name as "Baban"</span>
      <div>Step skipped
      </div>
              </div>
              <div class="step skip-bg" title="stepDefinition.Users.i_enter_company_name_as(java.lang.String)">
                <span>When I enter Company Name as "XPO"</span>
      <div>Step skipped
      </div>
              </div>
              <div class="step skip-bg" title="stepDefinition.Users.i_enter_street_as(java.lang.String)">
                <span>When I enter Street as "EON"</span>
      <div>Step skipped
      </div>
              </div>
              <div class="step skip-bg" title="stepDefinition.Users.i_select_country_as(java.lang.String)">
                <span>When I select Country as "United States"</span>
      <div>Step skipped
      </div>
              </div>
              <div class="step skip-bg" title="stepDefinition.Users.i_enter_city_name_as(java.lang.String)">
                <span>When I enter City Name as "Hayward"</span>
      <div>Step skipped
      </div>
              </div>
              <div class="step skip-bg" title="stepDefinition.Users.i_enter_state_as(java.lang.String)">
                <span>When I enter State as "Alaska"</span>
      <div>Step skipped
      </div>
              </div>
              <div class="step skip-bg" title="stepDefinition.Users.i_enter_postal_code_as(java.lang.String)">
                <span>When I enter Postal Code as "4532678"</span>
      <div>Step skipped
      </div>
              </div>
              <div class="step skip-bg" title="stepDefinition.Users.i_enter_phone_as(java.lang.String)">
                <span>When I enter Phone as "99786543234"</span>
      <div>Step skipped
      </div>
              </div>
              <div class="step skip-bg" title="stepDefinition.Users.i_click_on_submit_button()">
                <span>When I click on Submit button</span>
      <div>Step skipped
      </div>
              </div>
              <div class="step skip-bg" title="stepDefinition.Users.we_get_error_message()">
                <span>Then We get Error Message</span>
      <div>Step skipped
      </div>
              </div>
              <div class="step fail-bg" title="AFTER">
                <span>hooks.myHooks.tearDown()</span>
      <div>
        <textarea disabled class="code-block">java.lang.NullPointerException: Cannot invoke "org.openqa.selenium.WebDriver.close()" because "hooks.myHooks.driver" is null
	at hooks.myHooks.tearDown(myHooks.java:32)
</textarea>
      
      </div>
              </div>
          </div>
        </div>
  </div>
  <div class="card">
    <div class="card-header" role="tab">
      <div class="card-title">
        <div class="node" id="395"><span class="badge log fail-bg mr-2">Fail</span>Verify that while adding New User, Duplicate Email Id should not accept</div>
      </div>
    </div>
        <div class="">
          <div class="card-body">
              <div class="step fail-bg" title="BEFORE">
                <span>hooks.myHooks.setup()</span>
      <div>
        <textarea disabled class="code-block">org.openqa.selenium.remote.NoSuchDriverException: msedgedriver located at C:\Users\pjumde\Desktop\Cucumber\SalesOps\src\test\resources\msedgedriver.exe, but invalid
For documentation on this error, please visit: https://www.selenium.dev/documentation/webdriver/troubleshooting/errors/driver_location/
Build info: version: '4.11.0', revision: '040bc5406b'
System info: os.name: 'Windows 10', os.arch: 'amd64', os.version: '10.0', java.version: '18.0.2.1'
Driver info: driver.version: EdgeDriver
	at org.openqa.selenium.remote.service.DriverFinder.getPath(DriverFinder.java:45)
	at org.openqa.selenium.remote.service.DriverFinder.getPath(DriverFinder.java:13)
	at org.openqa.selenium.edge.EdgeDriver.generateExecutor(EdgeDriver.java:71)
	at org.openqa.selenium.edge.EdgeDriver.<init>(EdgeDriver.java:60)
	at org.openqa.selenium.edge.EdgeDriver.<init>(EdgeDriver.java:56)
	at org.openqa.selenium.edge.EdgeDriver.<init>(EdgeDriver.java:48)
	at org.openqa.selenium.edge.EdgeDriver.<init>(EdgeDriver.java:44)
	at driver.DriverFactory.initializeBrowser(DriverFactory.java:31)
	at hooks.myHooks.setup(myHooks.java:24)
</textarea>
      
      </div>
              </div>
              <div class="step skip-bg" title="stepDefinition.Accounts.i_open_browser_and_enter_sales_ops_url()">
                <span>Given I open Browser and enter SalesOps Url</span>
      <div>Step skipped
      </div>
              </div>
              <div class="step skip-bg" title="stepDefinition.Users.i_click_on_user_tab()">
                <span>When I click on User Tab</span>
      <div>Step skipped
      </div>
              </div>
              <div class="step skip-bg" title="stepDefinition.Users.i_click_on_add_new_user_button()">
                <span>When I click on Add New User button</span>
      <div>Step skipped
      </div>
              </div>
              <div class="step skip-bg" title="stepDefinition.Users.i_enter_email_as(java.lang.String)">
                <span>When I enter Email as "nikhil.kamat@xpo.com"</span>
      <div>Step skipped
      </div>
              </div>
              <div class="step skip-bg" title="stepDefinition.Users.i_enter_first_name_as(java.lang.String)">
                <span>When I enter First Name as "Niraj"</span>
      <div>Step skipped
      </div>
              </div>
              <div class="step skip-bg" title="stepDefinition.Users.i_enter_last_name_as(java.lang.String)">
                <span>When I enter Last Name as "Baban"</span>
      <div>Step skipped
      </div>
              </div>
              <div class="step skip-bg" title="stepDefinition.Users.we_get_error_message_as(java.lang.String)">
                <span>Then We get Error Message as "Email is already in use"</span>
      <div>Step skipped
      </div>
              </div>
              <div class="step fail-bg" title="AFTER">
                <span>hooks.myHooks.tearDown()</span>
      <div>
        <textarea disabled class="code-block">java.lang.NullPointerException: Cannot invoke "org.openqa.selenium.WebDriver.close()" because "hooks.myHooks.driver" is null
	at hooks.myHooks.tearDown(myHooks.java:32)
</textarea>
      
      </div>
              </div>
          </div>
        </div>
  </div>
  <div class="card">
    <div class="card-header" role="tab">
      <div class="card-title">
        <div class="node" id="412"><span class="badge log fail-bg mr-2">Fail</span>Verify that we can Edit Existing Users Email Id</div>
      </div>
    </div>
        <div class="">
          <div class="card-body">
              <div class="step fail-bg" title="BEFORE">
                <span>hooks.myHooks.setup()</span>
      <div>
        <textarea disabled class="code-block">org.openqa.selenium.remote.NoSuchDriverException: msedgedriver located at C:\Users\pjumde\Desktop\Cucumber\SalesOps\src\test\resources\msedgedriver.exe, but invalid
For documentation on this error, please visit: https://www.selenium.dev/documentation/webdriver/troubleshooting/errors/driver_location/
Build info: version: '4.11.0', revision: '040bc5406b'
System info: os.name: 'Windows 10', os.arch: 'amd64', os.version: '10.0', java.version: '18.0.2.1'
Driver info: driver.version: EdgeDriver
	at org.openqa.selenium.remote.service.DriverFinder.getPath(DriverFinder.java:45)
	at org.openqa.selenium.remote.service.DriverFinder.getPath(DriverFinder.java:13)
	at org.openqa.selenium.edge.EdgeDriver.generateExecutor(EdgeDriver.java:71)
	at org.openqa.selenium.edge.EdgeDriver.<init>(EdgeDriver.java:60)
	at org.openqa.selenium.edge.EdgeDriver.<init>(EdgeDriver.java:56)
	at org.openqa.selenium.edge.EdgeDriver.<init>(EdgeDriver.java:48)
	at org.openqa.selenium.edge.EdgeDriver.<init>(EdgeDriver.java:44)
	at driver.DriverFactory.initializeBrowser(DriverFactory.java:31)
	at hooks.myHooks.setup(myHooks.java:24)
</textarea>
      
      </div>
              </div>
              <div class="step skip-bg" title="stepDefinition.Accounts.i_open_browser_and_enter_sales_ops_url()">
                <span>Given I open Browser and enter SalesOps Url</span>
      <div>Step skipped
      </div>
              </div>
              <div class="step skip-bg" title="stepDefinition.Users.i_click_on_user_tab()">
                <span>When I click on User Tab</span>
      <div>Step skipped
      </div>
              </div>
              <div class="step skip-bg" title="stepDefinition.Users.i_enter_in_users_textbox(java.lang.String)">
                <span>When I enter "naksh" in Users Textbox</span>
      <div>Step skipped
      </div>
              </div>
              <div class="step skip-bg" title="stepDefinition.Users.click_on_searched_record()">
                <span>When click on Searched Record</span>
      <div>Step skipped
      </div>
              </div>
              <div class="step skip-bg" title="stepDefinition.Users.click_on_edit_button()">
                <span>When Click on Edit button</span>
      <div>Step skipped
      </div>
              </div>
              <div class="step skip-bg" title="stepDefinition.Users.edit_email_id_as(java.lang.String)">
                <span>When Edit Email Id as "naksh1.nkhade@xpo.com"</span>
      <div>Step skipped
      </div>
              </div>
              <div class="step skip-bg" title="stepDefinition.Users.click_on_submit_button()">
                <span>When click on Submit button</span>
      <div>Step skipped
      </div>
              </div>
              <div class="step skip-bg" title="stepDefinition.Users.email_id_is_updated_as(java.lang.String)">
                <span>Then Email Id is updated as "naksh1.nkhade@xpo.com"</span>
      <div>Step skipped
      </div>
              </div>
              <div class="step fail-bg" title="AFTER">
                <span>hooks.myHooks.tearDown()</span>
      <div>
        <textarea disabled class="code-block">java.lang.NullPointerException: Cannot invoke "org.openqa.selenium.WebDriver.close()" because "hooks.myHooks.driver" is null
	at hooks.myHooks.tearDown(myHooks.java:32)
</textarea>
      
      </div>
              </div>
          </div>
        </div>
  </div>
  <div class="card">
    <div class="card-header" role="tab">
      <div class="card-title">
        <div class="node" id="431"><span class="badge log fail-bg mr-2">Fail</span>Verify that we can Edit Existing Users First Name</div>
      </div>
    </div>
        <div class="">
          <div class="card-body">
              <div class="step fail-bg" title="BEFORE">
                <span>hooks.myHooks.setup()</span>
      <div>
        <textarea disabled class="code-block">org.openqa.selenium.remote.NoSuchDriverException: msedgedriver located at C:\Users\pjumde\Desktop\Cucumber\SalesOps\src\test\resources\msedgedriver.exe, but invalid
For documentation on this error, please visit: https://www.selenium.dev/documentation/webdriver/troubleshooting/errors/driver_location/
Build info: version: '4.11.0', revision: '040bc5406b'
System info: os.name: 'Windows 10', os.arch: 'amd64', os.version: '10.0', java.version: '18.0.2.1'
Driver info: driver.version: EdgeDriver
	at org.openqa.selenium.remote.service.DriverFinder.getPath(DriverFinder.java:45)
	at org.openqa.selenium.remote.service.DriverFinder.getPath(DriverFinder.java:13)
	at org.openqa.selenium.edge.EdgeDriver.generateExecutor(EdgeDriver.java:71)
	at org.openqa.selenium.edge.EdgeDriver.<init>(EdgeDriver.java:60)
	at org.openqa.selenium.edge.EdgeDriver.<init>(EdgeDriver.java:56)
	at org.openqa.selenium.edge.EdgeDriver.<init>(EdgeDriver.java:48)
	at org.openqa.selenium.edge.EdgeDriver.<init>(EdgeDriver.java:44)
	at driver.DriverFactory.initializeBrowser(DriverFactory.java:31)
	at hooks.myHooks.setup(myHooks.java:24)
</textarea>
      
      </div>
              </div>
              <div class="step skip-bg" title="stepDefinition.Accounts.i_open_browser_and_enter_sales_ops_url()">
                <span>Given I open Browser and enter SalesOps Url</span>
      <div>Step skipped
      </div>
              </div>
              <div class="step skip-bg" title="stepDefinition.Users.i_click_on_user_tab()">
                <span>When I click on User Tab</span>
      <div>Step skipped
      </div>
              </div>
              <div class="step skip-bg" title="stepDefinition.Users.i_enter_in_users_textbox(java.lang.String)">
                <span>When I enter "naksh" in Users Textbox</span>
      <div>Step skipped
      </div>
              </div>
              <div class="step skip-bg" title="stepDefinition.Users.click_on_searched_record()">
                <span>When click on Searched Record</span>
      <div>Step skipped
      </div>
              </div>
              <div class="step skip-bg" title="stepDefinition.Users.click_on_edit_button()">
                <span>When Click on Edit button</span>
      <div>Step skipped
      </div>
              </div>
              <div class="step skip-bg" title="stepDefinition.Users.edit_first_name_as(java.lang.String)">
                <span>When Edit First Name as "naksh"</span>
      <div>Step skipped
      </div>
              </div>
              <div class="step skip-bg" title="stepDefinition.Users.click_on_submit_button()">
                <span>When click on Submit button</span>
      <div>Step skipped
      </div>
              </div>
              <div class="step skip-bg" title="stepDefinition.Users.first_name_is_updated_as(java.lang.String)">
                <span>Then First Name is updated as "naksh"</span>
      <div>Step skipped
      </div>
              </div>
              <div class="step fail-bg" title="AFTER">
                <span>hooks.myHooks.tearDown()</span>
      <div>
        <textarea disabled class="code-block">java.lang.NullPointerException: Cannot invoke "org.openqa.selenium.WebDriver.close()" because "hooks.myHooks.driver" is null
	at hooks.myHooks.tearDown(myHooks.java:32)
</textarea>
      
      </div>
              </div>
          </div>
        </div>
  </div>
  <div class="card">
    <div class="card-header" role="tab">
      <div class="card-title">
        <div class="node" id="450"><span class="badge log fail-bg mr-2">Fail</span>Verify that we can Edit Existing Users Last Name</div>
      </div>
    </div>
        <div class="">
          <div class="card-body">
              <div class="step fail-bg" title="BEFORE">
                <span>hooks.myHooks.setup()</span>
      <div>
        <textarea disabled class="code-block">org.openqa.selenium.remote.NoSuchDriverException: msedgedriver located at C:\Users\pjumde\Desktop\Cucumber\SalesOps\src\test\resources\msedgedriver.exe, but invalid
For documentation on this error, please visit: https://www.selenium.dev/documentation/webdriver/troubleshooting/errors/driver_location/
Build info: version: '4.11.0', revision: '040bc5406b'
System info: os.name: 'Windows 10', os.arch: 'amd64', os.version: '10.0', java.version: '18.0.2.1'
Driver info: driver.version: EdgeDriver
	at org.openqa.selenium.remote.service.DriverFinder.getPath(DriverFinder.java:45)
	at org.openqa.selenium.remote.service.DriverFinder.getPath(DriverFinder.java:13)
	at org.openqa.selenium.edge.EdgeDriver.generateExecutor(EdgeDriver.java:71)
	at org.openqa.selenium.edge.EdgeDriver.<init>(EdgeDriver.java:60)
	at org.openqa.selenium.edge.EdgeDriver.<init>(EdgeDriver.java:56)
	at org.openqa.selenium.edge.EdgeDriver.<init>(EdgeDriver.java:48)
	at org.openqa.selenium.edge.EdgeDriver.<init>(EdgeDriver.java:44)
	at driver.DriverFactory.initializeBrowser(DriverFactory.java:31)
	at hooks.myHooks.setup(myHooks.java:24)
</textarea>
      
      </div>
              </div>
              <div class="step skip-bg" title="stepDefinition.Accounts.i_open_browser_and_enter_sales_ops_url()">
                <span>Given I open Browser and enter SalesOps Url</span>
      <div>Step skipped
      </div>
              </div>
              <div class="step skip-bg" title="stepDefinition.Users.i_click_on_user_tab()">
                <span>When I click on User Tab</span>
      <div>Step skipped
      </div>
              </div>
              <div class="step skip-bg" title="stepDefinition.Users.i_enter_in_users_textbox(java.lang.String)">
                <span>When I enter "naksh" in Users Textbox</span>
      <div>Step skipped
      </div>
              </div>
              <div class="step skip-bg" title="stepDefinition.Users.click_on_searched_record()">
                <span>When click on Searched Record</span>
      <div>Step skipped
      </div>
              </div>
              <div class="step skip-bg" title="stepDefinition.Users.click_on_edit_button()">
                <span>When Click on Edit button</span>
      <div>Step skipped
      </div>
              </div>
              <div class="step skip-bg" title="stepDefinition.Users.edit_last_name_as(java.lang.String)">
                <span>When Edit Last Name as "Nikhade"</span>
      <div>Step skipped
      </div>
              </div>
              <div class="step skip-bg" title="stepDefinition.Users.click_on_submit_button()">
                <span>When click on Submit button</span>
      <div>Step skipped
      </div>
              </div>
              <div class="step skip-bg" title="stepDefinition.Users.last_name_is_updated_as(java.lang.String)">
                <span>Then Last Name is updated as "Nikhade"</span>
      <div>Step skipped
      </div>
              </div>
              <div class="step fail-bg" title="AFTER">
                <span>hooks.myHooks.tearDown()</span>
      <div>
        <textarea disabled class="code-block">java.lang.NullPointerException: Cannot invoke "org.openqa.selenium.WebDriver.close()" because "hooks.myHooks.driver" is null
	at hooks.myHooks.tearDown(myHooks.java:32)
</textarea>
      
      </div>
              </div>
          </div>
        </div>
  </div>
  <div class="card">
    <div class="card-header" role="tab">
      <div class="card-title">
        <div class="node" id="469"><span class="badge log fail-bg mr-2">Fail</span>Verify that we can Edit Existing Users Company Name</div>
      </div>
    </div>
        <div class="">
          <div class="card-body">
              <div class="step fail-bg" title="BEFORE">
                <span>hooks.myHooks.setup()</span>
      <div>
        <textarea disabled class="code-block">org.openqa.selenium.remote.NoSuchDriverException: msedgedriver located at C:\Users\pjumde\Desktop\Cucumber\SalesOps\src\test\resources\msedgedriver.exe, but invalid
For documentation on this error, please visit: https://www.selenium.dev/documentation/webdriver/troubleshooting/errors/driver_location/
Build info: version: '4.11.0', revision: '040bc5406b'
System info: os.name: 'Windows 10', os.arch: 'amd64', os.version: '10.0', java.version: '18.0.2.1'
Driver info: driver.version: EdgeDriver
	at org.openqa.selenium.remote.service.DriverFinder.getPath(DriverFinder.java:45)
	at org.openqa.selenium.remote.service.DriverFinder.getPath(DriverFinder.java:13)
	at org.openqa.selenium.edge.EdgeDriver.generateExecutor(EdgeDriver.java:71)
	at org.openqa.selenium.edge.EdgeDriver.<init>(EdgeDriver.java:60)
	at org.openqa.selenium.edge.EdgeDriver.<init>(EdgeDriver.java:56)
	at org.openqa.selenium.edge.EdgeDriver.<init>(EdgeDriver.java:48)
	at org.openqa.selenium.edge.EdgeDriver.<init>(EdgeDriver.java:44)
	at driver.DriverFactory.initializeBrowser(DriverFactory.java:31)
	at hooks.myHooks.setup(myHooks.java:24)
</textarea>
      
      </div>
              </div>
              <div class="step skip-bg" title="stepDefinition.Accounts.i_open_browser_and_enter_sales_ops_url()">
                <span>Given I open Browser and enter SalesOps Url</span>
      <div>Step skipped
      </div>
              </div>
              <div class="step skip-bg" title="stepDefinition.Users.i_click_on_user_tab()">
                <span>When I click on User Tab</span>
      <div>Step skipped
      </div>
              </div>
              <div class="step skip-bg" title="stepDefinition.Users.i_enter_in_users_textbox(java.lang.String)">
                <span>When I enter "naksh" in Users Textbox</span>
      <div>Step skipped
      </div>
              </div>
              <div class="step skip-bg" title="stepDefinition.Users.click_on_searched_record()">
                <span>When click on Searched Record</span>
      <div>Step skipped
      </div>
              </div>
              <div class="step skip-bg" title="stepDefinition.Users.click_on_edit_button()">
                <span>When Click on Edit button</span>
      <div>Step skipped
      </div>
              </div>
              <div class="step skip-bg" title="stepDefinition.Users.edit_company_name_as(java.lang.String)">
                <span>When Edit Company Name as "XPO"</span>
      <div>Step skipped
      </div>
              </div>
              <div class="step skip-bg" title="stepDefinition.Users.click_on_submit_button()">
                <span>When click on Submit button</span>
      <div>Step skipped
      </div>
              </div>
              <div class="step skip-bg" title="stepDefinition.Users.company_name_is_updated_as(java.lang.String)">
                <span>Then Company Name is updated as "XPO"</span>
      <div>Step skipped
      </div>
              </div>
              <div class="step fail-bg" title="AFTER">
                <span>hooks.myHooks.tearDown()</span>
      <div>
        <textarea disabled class="code-block">java.lang.NullPointerException: Cannot invoke "org.openqa.selenium.WebDriver.close()" because "hooks.myHooks.driver" is null
	at hooks.myHooks.tearDown(myHooks.java:32)
</textarea>
      
      </div>
              </div>
          </div>
        </div>
  </div>
  <div class="card">
    <div class="card-header" role="tab">
      <div class="card-title">
        <div class="node" id="488"><span class="badge log fail-bg mr-2">Fail</span>Verify that we can Edit Existing User Street Name</div>
      </div>
    </div>
        <div class="">
          <div class="card-body">
              <div class="step fail-bg" title="BEFORE">
                <span>hooks.myHooks.setup()</span>
      <div>
        <textarea disabled class="code-block">org.openqa.selenium.remote.NoSuchDriverException: msedgedriver located at C:\Users\pjumde\Desktop\Cucumber\SalesOps\src\test\resources\msedgedriver.exe, but invalid
For documentation on this error, please visit: https://www.selenium.dev/documentation/webdriver/troubleshooting/errors/driver_location/
Build info: version: '4.11.0', revision: '040bc5406b'
System info: os.name: 'Windows 10', os.arch: 'amd64', os.version: '10.0', java.version: '18.0.2.1'
Driver info: driver.version: EdgeDriver
	at org.openqa.selenium.remote.service.DriverFinder.getPath(DriverFinder.java:45)
	at org.openqa.selenium.remote.service.DriverFinder.getPath(DriverFinder.java:13)
	at org.openqa.selenium.edge.EdgeDriver.generateExecutor(EdgeDriver.java:71)
	at org.openqa.selenium.edge.EdgeDriver.<init>(EdgeDriver.java:60)
	at org.openqa.selenium.edge.EdgeDriver.<init>(EdgeDriver.java:56)
	at org.openqa.selenium.edge.EdgeDriver.<init>(EdgeDriver.java:48)
	at org.openqa.selenium.edge.EdgeDriver.<init>(EdgeDriver.java:44)
	at driver.DriverFactory.initializeBrowser(DriverFactory.java:31)
	at hooks.myHooks.setup(myHooks.java:24)
</textarea>
      
      </div>
              </div>
              <div class="step skip-bg" title="stepDefinition.Accounts.i_open_browser_and_enter_sales_ops_url()">
                <span>Given I open Browser and enter SalesOps Url</span>
      <div>Step skipped
      </div>
              </div>
              <div class="step skip-bg" title="stepDefinition.Users.i_click_on_user_tab()">
                <span>When I click on User Tab</span>
      <div>Step skipped
      </div>
              </div>
              <div class="step skip-bg" title="stepDefinition.Users.i_enter_in_users_textbox(java.lang.String)">
                <span>When I enter "naksh" in Users Textbox</span>
      <div>Step skipped
      </div>
              </div>
              <div class="step skip-bg" title="stepDefinition.Users.click_on_searched_record()">
                <span>When click on Searched Record</span>
      <div>Step skipped
      </div>
              </div>
              <div class="step skip-bg" title="stepDefinition.Users.click_on_edit_button()">
                <span>When Click on Edit button</span>
      <div>Step skipped
      </div>
              </div>
              <div class="step skip-bg" title="stepDefinition.Users.edit_street_name_as(java.lang.String)">
                <span>When Edit Street Name as "EON"</span>
      <div>Step skipped
      </div>
              </div>
              <div class="step skip-bg" title="stepDefinition.Users.click_on_submit_button()">
                <span>When click on Submit button</span>
      <div>Step skipped
      </div>
              </div>
              <div class="step skip-bg" title="stepDefinition.Users.street_name_is_updated_as(java.lang.String)">
                <span>Then Street Name is updated as "EON"</span>
      <div>Step skipped
      </div>
              </div>
              <div class="step fail-bg" title="AFTER">
                <span>hooks.myHooks.tearDown()</span>
      <div>
        <textarea disabled class="code-block">java.lang.NullPointerException: Cannot invoke "org.openqa.selenium.WebDriver.close()" because "hooks.myHooks.driver" is null
	at hooks.myHooks.tearDown(myHooks.java:32)
</textarea>
      
      </div>
              </div>
          </div>
        </div>
  </div>
  <div class="card">
    <div class="card-header" role="tab">
      <div class="card-title">
        <div class="node" id="507"><span class="badge log fail-bg mr-2">Fail</span>Verify that we can Edit Existing User City Name</div>
      </div>
    </div>
        <div class="">
          <div class="card-body">
              <div class="step fail-bg" title="BEFORE">
                <span>hooks.myHooks.setup()</span>
      <div>
        <textarea disabled class="code-block">org.openqa.selenium.remote.NoSuchDriverException: msedgedriver located at C:\Users\pjumde\Desktop\Cucumber\SalesOps\src\test\resources\msedgedriver.exe, but invalid
For documentation on this error, please visit: https://www.selenium.dev/documentation/webdriver/troubleshooting/errors/driver_location/
Build info: version: '4.11.0', revision: '040bc5406b'
System info: os.name: 'Windows 10', os.arch: 'amd64', os.version: '10.0', java.version: '18.0.2.1'
Driver info: driver.version: EdgeDriver
	at org.openqa.selenium.remote.service.DriverFinder.getPath(DriverFinder.java:45)
	at org.openqa.selenium.remote.service.DriverFinder.getPath(DriverFinder.java:13)
	at org.openqa.selenium.edge.EdgeDriver.generateExecutor(EdgeDriver.java:71)
	at org.openqa.selenium.edge.EdgeDriver.<init>(EdgeDriver.java:60)
	at org.openqa.selenium.edge.EdgeDriver.<init>(EdgeDriver.java:56)
	at org.openqa.selenium.edge.EdgeDriver.<init>(EdgeDriver.java:48)
	at org.openqa.selenium.edge.EdgeDriver.<init>(EdgeDriver.java:44)
	at driver.DriverFactory.initializeBrowser(DriverFactory.java:31)
	at hooks.myHooks.setup(myHooks.java:24)
</textarea>
      
      </div>
              </div>
              <div class="step skip-bg" title="stepDefinition.Accounts.i_open_browser_and_enter_sales_ops_url()">
                <span>Given I open Browser and enter SalesOps Url</span>
      <div>Step skipped
      </div>
              </div>
              <div class="step skip-bg" title="stepDefinition.Users.i_click_on_user_tab()">
                <span>When I click on User Tab</span>
      <div>Step skipped
      </div>
              </div>
              <div class="step skip-bg" title="stepDefinition.Users.i_enter_in_users_textbox(java.lang.String)">
                <span>When I enter "naksh" in Users Textbox</span>
      <div>Step skipped
      </div>
              </div>
              <div class="step skip-bg" title="stepDefinition.Users.click_on_searched_record()">
                <span>When click on Searched Record</span>
      <div>Step skipped
      </div>
              </div>
              <div class="step skip-bg" title="stepDefinition.Users.click_on_edit_button()">
                <span>When Click on Edit button</span>
      <div>Step skipped
      </div>
              </div>
              <div class="step skip-bg" title="stepDefinition.Users.edit_city_name_as(java.lang.String)">
                <span>When Edit City Name as "Eolia"</span>
      <div>Step skipped
      </div>
              </div>
              <div class="step skip-bg" title="stepDefinition.Users.click_on_submit_button()">
                <span>When click on Submit button</span>
      <div>Step skipped
      </div>
              </div>
              <div class="step skip-bg" title="stepDefinition.Users.city_name_is_updated_as(java.lang.String)">
                <span>Then City Name is updated as "Eolia"</span>
      <div>Step skipped
      </div>
              </div>
              <div class="step fail-bg" title="AFTER">
                <span>hooks.myHooks.tearDown()</span>
      <div>
        <textarea disabled class="code-block">java.lang.NullPointerException: Cannot invoke "org.openqa.selenium.WebDriver.close()" because "hooks.myHooks.driver" is null
	at hooks.myHooks.tearDown(myHooks.java:32)
</textarea>
      
      </div>
              </div>
          </div>
        </div>
  </div>
  <div class="card">
    <div class="card-header" role="tab">
      <div class="card-title">
        <div class="node" id="526"><span class="badge log fail-bg mr-2">Fail</span>Verify that we can Edit Existing User Country Name</div>
      </div>
    </div>
        <div class="">
          <div class="card-body">
              <div class="step fail-bg" title="BEFORE">
                <span>hooks.myHooks.setup()</span>
      <div>
        <textarea disabled class="code-block">org.openqa.selenium.remote.NoSuchDriverException: msedgedriver located at C:\Users\pjumde\Desktop\Cucumber\SalesOps\src\test\resources\msedgedriver.exe, but invalid
For documentation on this error, please visit: https://www.selenium.dev/documentation/webdriver/troubleshooting/errors/driver_location/
Build info: version: '4.11.0', revision: '040bc5406b'
System info: os.name: 'Windows 10', os.arch: 'amd64', os.version: '10.0', java.version: '18.0.2.1'
Driver info: driver.version: EdgeDriver
	at org.openqa.selenium.remote.service.DriverFinder.getPath(DriverFinder.java:45)
	at org.openqa.selenium.remote.service.DriverFinder.getPath(DriverFinder.java:13)
	at org.openqa.selenium.edge.EdgeDriver.generateExecutor(EdgeDriver.java:71)
	at org.openqa.selenium.edge.EdgeDriver.<init>(EdgeDriver.java:60)
	at org.openqa.selenium.edge.EdgeDriver.<init>(EdgeDriver.java:56)
	at org.openqa.selenium.edge.EdgeDriver.<init>(EdgeDriver.java:48)
	at org.openqa.selenium.edge.EdgeDriver.<init>(EdgeDriver.java:44)
	at driver.DriverFactory.initializeBrowser(DriverFactory.java:31)
	at hooks.myHooks.setup(myHooks.java:24)
</textarea>
      
      </div>
              </div>
              <div class="step skip-bg" title="stepDefinition.Accounts.i_open_browser_and_enter_sales_ops_url()">
                <span>Given I open Browser and enter SalesOps Url</span>
      <div>Step skipped
      </div>
              </div>
              <div class="step skip-bg" title="stepDefinition.Users.i_click_on_user_tab()">
                <span>When I click on User Tab</span>
      <div>Step skipped
      </div>
              </div>
              <div class="step skip-bg" title="stepDefinition.Users.i_enter_in_users_textbox(java.lang.String)">
                <span>When I enter "naksh" in Users Textbox</span>
      <div>Step skipped
      </div>
              </div>
              <div class="step skip-bg" title="stepDefinition.Users.click_on_searched_record()">
                <span>When click on Searched Record</span>
      <div>Step skipped
      </div>
              </div>
              <div class="step skip-bg" title="stepDefinition.Users.click_on_edit_button()">
                <span>When Click on Edit button</span>
      <div>Step skipped
      </div>
              </div>
              <div class="step skip-bg" title="stepDefinition.Users.edit_country_name_as(java.lang.String)">
                <span>When Edit Country Name as "United States"</span>
      <div>Step skipped
      </div>
              </div>
              <div class="step skip-bg" title="stepDefinition.Users.click_on_submit_button()">
                <span>When click on Submit button</span>
      <div>Step skipped
      </div>
              </div>
              <div class="step skip-bg" title="stepDefinition.Users.country_name_is_updated_as(java.lang.String)">
                <span>Then Country Name is updated as "US"</span>
      <div>Step skipped
      </div>
              </div>
              <div class="step fail-bg" title="AFTER">
                <span>hooks.myHooks.tearDown()</span>
      <div>
        <textarea disabled class="code-block">java.lang.NullPointerException: Cannot invoke "org.openqa.selenium.WebDriver.close()" because "hooks.myHooks.driver" is null
	at hooks.myHooks.tearDown(myHooks.java:32)
</textarea>
      
      </div>
              </div>
          </div>
        </div>
  </div>
  <div class="card">
    <div class="card-header" role="tab">
      <div class="card-title">
        <div class="node" id="545"><span class="badge log fail-bg mr-2">Fail</span>Verify that we can Edit Existing User State</div>
      </div>
    </div>
        <div class="">
          <div class="card-body">
              <div class="step fail-bg" title="BEFORE">
                <span>hooks.myHooks.setup()</span>
      <div>
        <textarea disabled class="code-block">org.openqa.selenium.remote.NoSuchDriverException: msedgedriver located at C:\Users\pjumde\Desktop\Cucumber\SalesOps\src\test\resources\msedgedriver.exe, but invalid
For documentation on this error, please visit: https://www.selenium.dev/documentation/webdriver/troubleshooting/errors/driver_location/
Build info: version: '4.11.0', revision: '040bc5406b'
System info: os.name: 'Windows 10', os.arch: 'amd64', os.version: '10.0', java.version: '18.0.2.1'
Driver info: driver.version: EdgeDriver
	at org.openqa.selenium.remote.service.DriverFinder.getPath(DriverFinder.java:45)
	at org.openqa.selenium.remote.service.DriverFinder.getPath(DriverFinder.java:13)
	at org.openqa.selenium.edge.EdgeDriver.generateExecutor(EdgeDriver.java:71)
	at org.openqa.selenium.edge.EdgeDriver.<init>(EdgeDriver.java:60)
	at org.openqa.selenium.edge.EdgeDriver.<init>(EdgeDriver.java:56)
	at org.openqa.selenium.edge.EdgeDriver.<init>(EdgeDriver.java:48)
	at org.openqa.selenium.edge.EdgeDriver.<init>(EdgeDriver.java:44)
	at driver.DriverFactory.initializeBrowser(DriverFactory.java:31)
	at hooks.myHooks.setup(myHooks.java:24)
</textarea>
      
      </div>
              </div>
              <div class="step skip-bg" title="stepDefinition.Accounts.i_open_browser_and_enter_sales_ops_url()">
                <span>Given I open Browser and enter SalesOps Url</span>
      <div>Step skipped
      </div>
              </div>
              <div class="step skip-bg" title="stepDefinition.Users.i_click_on_user_tab()">
                <span>When I click on User Tab</span>
      <div>Step skipped
      </div>
              </div>
              <div class="step skip-bg" title="stepDefinition.Users.i_enter_in_users_textbox(java.lang.String)">
                <span>When I enter "naksh" in Users Textbox</span>
      <div>Step skipped
      </div>
              </div>
              <div class="step skip-bg" title="stepDefinition.Users.click_on_searched_record()">
                <span>When click on Searched Record</span>
      <div>Step skipped
      </div>
              </div>
              <div class="step skip-bg" title="stepDefinition.Users.click_on_edit_button()">
                <span>When Click on Edit button</span>
      <div>Step skipped
      </div>
              </div>
              <div class="step skip-bg" title="stepDefinition.Users.edit_state_name_as(java.lang.String)">
                <span>When Edit State Name as "Alaksa"</span>
      <div>Step skipped
      </div>
              </div>
              <div class="step skip-bg" title="stepDefinition.Users.click_on_submit_button()">
                <span>When click on Submit button</span>
      <div>Step skipped
      </div>
              </div>
              <div class="step skip-bg" title="stepDefinition.Users.state_name_is_updated_as(java.lang.String)">
                <span>Then State Name is updated as "AK"</span>
      <div>Step skipped
      </div>
              </div>
              <div class="step fail-bg" title="AFTER">
                <span>hooks.myHooks.tearDown()</span>
      <div>
        <textarea disabled class="code-block">java.lang.NullPointerException: Cannot invoke "org.openqa.selenium.WebDriver.close()" because "hooks.myHooks.driver" is null
	at hooks.myHooks.tearDown(myHooks.java:32)
</textarea>
      
      </div>
              </div>
          </div>
        </div>
  </div>
  <div class="card">
    <div class="card-header" role="tab">
      <div class="card-title">
        <div class="node" id="564"><span class="badge log fail-bg mr-2">Fail</span>Verify that we can Edit Existing User Postal Code</div>
      </div>
    </div>
        <div class="">
          <div class="card-body">
              <div class="step fail-bg" title="BEFORE">
                <span>hooks.myHooks.setup()</span>
      <div>
        <textarea disabled class="code-block">org.openqa.selenium.remote.NoSuchDriverException: msedgedriver located at C:\Users\pjumde\Desktop\Cucumber\SalesOps\src\test\resources\msedgedriver.exe, but invalid
For documentation on this error, please visit: https://www.selenium.dev/documentation/webdriver/troubleshooting/errors/driver_location/
Build info: version: '4.11.0', revision: '040bc5406b'
System info: os.name: 'Windows 10', os.arch: 'amd64', os.version: '10.0', java.version: '18.0.2.1'
Driver info: driver.version: EdgeDriver
	at org.openqa.selenium.remote.service.DriverFinder.getPath(DriverFinder.java:45)
	at org.openqa.selenium.remote.service.DriverFinder.getPath(DriverFinder.java:13)
	at org.openqa.selenium.edge.EdgeDriver.generateExecutor(EdgeDriver.java:71)
	at org.openqa.selenium.edge.EdgeDriver.<init>(EdgeDriver.java:60)
	at org.openqa.selenium.edge.EdgeDriver.<init>(EdgeDriver.java:56)
	at org.openqa.selenium.edge.EdgeDriver.<init>(EdgeDriver.java:48)
	at org.openqa.selenium.edge.EdgeDriver.<init>(EdgeDriver.java:44)
	at driver.DriverFactory.initializeBrowser(DriverFactory.java:31)
	at hooks.myHooks.setup(myHooks.java:24)
</textarea>
      
      </div>
              </div>
              <div class="step skip-bg" title="stepDefinition.Accounts.i_open_browser_and_enter_sales_ops_url()">
                <span>Given I open Browser and enter SalesOps Url</span>
      <div>Step skipped
      </div>
              </div>
              <div class="step skip-bg" title="stepDefinition.Users.i_click_on_user_tab()">
                <span>When I click on User Tab</span>
      <div>Step skipped
      </div>
              </div>
              <div class="step skip-bg" title="stepDefinition.Users.i_enter_in_users_textbox(java.lang.String)">
                <span>When I enter "naksh" in Users Textbox</span>
      <div>Step skipped
      </div>
              </div>
              <div class="step skip-bg" title="stepDefinition.Users.click_on_searched_record()">
                <span>When click on Searched Record</span>
      <div>Step skipped
      </div>
              </div>
              <div class="step skip-bg" title="stepDefinition.Users.click_on_edit_button()">
                <span>When Click on Edit button</span>
      <div>Step skipped
      </div>
              </div>
              <div class="step skip-bg" title="stepDefinition.Users.edit_postal_code_as(java.lang.String)">
                <span>When Edit Postal Code as "88889"</span>
      <div>Step skipped
      </div>
              </div>
              <div class="step skip-bg" title="stepDefinition.Users.click_on_submit_button()">
                <span>When click on Submit button</span>
      <div>Step skipped
      </div>
              </div>
              <div class="step skip-bg" title="stepDefinition.Users.postal_code_is_updated_as(java.lang.String)">
                <span>Then Postal Code is updated as "88889"</span>
      <div>Step skipped
      </div>
              </div>
              <div class="step fail-bg" title="AFTER">
                <span>hooks.myHooks.tearDown()</span>
      <div>
        <textarea disabled class="code-block">java.lang.NullPointerException: Cannot invoke "org.openqa.selenium.WebDriver.close()" because "hooks.myHooks.driver" is null
	at hooks.myHooks.tearDown(myHooks.java:32)
</textarea>
      
      </div>
              </div>
          </div>
        </div>
  </div>
  <div class="card">
    <div class="card-header" role="tab">
      <div class="card-title">
        <div class="node" id="583"><span class="badge log fail-bg mr-2">Fail</span>Verify that we can Edit Existing User Phone Number</div>
      </div>
    </div>
        <div class="">
          <div class="card-body">
              <div class="step fail-bg" title="BEFORE">
                <span>hooks.myHooks.setup()</span>
      <div>
        <textarea disabled class="code-block">org.openqa.selenium.remote.NoSuchDriverException: msedgedriver located at C:\Users\pjumde\Desktop\Cucumber\SalesOps\src\test\resources\msedgedriver.exe, but invalid
For documentation on this error, please visit: https://www.selenium.dev/documentation/webdriver/troubleshooting/errors/driver_location/
Build info: version: '4.11.0', revision: '040bc5406b'
System info: os.name: 'Windows 10', os.arch: 'amd64', os.version: '10.0', java.version: '18.0.2.1'
Driver info: driver.version: EdgeDriver
	at org.openqa.selenium.remote.service.DriverFinder.getPath(DriverFinder.java:45)
	at org.openqa.selenium.remote.service.DriverFinder.getPath(DriverFinder.java:13)
	at org.openqa.selenium.edge.EdgeDriver.generateExecutor(EdgeDriver.java:71)
	at org.openqa.selenium.edge.EdgeDriver.<init>(EdgeDriver.java:60)
	at org.openqa.selenium.edge.EdgeDriver.<init>(EdgeDriver.java:56)
	at org.openqa.selenium.edge.EdgeDriver.<init>(EdgeDriver.java:48)
	at org.openqa.selenium.edge.EdgeDriver.<init>(EdgeDriver.java:44)
	at driver.DriverFactory.initializeBrowser(DriverFactory.java:31)
	at hooks.myHooks.setup(myHooks.java:24)
</textarea>
      
      </div>
              </div>
              <div class="step skip-bg" title="stepDefinition.Accounts.i_open_browser_and_enter_sales_ops_url()">
                <span>Given I open Browser and enter SalesOps Url</span>
      <div>Step skipped
      </div>
              </div>
              <div class="step skip-bg" title="stepDefinition.Users.i_click_on_user_tab()">
                <span>When I click on User Tab</span>
      <div>Step skipped
      </div>
              </div>
              <div class="step skip-bg" title="stepDefinition.Users.i_enter_in_users_textbox(java.lang.String)">
                <span>When I enter "naksh" in Users Textbox</span>
      <div>Step skipped
      </div>
              </div>
              <div class="step skip-bg" title="stepDefinition.Users.click_on_searched_record()">
                <span>When click on Searched Record</span>
      <div>Step skipped
      </div>
              </div>
              <div class="step skip-bg" title="stepDefinition.Users.click_on_edit_button()">
                <span>When Click on Edit button</span>
      <div>Step skipped
      </div>
              </div>
              <div class="step skip-bg" title="stepDefinition.Users.edit_phone_number_as(java.lang.String)">
                <span>When Edit Phone Number as "99786543444"</span>
      <div>Step skipped
      </div>
              </div>
              <div class="step skip-bg" title="stepDefinition.Users.click_on_submit_button()">
                <span>When click on Submit button</span>
      <div>Step skipped
      </div>
              </div>
              <div class="step skip-bg" title="stepDefinition.Users.phone_number_is_updated_as(java.lang.String)">
                <span>Then Phone Number is updated as "99786543444"</span>
      <div>Step skipped
      </div>
              </div>
              <div class="step fail-bg" title="AFTER">
                <span>hooks.myHooks.tearDown()</span>
      <div>
        <textarea disabled class="code-block">java.lang.NullPointerException: Cannot invoke "org.openqa.selenium.WebDriver.close()" because "hooks.myHooks.driver" is null
	at hooks.myHooks.tearDown(myHooks.java:32)
</textarea>
      
      </div>
              </div>
          </div>
        </div>
  </div>
  <div class="card">
    <div class="card-header" role="tab">
      <div class="card-title">
        <div class="node" id="602"><span class="badge log fail-bg mr-2">Fail</span>Verify that User can Activate New Account in Sales Ops</div>
      </div>
    </div>
        <div class="">
          <div class="card-body">
              <div class="step fail-bg" title="BEFORE">
                <span>hooks.myHooks.setup()</span>
      <div>
        <textarea disabled class="code-block">org.openqa.selenium.remote.NoSuchDriverException: msedgedriver located at C:\Users\pjumde\Desktop\Cucumber\SalesOps\src\test\resources\msedgedriver.exe, but invalid
For documentation on this error, please visit: https://www.selenium.dev/documentation/webdriver/troubleshooting/errors/driver_location/
Build info: version: '4.11.0', revision: '040bc5406b'
System info: os.name: 'Windows 10', os.arch: 'amd64', os.version: '10.0', java.version: '18.0.2.1'
Driver info: driver.version: EdgeDriver
	at org.openqa.selenium.remote.service.DriverFinder.getPath(DriverFinder.java:45)
	at org.openqa.selenium.remote.service.DriverFinder.getPath(DriverFinder.java:13)
	at org.openqa.selenium.edge.EdgeDriver.generateExecutor(EdgeDriver.java:71)
	at org.openqa.selenium.edge.EdgeDriver.<init>(EdgeDriver.java:60)
	at org.openqa.selenium.edge.EdgeDriver.<init>(EdgeDriver.java:56)
	at org.openqa.selenium.edge.EdgeDriver.<init>(EdgeDriver.java:48)
	at org.openqa.selenium.edge.EdgeDriver.<init>(EdgeDriver.java:44)
	at driver.DriverFactory.initializeBrowser(DriverFactory.java:31)
	at hooks.myHooks.setup(myHooks.java:24)
</textarea>
      
      </div>
              </div>
              <div class="step skip-bg" title="stepDefinition.Accounts.i_open_browser_and_enter_sales_ops_url()">
                <span>Given I open Browser and enter SalesOps Url</span>
      <div>Step skipped
      </div>
              </div>
              <div class="step skip-bg" title="stepDefinition.Users.i_click_on_user_tab()">
                <span>When I click on User Tab</span>
      <div>Step skipped
      </div>
              </div>
              <div class="step skip-bg" title="stepDefinition.Users.i_click_on_add_new_user_button()">
                <span>When I click on Add New User button</span>
      <div>Step skipped
      </div>
              </div>
              <div class="step skip-bg" title="stepDefinition.Users.i_enter_email_as(java.lang.String)">
                <span>When I enter Email as "marutiy.umesh3@xpo.com"</span>
      <div>Step skipped
      </div>
              </div>
              <div class="step skip-bg" title="stepDefinition.Users.i_enter_first_name_as(java.lang.String)">
                <span>When I enter First Name as "marutie"</span>
      <div>Step skipped
      </div>
              </div>
              <div class="step skip-bg" title="stepDefinition.Users.i_enter_last_name_as(java.lang.String)">
                <span>When I enter Last Name as "Babanw"</span>
      <div>Step skipped
      </div>
              </div>
              <div class="step skip-bg" title="stepDefinition.Users.i_enter_company_name_as(java.lang.String)">
                <span>When I enter Company Name as "XPO"</span>
      <div>Step skipped
      </div>
              </div>
              <div class="step skip-bg" title="stepDefinition.Users.i_enter_street_as(java.lang.String)">
                <span>When I enter Street as "EON"</span>
      <div>Step skipped
      </div>
              </div>
              <div class="step skip-bg" title="stepDefinition.Users.i_select_country_as(java.lang.String)">
                <span>When I select Country as "United States"</span>
      <div>Step skipped
      </div>
              </div>
              <div class="step skip-bg" title="stepDefinition.Users.i_enter_city_name_as(java.lang.String)">
                <span>When I enter City Name as "Hayward"</span>
      <div>Step skipped
      </div>
              </div>
              <div class="step skip-bg" title="stepDefinition.Users.i_enter_state_as(java.lang.String)">
                <span>When I enter State as "Alaska"</span>
      <div>Step skipped
      </div>
              </div>
              <div class="step skip-bg" title="stepDefinition.Users.i_enter_postal_code_as(java.lang.String)">
                <span>When I enter Postal Code as "4532678"</span>
      <div>Step skipped
      </div>
              </div>
              <div class="step skip-bg" title="stepDefinition.Users.i_enter_phone_as(java.lang.String)">
                <span>When I enter Phone as "99786540934"</span>
      <div>Step skipped
      </div>
              </div>
              <div class="step skip-bg" title="stepDefinition.Users.i_click_on_submit_button()">
                <span>When I click on Submit button</span>
      <div>Step skipped
      </div>
              </div>
              <div class="step skip-bg" title="stepDefinition.Users.i_enter_in_users_textbox(java.lang.String)">
                <span>When I enter "marutiy" in Users Textbox</span>
      <div>Step skipped
      </div>
              </div>
              <div class="step skip-bg" title="stepDefinition.Users.click_on_searched_record()">
                <span>When click on Searched Record</span>
      <div>Step skipped
      </div>
              </div>
              <div class="step skip-bg" title="stepDefinition.Users.click_on_activate_button()">
                <span>When click on Activate button</span>
      <div>Step skipped
      </div>
              </div>
              <div class="step skip-bg" title="stepDefinition.Users.check_account_is_activated()">
                <span>Then Check Account is Activated</span>
      <div>Step skipped
      </div>
              </div>
              <div class="step fail-bg" title="AFTER">
                <span>hooks.myHooks.tearDown()</span>
      <div>
        <textarea disabled class="code-block">java.lang.NullPointerException: Cannot invoke "org.openqa.selenium.WebDriver.close()" because "hooks.myHooks.driver" is null
	at hooks.myHooks.tearDown(myHooks.java:32)
</textarea>
      
      </div>
              </div>
          </div>
        </div>
  </div>
  <div class="card">
    <div class="card-header" role="tab">
      <div class="card-title">
        <div class="node" id="641"><span class="badge log fail-bg mr-2">Fail</span>Verify that we can Set Password of User</div>
      </div>
    </div>
        <div class="">
          <div class="card-body">
              <div class="step fail-bg" title="BEFORE">
                <span>hooks.myHooks.setup()</span>
      <div>
        <textarea disabled class="code-block">org.openqa.selenium.remote.NoSuchDriverException: msedgedriver located at C:\Users\pjumde\Desktop\Cucumber\SalesOps\src\test\resources\msedgedriver.exe, but invalid
For documentation on this error, please visit: https://www.selenium.dev/documentation/webdriver/troubleshooting/errors/driver_location/
Build info: version: '4.11.0', revision: '040bc5406b'
System info: os.name: 'Windows 10', os.arch: 'amd64', os.version: '10.0', java.version: '18.0.2.1'
Driver info: driver.version: EdgeDriver
	at org.openqa.selenium.remote.service.DriverFinder.getPath(DriverFinder.java:45)
	at org.openqa.selenium.remote.service.DriverFinder.getPath(DriverFinder.java:13)
	at org.openqa.selenium.edge.EdgeDriver.generateExecutor(EdgeDriver.java:71)
	at org.openqa.selenium.edge.EdgeDriver.<init>(EdgeDriver.java:60)
	at org.openqa.selenium.edge.EdgeDriver.<init>(EdgeDriver.java:56)
	at org.openqa.selenium.edge.EdgeDriver.<init>(EdgeDriver.java:48)
	at org.openqa.selenium.edge.EdgeDriver.<init>(EdgeDriver.java:44)
	at driver.DriverFactory.initializeBrowser(DriverFactory.java:31)
	at hooks.myHooks.setup(myHooks.java:24)
</textarea>
      
      </div>
              </div>
              <div class="step skip-bg" title="stepDefinition.Accounts.i_open_browser_and_enter_sales_ops_url()">
                <span>Given I open Browser and enter SalesOps Url</span>
      <div>Step skipped
      </div>
              </div>
              <div class="step skip-bg" title="stepDefinition.Users.i_click_on_user_tab()">
                <span>When I click on User Tab</span>
      <div>Step skipped
      </div>
              </div>
              <div class="step skip-bg" title="stepDefinition.Users.i_enter_in_users_textbox(java.lang.String)">
                <span>When I enter "marutiq" in Users Textbox</span>
      <div>Step skipped
      </div>
              </div>
              <div class="step skip-bg" title="stepDefinition.Users.click_on_searched_record()">
                <span>When click on Searched Record</span>
      <div>Step skipped
      </div>
              </div>
              <div class="step skip-bg" title="stepDefinition.Users.click_on_set_password_button()">
                <span>When click on Set Password button</span>
      <div>Step skipped
      </div>
              </div>
              <div class="step skip-bg" title="stepDefinition.Users.entered_password(java.lang.String)">
                <span>When Entered Password "Dev@123"</span>
      <div>Step skipped
      </div>
              </div>
              <div class="step skip-bg" title="stepDefinition.Users.entered_confirm_password(java.lang.String)">
                <span>When Entered Confirm Password "Dev@123"</span>
      <div>Step skipped
      </div>
              </div>
              <div class="step skip-bg" title="stepDefinition.Users.clicked_on_set_password_button()">
                <span>When clicked on Set Password button</span>
      <div>Step skipped
      </div>
              </div>
              <div class="step skip-bg" title="stepDefinition.Users.password_get_set_up_Successfully()">
                <span>Then Password get Set Up Successfully</span>
      <div>Step skipped
      </div>
              </div>
              <div class="step fail-bg" title="AFTER">
                <span>hooks.myHooks.tearDown()</span>
      <div>
        <textarea disabled class="code-block">java.lang.NullPointerException: Cannot invoke "org.openqa.selenium.WebDriver.close()" because "hooks.myHooks.driver" is null
	at hooks.myHooks.tearDown(myHooks.java:32)
</textarea>
      
      </div>
              </div>
          </div>
        </div>
  </div>
  <div class="card">
    <div class="card-header" role="tab">
      <div class="card-title">
        <div class="node" id="662"><span class="badge log fail-bg mr-2">Fail</span>Verify that We can Reset Password of User</div>
      </div>
    </div>
        <div class="">
          <div class="card-body">
              <div class="step fail-bg" title="BEFORE">
                <span>hooks.myHooks.setup()</span>
      <div>
        <textarea disabled class="code-block">org.openqa.selenium.remote.NoSuchDriverException: msedgedriver located at C:\Users\pjumde\Desktop\Cucumber\SalesOps\src\test\resources\msedgedriver.exe, but invalid
For documentation on this error, please visit: https://www.selenium.dev/documentation/webdriver/troubleshooting/errors/driver_location/
Build info: version: '4.11.0', revision: '040bc5406b'
System info: os.name: 'Windows 10', os.arch: 'amd64', os.version: '10.0', java.version: '18.0.2.1'
Driver info: driver.version: EdgeDriver
	at org.openqa.selenium.remote.service.DriverFinder.getPath(DriverFinder.java:45)
	at org.openqa.selenium.remote.service.DriverFinder.getPath(DriverFinder.java:13)
	at org.openqa.selenium.edge.EdgeDriver.generateExecutor(EdgeDriver.java:71)
	at org.openqa.selenium.edge.EdgeDriver.<init>(EdgeDriver.java:60)
	at org.openqa.selenium.edge.EdgeDriver.<init>(EdgeDriver.java:56)
	at org.openqa.selenium.edge.EdgeDriver.<init>(EdgeDriver.java:48)
	at org.openqa.selenium.edge.EdgeDriver.<init>(EdgeDriver.java:44)
	at driver.DriverFactory.initializeBrowser(DriverFactory.java:31)
	at hooks.myHooks.setup(myHooks.java:24)
</textarea>
      
      </div>
              </div>
              <div class="step skip-bg" title="stepDefinition.Accounts.i_open_browser_and_enter_sales_ops_url()">
                <span>Given I open Browser and enter SalesOps Url</span>
      <div>Step skipped
      </div>
              </div>
              <div class="step skip-bg" title="stepDefinition.Users.i_click_on_user_tab()">
                <span>When I click on User Tab</span>
      <div>Step skipped
      </div>
              </div>
              <div class="step skip-bg" title="stepDefinition.Users.i_enter_in_users_textbox(java.lang.String)">
                <span>When I enter "marutiq" in Users Textbox</span>
      <div>Step skipped
      </div>
              </div>
              <div class="step skip-bg" title="stepDefinition.Users.click_on_searched_record()">
                <span>When click on Searched Record</span>
      <div>Step skipped
      </div>
              </div>
              <div class="step skip-bg" title="stepDefinition.Users.click_on_reset_password_button()">
                <span>When click on Reset Password button</span>
      <div>Step skipped
      </div>
              </div>
              <div class="step skip-bg" title="stepDefinition.Users.click_on_confirm_reset_password()">
                <span>When click on Confirm Reset Password</span>
      <div>Step skipped
      </div>
              </div>
              <div class="step skip-bg" title="stepDefinition.Users.email_sent_to_user_for_reset_password()">
                <span>Then Email Sent to User for Reset Password</span>
      <div>Step skipped
      </div>
              </div>
              <div class="step fail-bg" title="AFTER">
                <span>hooks.myHooks.tearDown()</span>
      <div>
        <textarea disabled class="code-block">java.lang.NullPointerException: Cannot invoke "org.openqa.selenium.WebDriver.close()" because "hooks.myHooks.driver" is null
	at hooks.myHooks.tearDown(myHooks.java:32)
</textarea>
      
      </div>
              </div>
          </div>
        </div>
  </div>
  <div class="card">
    <div class="card-header" role="tab">
      <div class="card-title">
        <div class="node" id="679"><span class="badge log fail-bg mr-2">Fail</span>Verify that we can Deactivate user in Sales Ops</div>
      </div>
    </div>
        <div class="">
          <div class="card-body">
              <div class="step fail-bg" title="BEFORE">
                <span>hooks.myHooks.setup()</span>
      <div>
        <textarea disabled class="code-block">org.openqa.selenium.remote.NoSuchDriverException: msedgedriver located at C:\Users\pjumde\Desktop\Cucumber\SalesOps\src\test\resources\msedgedriver.exe, but invalid
For documentation on this error, please visit: https://www.selenium.dev/documentation/webdriver/troubleshooting/errors/driver_location/
Build info: version: '4.11.0', revision: '040bc5406b'
System info: os.name: 'Windows 10', os.arch: 'amd64', os.version: '10.0', java.version: '18.0.2.1'
Driver info: driver.version: EdgeDriver
	at org.openqa.selenium.remote.service.DriverFinder.getPath(DriverFinder.java:45)
	at org.openqa.selenium.remote.service.DriverFinder.getPath(DriverFinder.java:13)
	at org.openqa.selenium.edge.EdgeDriver.generateExecutor(EdgeDriver.java:71)
	at org.openqa.selenium.edge.EdgeDriver.<init>(EdgeDriver.java:60)
	at org.openqa.selenium.edge.EdgeDriver.<init>(EdgeDriver.java:56)
	at org.openqa.selenium.edge.EdgeDriver.<init>(EdgeDriver.java:48)
	at org.openqa.selenium.edge.EdgeDriver.<init>(EdgeDriver.java:44)
	at driver.DriverFactory.initializeBrowser(DriverFactory.java:31)
	at hooks.myHooks.setup(myHooks.java:24)
</textarea>
      
      </div>
              </div>
              <div class="step skip-bg" title="stepDefinition.Accounts.i_open_browser_and_enter_sales_ops_url()">
                <span>Given I open Browser and enter SalesOps Url</span>
      <div>Step skipped
      </div>
              </div>
              <div class="step skip-bg" title="stepDefinition.Users.i_click_on_user_tab()">
                <span>When I click on User Tab</span>
      <div>Step skipped
      </div>
              </div>
              <div class="step skip-bg" title="stepDefinition.Users.i_click_on_add_new_user_button()">
                <span>When I click on Add New User button</span>
      <div>Step skipped
      </div>
              </div>
              <div class="step skip-bg" title="stepDefinition.Users.i_enter_email_as(java.lang.String)">
                <span>When I enter Email as "hanumana.umesh3@xpo.com"</span>
      <div>Step skipped
      </div>
              </div>
              <div class="step skip-bg" title="stepDefinition.Users.i_enter_first_name_as(java.lang.String)">
                <span>When I enter First Name as "hanuman"</span>
      <div>Step skipped
      </div>
              </div>
              <div class="step skip-bg" title="stepDefinition.Users.i_enter_last_name_as(java.lang.String)">
                <span>When I enter Last Name as "Babanw"</span>
      <div>Step skipped
      </div>
              </div>
              <div class="step skip-bg" title="stepDefinition.Users.i_enter_company_name_as(java.lang.String)">
                <span>When I enter Company Name as "XPO"</span>
      <div>Step skipped
      </div>
              </div>
              <div class="step skip-bg" title="stepDefinition.Users.i_enter_street_as(java.lang.String)">
                <span>When I enter Street as "EON"</span>
      <div>Step skipped
      </div>
              </div>
              <div class="step skip-bg" title="stepDefinition.Users.i_select_country_as(java.lang.String)">
                <span>When I select Country as "United States"</span>
      <div>Step skipped
      </div>
              </div>
              <div class="step skip-bg" title="stepDefinition.Users.i_enter_city_name_as(java.lang.String)">
                <span>When I enter City Name as "Hayward"</span>
      <div>Step skipped
      </div>
              </div>
              <div class="step skip-bg" title="stepDefinition.Users.i_enter_state_as(java.lang.String)">
                <span>When I enter State as "Alaska"</span>
      <div>Step skipped
      </div>
              </div>
              <div class="step skip-bg" title="stepDefinition.Users.i_enter_postal_code_as(java.lang.String)">
                <span>When I enter Postal Code as "4532678"</span>
      <div>Step skipped
      </div>
              </div>
              <div class="step skip-bg" title="stepDefinition.Users.i_enter_phone_as(java.lang.String)">
                <span>When I enter Phone as "99786540934"</span>
      <div>Step skipped
      </div>
              </div>
              <div class="step skip-bg" title="stepDefinition.Users.i_click_on_submit_button()">
                <span>When I click on Submit button</span>
      <div>Step skipped
      </div>
              </div>
              <div class="step skip-bg" title="stepDefinition.Users.i_enter_in_users_textbox(java.lang.String)">
                <span>When I enter "hanumana" in Users Textbox</span>
      <div>Step skipped
      </div>
              </div>
              <div class="step skip-bg" title="stepDefinition.Users.click_on_searched_record()">
                <span>When click on Searched Record</span>
      <div>Step skipped
      </div>
              </div>
              <div class="step skip-bg" title="stepDefinition.Users.click_on_activate_button()">
                <span>When click on Activate button</span>
      <div>Step skipped
      </div>
              </div>
              <div class="step skip-bg" title="stepDefinition.Users.check_account_is_activated()">
                <span>Then Check Account is Activated</span>
      <div>Step skipped
      </div>
              </div>
              <div class="step skip-bg" title="stepDefinition.Users.click_on_deactivate_button()">
                <span>When click on Deactivate button</span>
      <div>Step skipped
      </div>
              </div>
              <div class="step skip-bg" title="stepDefinition.Users.click_on_confirm_deactivate_button()">
                <span>When click on Confirm Deactivate button</span>
      <div>Step skipped
      </div>
              </div>
              <div class="step skip-bg" title="stepDefinition.Users.user_become_deactive()">
                <span>Then User become Deactive</span>
      <div>Step skipped
      </div>
              </div>
              <div class="step fail-bg" title="AFTER">
                <span>hooks.myHooks.tearDown()</span>
      <div>
        <textarea disabled class="code-block">java.lang.NullPointerException: Cannot invoke "org.openqa.selenium.WebDriver.close()" because "hooks.myHooks.driver" is null
	at hooks.myHooks.tearDown(myHooks.java:32)
</textarea>
      
      </div>
              </div>
          </div>
        </div>
  </div>
</div>
          </div>
        </li>
        <li class="test-item"  status="fail" test-id="724"
          author=""
          tag=""
          device="">
          <div class="test-detail">
            <p class="name">Add/Remove User Access Page Functionalities</p>
            <p class="text-sm">
              <span>7:07:42 PM</span> / <span>00:00:00:329</span>
              <span class="badge fail-bg log float-right">Fail</span>
            </p>
          </div>
          <div class="test-contents d-none">
<div class="detail-head">
<div class="p-v-10">
<div class="info">
<h5 class="test-status text-fail">Add/Remove User Access Page Functionalities</h5>
<span class='badge badge-success'>02.09.2024 7:07:42 PM</span>
<span class='badge badge-danger'>02.09.2024 7:07:42 PM</span>
<span class='badge badge-default'>00:00:00:329</span>
&middot; <span class='uri-anchor badge badge-default'>#test-id=724</span>
<span class='badge badge-default pointer float-right ml-1 et'><i class="fa fa-chevron-down"></i></span>
<span class='badge badge-default pointer float-right ct'><i class="fa fa-chevron-up"></i></span>
</div>
<div class="m-t-10 m-l-5"></div>
</div>
</div>
<div class="accordion mt-4">
  <div class="card">
    <div class="card-header" role="tab">
      <div class="card-title">
        <div class="node" id="725"><span class="badge log fail-bg mr-2">Fail</span>Verify that User able to search with Company name on Add/Remove User Access Page</div>
      </div>
    </div>
        <div class="">
          <div class="card-body">
              <div class="step fail-bg" title="BEFORE">
                <span>hooks.myHooks.setup()</span>
      <div>
        <textarea disabled class="code-block">org.openqa.selenium.remote.NoSuchDriverException: msedgedriver located at C:\Users\pjumde\Desktop\Cucumber\SalesOps\src\test\resources\msedgedriver.exe, but invalid
For documentation on this error, please visit: https://www.selenium.dev/documentation/webdriver/troubleshooting/errors/driver_location/
Build info: version: '4.11.0', revision: '040bc5406b'
System info: os.name: 'Windows 10', os.arch: 'amd64', os.version: '10.0', java.version: '18.0.2.1'
Driver info: driver.version: EdgeDriver
	at org.openqa.selenium.remote.service.DriverFinder.getPath(DriverFinder.java:45)
	at org.openqa.selenium.remote.service.DriverFinder.getPath(DriverFinder.java:13)
	at org.openqa.selenium.edge.EdgeDriver.generateExecutor(EdgeDriver.java:71)
	at org.openqa.selenium.edge.EdgeDriver.<init>(EdgeDriver.java:60)
	at org.openqa.selenium.edge.EdgeDriver.<init>(EdgeDriver.java:56)
	at org.openqa.selenium.edge.EdgeDriver.<init>(EdgeDriver.java:48)
	at org.openqa.selenium.edge.EdgeDriver.<init>(EdgeDriver.java:44)
	at driver.DriverFactory.initializeBrowser(DriverFactory.java:31)
	at hooks.myHooks.setup(myHooks.java:24)
</textarea>
      
      </div>
              </div>
              <div class="step skip-bg" title="stepDefinition.Accounts.i_open_browser_and_enter_sales_ops_url()">
                <span>Given I open Browser and enter SalesOps Url</span>
      <div>Step skipped
      </div>
              </div>
              <div class="step skip-bg" title="stepDefinition.Users.i_click_on_user_tab()">
                <span>When I click on User Tab</span>
      <div>Step skipped
      </div>
              </div>
              <div class="step skip-bg" title="stepDefinition.Users.i_enter_in_users_textbox(java.lang.String)">
                <span>When I enter "naksh" in Users Textbox</span>
      <div>Step skipped
      </div>
              </div>
              <div class="step skip-bg" title="stepDefinition.Users.click_on_searched_record()">
                <span>When click on Searched Record</span>
      <div>Step skipped
      </div>
              </div>
              <div class="step skip-bg" title="stepDefinition.UsersAccess.click_on_record_edit_button()">
                <span>When click on Record Edit button</span>
      <div>Step skipped
      </div>
              </div>
              <div class="step skip-bg" title="stepDefinition.UsersAccess.i_enter_in_company_name_testbox_on_add_remove_user_access_page(java.lang.String)">
                <span>When I enter "twill" in Company Name testbox on Add/Remove User Access Page</span>
      <div>Step skipped
      </div>
              </div>
              <div class="step skip-bg" title="stepDefinition.UsersAccess.location_records_should_diplay_with(java.lang.String)">
                <span>Then Location Records should diplay with "TWILL USASPECIALTY ADHESIVE FILMS"</span>
      <div>Step skipped
      </div>
              </div>
              <div class="step fail-bg" title="AFTER">
                <span>hooks.myHooks.tearDown()</span>
      <div>
        <textarea disabled class="code-block">java.lang.NullPointerException: Cannot invoke "org.openqa.selenium.WebDriver.close()" because "hooks.myHooks.driver" is null
	at hooks.myHooks.tearDown(myHooks.java:32)
</textarea>
      
      </div>
              </div>
          </div>
        </div>
  </div>
  <div class="card">
    <div class="card-header" role="tab">
      <div class="card-title">
        <div class="node" id="742"><span class="badge log fail-bg mr-2">Fail</span>Verify that User able to search with Account ID on Add/Remove User Access Page</div>
      </div>
    </div>
        <div class="">
          <div class="card-body">
              <div class="step fail-bg" title="BEFORE">
                <span>hooks.myHooks.setup()</span>
      <div>
        <textarea disabled class="code-block">org.openqa.selenium.remote.NoSuchDriverException: msedgedriver located at C:\Users\pjumde\Desktop\Cucumber\SalesOps\src\test\resources\msedgedriver.exe, but invalid
For documentation on this error, please visit: https://www.selenium.dev/documentation/webdriver/troubleshooting/errors/driver_location/
Build info: version: '4.11.0', revision: '040bc5406b'
System info: os.name: 'Windows 10', os.arch: 'amd64', os.version: '10.0', java.version: '18.0.2.1'
Driver info: driver.version: EdgeDriver
	at org.openqa.selenium.remote.service.DriverFinder.getPath(DriverFinder.java:45)
	at org.openqa.selenium.remote.service.DriverFinder.getPath(DriverFinder.java:13)
	at org.openqa.selenium.edge.EdgeDriver.generateExecutor(EdgeDriver.java:71)
	at org.openqa.selenium.edge.EdgeDriver.<init>(EdgeDriver.java:60)
	at org.openqa.selenium.edge.EdgeDriver.<init>(EdgeDriver.java:56)
	at org.openqa.selenium.edge.EdgeDriver.<init>(EdgeDriver.java:48)
	at org.openqa.selenium.edge.EdgeDriver.<init>(EdgeDriver.java:44)
	at driver.DriverFactory.initializeBrowser(DriverFactory.java:31)
	at hooks.myHooks.setup(myHooks.java:24)
</textarea>
      
      </div>
              </div>
              <div class="step skip-bg" title="stepDefinition.Accounts.i_open_browser_and_enter_sales_ops_url()">
                <span>Given I open Browser and enter SalesOps Url</span>
      <div>Step skipped
      </div>
              </div>
              <div class="step skip-bg" title="stepDefinition.Users.i_click_on_user_tab()">
                <span>When I click on User Tab</span>
      <div>Step skipped
      </div>
              </div>
              <div class="step skip-bg" title="stepDefinition.Users.i_enter_in_users_textbox(java.lang.String)">
                <span>When I enter "naksh" in Users Textbox</span>
      <div>Step skipped
      </div>
              </div>
              <div class="step skip-bg" title="stepDefinition.Users.click_on_searched_record()">
                <span>When click on Searched Record</span>
      <div>Step skipped
      </div>
              </div>
              <div class="step skip-bg" title="stepDefinition.UsersAccess.click_on_record_edit_button()">
                <span>When click on Record Edit button</span>
      <div>Step skipped
      </div>
              </div>
              <div class="step skip-bg" title="stepDefinition.UsersAccess.i_enter_in_account_id_testbox_on_add_remove_user_access_page(java.lang.String)">
                <span>When I enter "430" in Account Id testbox on Add/Remove User Access Page</span>
      <div>Step skipped
      </div>
              </div>
              <div class="step skip-bg" title="stepDefinition.UsersAccess.account_id_records_should_diplay_with(java.lang.String)">
                <span>Then Account ID Records should diplay with "430"</span>
      <div>Step skipped
      </div>
              </div>
              <div class="step fail-bg" title="AFTER">
                <span>hooks.myHooks.tearDown()</span>
      <div>
        <textarea disabled class="code-block">java.lang.NullPointerException: Cannot invoke "org.openqa.selenium.WebDriver.close()" because "hooks.myHooks.driver" is null
	at hooks.myHooks.tearDown(myHooks.java:32)
</textarea>
      
      </div>
              </div>
          </div>
        </div>
  </div>
  <div class="card">
    <div class="card-header" role="tab">
      <div class="card-title">
        <div class="node" id="759"><span class="badge log fail-bg mr-2">Fail</span>Verify that User able to search with MAD Code on Add/Remove User Access Page</div>
      </div>
    </div>
        <div class="">
          <div class="card-body">
              <div class="step fail-bg" title="BEFORE">
                <span>hooks.myHooks.setup()</span>
      <div>
        <textarea disabled class="code-block">org.openqa.selenium.remote.NoSuchDriverException: msedgedriver located at C:\Users\pjumde\Desktop\Cucumber\SalesOps\src\test\resources\msedgedriver.exe, but invalid
For documentation on this error, please visit: https://www.selenium.dev/documentation/webdriver/troubleshooting/errors/driver_location/
Build info: version: '4.11.0', revision: '040bc5406b'
System info: os.name: 'Windows 10', os.arch: 'amd64', os.version: '10.0', java.version: '18.0.2.1'
Driver info: driver.version: EdgeDriver
	at org.openqa.selenium.remote.service.DriverFinder.getPath(DriverFinder.java:45)
	at org.openqa.selenium.remote.service.DriverFinder.getPath(DriverFinder.java:13)
	at org.openqa.selenium.edge.EdgeDriver.generateExecutor(EdgeDriver.java:71)
	at org.openqa.selenium.edge.EdgeDriver.<init>(EdgeDriver.java:60)
	at org.openqa.selenium.edge.EdgeDriver.<init>(EdgeDriver.java:56)
	at org.openqa.selenium.edge.EdgeDriver.<init>(EdgeDriver.java:48)
	at org.openqa.selenium.edge.EdgeDriver.<init>(EdgeDriver.java:44)
	at driver.DriverFactory.initializeBrowser(DriverFactory.java:31)
	at hooks.myHooks.setup(myHooks.java:24)
</textarea>
      
      </div>
              </div>
              <div class="step skip-bg" title="stepDefinition.Accounts.i_open_browser_and_enter_sales_ops_url()">
                <span>Given I open Browser and enter SalesOps Url</span>
      <div>Step skipped
      </div>
              </div>
              <div class="step skip-bg" title="stepDefinition.Users.i_click_on_user_tab()">
                <span>When I click on User Tab</span>
      <div>Step skipped
      </div>
              </div>
              <div class="step skip-bg" title="stepDefinition.Users.i_enter_in_users_textbox(java.lang.String)">
                <span>When I enter "naksh" in Users Textbox</span>
      <div>Step skipped
      </div>
              </div>
              <div class="step skip-bg" title="stepDefinition.Users.click_on_searched_record()">
                <span>When click on Searched Record</span>
      <div>Step skipped
      </div>
              </div>
              <div class="step skip-bg" title="stepDefinition.UsersAccess.click_on_record_edit_button()">
                <span>When click on Record Edit button</span>
      <div>Step skipped
      </div>
              </div>
              <div class="step skip-bg" title="stepDefinition.UsersAccess.i_enter_in_mad_code_testbox_on_add_remove_user_access_page(java.lang.String)">
                <span>When I enter "ATHDJ001900" in MAD Code testbox on Add/Remove User Access Page</span>
      <div>Step skipped
      </div>
              </div>
              <div class="step skip-bg" title="stepDefinition.UsersAccess.mad_code_records_should_diplay_with(java.lang.String)">
                <span>Then MAD Code Records should diplay with "ATHDJ001900"</span>
      <div>Step skipped
      </div>
              </div>
              <div class="step fail-bg" title="AFTER">
                <span>hooks.myHooks.tearDown()</span>
      <div>
        <textarea disabled class="code-block">java.lang.NullPointerException: Cannot invoke "org.openqa.selenium.WebDriver.close()" because "hooks.myHooks.driver" is null
	at hooks.myHooks.tearDown(myHooks.java:32)
</textarea>
      
      </div>
              </div>
          </div>
        </div>
  </div>
  <div class="card">
    <div class="card-header" role="tab">
      <div class="card-title">
        <div class="node" id="776"><span class="badge log fail-bg mr-2">Fail</span>Verify that User able to search with City Name on Add/Remove User Access Page</div>
      </div>
    </div>
        <div class="">
          <div class="card-body">
              <div class="step fail-bg" title="BEFORE">
                <span>hooks.myHooks.setup()</span>
      <div>
        <textarea disabled class="code-block">org.openqa.selenium.remote.NoSuchDriverException: msedgedriver located at C:\Users\pjumde\Desktop\Cucumber\SalesOps\src\test\resources\msedgedriver.exe, but invalid
For documentation on this error, please visit: https://www.selenium.dev/documentation/webdriver/troubleshooting/errors/driver_location/
Build info: version: '4.11.0', revision: '040bc5406b'
System info: os.name: 'Windows 10', os.arch: 'amd64', os.version: '10.0', java.version: '18.0.2.1'
Driver info: driver.version: EdgeDriver
	at org.openqa.selenium.remote.service.DriverFinder.getPath(DriverFinder.java:45)
	at org.openqa.selenium.remote.service.DriverFinder.getPath(DriverFinder.java:13)
	at org.openqa.selenium.edge.EdgeDriver.generateExecutor(EdgeDriver.java:71)
	at org.openqa.selenium.edge.EdgeDriver.<init>(EdgeDriver.java:60)
	at org.openqa.selenium.edge.EdgeDriver.<init>(EdgeDriver.java:56)
	at org.openqa.selenium.edge.EdgeDriver.<init>(EdgeDriver.java:48)
	at org.openqa.selenium.edge.EdgeDriver.<init>(EdgeDriver.java:44)
	at driver.DriverFactory.initializeBrowser(DriverFactory.java:31)
	at hooks.myHooks.setup(myHooks.java:24)
</textarea>
      
      </div>
              </div>
              <div class="step skip-bg" title="stepDefinition.Accounts.i_open_browser_and_enter_sales_ops_url()">
                <span>Given I open Browser and enter SalesOps Url</span>
      <div>Step skipped
      </div>
              </div>
              <div class="step skip-bg" title="stepDefinition.Users.i_click_on_user_tab()">
                <span>When I click on User Tab</span>
      <div>Step skipped
      </div>
              </div>
              <div class="step skip-bg" title="stepDefinition.Users.i_enter_in_users_textbox(java.lang.String)">
                <span>When I enter "naksh" in Users Textbox</span>
      <div>Step skipped
      </div>
              </div>
              <div class="step skip-bg" title="stepDefinition.Users.click_on_searched_record()">
                <span>When click on Searched Record</span>
      <div>Step skipped
      </div>
              </div>
              <div class="step skip-bg" title="stepDefinition.UsersAccess.click_on_record_edit_button()">
                <span>When click on Record Edit button</span>
      <div>Step skipped
      </div>
              </div>
              <div class="step skip-bg" title="stepDefinition.UsersAccess.i_enter_in_city_testbox_on_add_remove_user_access_page(java.lang.String)">
                <span>When I enter "SLOVAN" in City testbox on Add/Remove User Access Page</span>
      <div>Step skipped
      </div>
              </div>
              <div class="step skip-bg" title="stepDefinition.UsersAccess.records_should_diplay_with_city_as(java.lang.String)">
                <span>Then Records should diplay with City as "SLOVAN"</span>
      <div>Step skipped
      </div>
              </div>
              <div class="step fail-bg" title="AFTER">
                <span>hooks.myHooks.tearDown()</span>
      <div>
        <textarea disabled class="code-block">java.lang.NullPointerException: Cannot invoke "org.openqa.selenium.WebDriver.close()" because "hooks.myHooks.driver" is null
	at hooks.myHooks.tearDown(myHooks.java:32)
</textarea>
      
      </div>
              </div>
          </div>
        </div>
  </div>
  <div class="card">
    <div class="card-header" role="tab">
      <div class="card-title">
        <div class="node" id="793"><span class="badge log fail-bg mr-2">Fail</span>Verify that User able to search with Address on Add/Remove User Access Page</div>
      </div>
    </div>
        <div class="">
          <div class="card-body">
              <div class="step fail-bg" title="BEFORE">
                <span>hooks.myHooks.setup()</span>
      <div>
        <textarea disabled class="code-block">org.openqa.selenium.remote.NoSuchDriverException: msedgedriver located at C:\Users\pjumde\Desktop\Cucumber\SalesOps\src\test\resources\msedgedriver.exe, but invalid
For documentation on this error, please visit: https://www.selenium.dev/documentation/webdriver/troubleshooting/errors/driver_location/
Build info: version: '4.11.0', revision: '040bc5406b'
System info: os.name: 'Windows 10', os.arch: 'amd64', os.version: '10.0', java.version: '18.0.2.1'
Driver info: driver.version: EdgeDriver
	at org.openqa.selenium.remote.service.DriverFinder.getPath(DriverFinder.java:45)
	at org.openqa.selenium.remote.service.DriverFinder.getPath(DriverFinder.java:13)
	at org.openqa.selenium.edge.EdgeDriver.generateExecutor(EdgeDriver.java:71)
	at org.openqa.selenium.edge.EdgeDriver.<init>(EdgeDriver.java:60)
	at org.openqa.selenium.edge.EdgeDriver.<init>(EdgeDriver.java:56)
	at org.openqa.selenium.edge.EdgeDriver.<init>(EdgeDriver.java:48)
	at org.openqa.selenium.edge.EdgeDriver.<init>(EdgeDriver.java:44)
	at driver.DriverFactory.initializeBrowser(DriverFactory.java:31)
	at hooks.myHooks.setup(myHooks.java:24)
</textarea>
      
      </div>
              </div>
              <div class="step skip-bg" title="stepDefinition.Accounts.i_open_browser_and_enter_sales_ops_url()">
                <span>Given I open Browser and enter SalesOps Url</span>
      <div>Step skipped
      </div>
              </div>
              <div class="step skip-bg" title="stepDefinition.Users.i_click_on_user_tab()">
                <span>When I click on User Tab</span>
      <div>Step skipped
      </div>
              </div>
              <div class="step skip-bg" title="stepDefinition.Users.i_enter_in_users_textbox(java.lang.String)">
                <span>When I enter "naksh" in Users Textbox</span>
      <div>Step skipped
      </div>
              </div>
              <div class="step skip-bg" title="stepDefinition.Users.click_on_searched_record()">
                <span>When click on Searched Record</span>
      <div>Step skipped
      </div>
              </div>
              <div class="step skip-bg" title="stepDefinition.UsersAccess.click_on_record_edit_button()">
                <span>When click on Record Edit button</span>
      <div>Step skipped
      </div>
              </div>
              <div class="step skip-bg" title="stepDefinition.UsersAccess.i_enter_in_address_testbox_on_add_remove_user_access_page(java.lang.String)">
                <span>When I enter "28 BAIRD AVE" in Address testbox on Add/Remove User Access Page</span>
      <div>Step skipped
      </div>
              </div>
              <div class="step skip-bg" title="stepDefinition.UsersAccess.records_should_diplay_with_address_as(java.lang.String)">
                <span>Then Records should diplay with Address as "28 BAIRD AVE"</span>
      <div>Step skipped
      </div>
              </div>
              <div class="step fail-bg" title="AFTER">
                <span>hooks.myHooks.tearDown()</span>
      <div>
        <textarea disabled class="code-block">java.lang.NullPointerException: Cannot invoke "org.openqa.selenium.WebDriver.close()" because "hooks.myHooks.driver" is null
	at hooks.myHooks.tearDown(myHooks.java:32)
</textarea>
      
      </div>
              </div>
          </div>
        </div>
  </div>
  <div class="card">
    <div class="card-header" role="tab">
      <div class="card-title">
        <div class="node" id="810"><span class="badge log fail-bg mr-2">Fail</span>Verify that User able to search with Zip Code on Add/Remove User Access Page</div>
      </div>
    </div>
        <div class="">
          <div class="card-body">
              <div class="step fail-bg" title="BEFORE">
                <span>hooks.myHooks.setup()</span>
      <div>
        <textarea disabled class="code-block">org.openqa.selenium.remote.NoSuchDriverException: msedgedriver located at C:\Users\pjumde\Desktop\Cucumber\SalesOps\src\test\resources\msedgedriver.exe, but invalid
For documentation on this error, please visit: https://www.selenium.dev/documentation/webdriver/troubleshooting/errors/driver_location/
Build info: version: '4.11.0', revision: '040bc5406b'
System info: os.name: 'Windows 10', os.arch: 'amd64', os.version: '10.0', java.version: '18.0.2.1'
Driver info: driver.version: EdgeDriver
	at org.openqa.selenium.remote.service.DriverFinder.getPath(DriverFinder.java:45)
	at org.openqa.selenium.remote.service.DriverFinder.getPath(DriverFinder.java:13)
	at org.openqa.selenium.edge.EdgeDriver.generateExecutor(EdgeDriver.java:71)
	at org.openqa.selenium.edge.EdgeDriver.<init>(EdgeDriver.java:60)
	at org.openqa.selenium.edge.EdgeDriver.<init>(EdgeDriver.java:56)
	at org.openqa.selenium.edge.EdgeDriver.<init>(EdgeDriver.java:48)
	at org.openqa.selenium.edge.EdgeDriver.<init>(EdgeDriver.java:44)
	at driver.DriverFactory.initializeBrowser(DriverFactory.java:31)
	at hooks.myHooks.setup(myHooks.java:24)
</textarea>
      
      </div>
              </div>
              <div class="step skip-bg" title="stepDefinition.Accounts.i_open_browser_and_enter_sales_ops_url()">
                <span>Given I open Browser and enter SalesOps Url</span>
      <div>Step skipped
      </div>
              </div>
              <div class="step skip-bg" title="stepDefinition.Users.i_click_on_user_tab()">
                <span>When I click on User Tab</span>
      <div>Step skipped
      </div>
              </div>
              <div class="step skip-bg" title="stepDefinition.Users.i_enter_in_users_textbox(java.lang.String)">
                <span>When I enter "naksh" in Users Textbox</span>
      <div>Step skipped
      </div>
              </div>
              <div class="step skip-bg" title="stepDefinition.Users.click_on_searched_record()">
                <span>When click on Searched Record</span>
      <div>Step skipped
      </div>
              </div>
              <div class="step skip-bg" title="stepDefinition.UsersAccess.click_on_record_edit_button()">
                <span>When click on Record Edit button</span>
      <div>Step skipped
      </div>
              </div>
              <div class="step skip-bg" title="stepDefinition.UsersAccess.i_enter_in_zipcode_testbox_on_add_remove_user_access_page(java.lang.String)">
                <span>When I enter "15078" in Zipcode testbox on Add/Remove User Access Page</span>
      <div>Step skipped
      </div>
              </div>
              <div class="step skip-bg" title="stepDefinition.UsersAccess.records_should_diplay_with_zipcode_as(java.lang.String)">
                <span>Then Records should diplay with zipcode as "15078"</span>
      <div>Step skipped
      </div>
              </div>
              <div class="step fail-bg" title="AFTER">
                <span>hooks.myHooks.tearDown()</span>
      <div>
        <textarea disabled class="code-block">java.lang.NullPointerException: Cannot invoke "org.openqa.selenium.WebDriver.close()" because "hooks.myHooks.driver" is null
	at hooks.myHooks.tearDown(myHooks.java:32)
</textarea>
      
      </div>
              </div>
          </div>
        </div>
  </div>
  <div class="card">
    <div class="card-header" role="tab">
      <div class="card-title">
        <div class="node" id="827"><span class="badge log fail-bg mr-2">Fail</span>Verify that User can Add and Remove Locations on Add/Remove User Access Page</div>
      </div>
    </div>
        <div class="">
          <div class="card-body">
              <div class="step fail-bg" title="BEFORE">
                <span>hooks.myHooks.setup()</span>
      <div>
        <textarea disabled class="code-block">org.openqa.selenium.remote.NoSuchDriverException: msedgedriver located at C:\Users\pjumde\Desktop\Cucumber\SalesOps\src\test\resources\msedgedriver.exe, but invalid
For documentation on this error, please visit: https://www.selenium.dev/documentation/webdriver/troubleshooting/errors/driver_location/
Build info: version: '4.11.0', revision: '040bc5406b'
System info: os.name: 'Windows 10', os.arch: 'amd64', os.version: '10.0', java.version: '18.0.2.1'
Driver info: driver.version: EdgeDriver
	at org.openqa.selenium.remote.service.DriverFinder.getPath(DriverFinder.java:45)
	at org.openqa.selenium.remote.service.DriverFinder.getPath(DriverFinder.java:13)
	at org.openqa.selenium.edge.EdgeDriver.generateExecutor(EdgeDriver.java:71)
	at org.openqa.selenium.edge.EdgeDriver.<init>(EdgeDriver.java:60)
	at org.openqa.selenium.edge.EdgeDriver.<init>(EdgeDriver.java:56)
	at org.openqa.selenium.edge.EdgeDriver.<init>(EdgeDriver.java:48)
	at org.openqa.selenium.edge.EdgeDriver.<init>(EdgeDriver.java:44)
	at driver.DriverFactory.initializeBrowser(DriverFactory.java:31)
	at hooks.myHooks.setup(myHooks.java:24)
</textarea>
      
      </div>
              </div>
              <div class="step skip-bg" title="stepDefinition.Accounts.i_open_browser_and_enter_sales_ops_url()">
                <span>Given I open Browser and enter SalesOps Url</span>
      <div>Step skipped
      </div>
              </div>
              <div class="step skip-bg" title="stepDefinition.Users.i_click_on_user_tab()">
                <span>When I click on User Tab</span>
      <div>Step skipped
      </div>
              </div>
              <div class="step skip-bg" title="stepDefinition.Users.i_enter_in_users_textbox(java.lang.String)">
                <span>When I enter "naksh" in Users Textbox</span>
      <div>Step skipped
      </div>
              </div>
              <div class="step skip-bg" title="stepDefinition.Users.click_on_searched_record()">
                <span>When click on Searched Record</span>
      <div>Step skipped
      </div>
              </div>
              <div class="step skip-bg" title="stepDefinition.UsersAccess.click_on_record_edit_button()">
                <span>When click on Record Edit button</span>
      <div>Step skipped
      </div>
              </div>
              <div class="step skip-bg" title="stepDefinition.UsersAccess.i_enter_in_company_name_testbox_on_add_remove_user_access_page(java.lang.String)">
                <span>When I enter "test" in Company Name testbox on Add/Remove User Access Page</span>
      <div>Step skipped
      </div>
              </div>
              <div class="step skip-bg" title="stepDefinition.UsersAccess.select_the_locations()">
                <span>When Select the Locations</span>
      <div>Step skipped
      </div>
              </div>
              <div class="step skip-bg" title="stepDefinition.UsersAccess.add_the_locations()">
                <span>When Add the Locations</span>
      <div>Step skipped
      </div>
              </div>
              <div class="step skip-bg" title="stepDefinition.UsersAccess.check_locations_are_added()">
                <span>Then Check Locations are added</span>
      <div>Step skipped
      </div>
              </div>
              <div class="step skip-bg" title="stepDefinition.UsersAccess.click_on_record_edit_button()">
                <span>When click on Record Edit button</span>
      <div>Step skipped
      </div>
              </div>
              <div class="step skip-bg" title="stepDefinition.UsersAccess.remove_the_location()">
                <span>When Remove the Location</span>
      <div>Step skipped
      </div>
              </div>
              <div class="step skip-bg" title="stepDefinition.UsersAccess.click_on_save_and_submit_button()">
                <span>When Click on Save and Submit button</span>
      <div>Step skipped
      </div>
              </div>
              <div class="step skip-bg" title="stepDefinition.UsersAccess.check_locations_are_removed()">
                <span>Then Check Locations are Removed</span>
      <div>Step skipped
      </div>
              </div>
              <div class="step fail-bg" title="AFTER">
                <span>hooks.myHooks.tearDown()</span>
      <div>
        <textarea disabled class="code-block">java.lang.NullPointerException: Cannot invoke "org.openqa.selenium.WebDriver.close()" because "hooks.myHooks.driver" is null
	at hooks.myHooks.tearDown(myHooks.java:32)
</textarea>
      
      </div>
              </div>
          </div>
        </div>
  </div>
  <div class="card">
    <div class="card-header" role="tab">
      <div class="card-title">
        <div class="node" id="856"><span class="badge log fail-bg mr-2">Fail</span>Verify that User can Reset Locations on Add/Remove User Access Page</div>
      </div>
    </div>
        <div class="">
          <div class="card-body">
              <div class="step fail-bg" title="BEFORE">
                <span>hooks.myHooks.setup()</span>
      <div>
        <textarea disabled class="code-block">org.openqa.selenium.remote.NoSuchDriverException: msedgedriver located at C:\Users\pjumde\Desktop\Cucumber\SalesOps\src\test\resources\msedgedriver.exe, but invalid
For documentation on this error, please visit: https://www.selenium.dev/documentation/webdriver/troubleshooting/errors/driver_location/
Build info: version: '4.11.0', revision: '040bc5406b'
System info: os.name: 'Windows 10', os.arch: 'amd64', os.version: '10.0', java.version: '18.0.2.1'
Driver info: driver.version: EdgeDriver
	at org.openqa.selenium.remote.service.DriverFinder.getPath(DriverFinder.java:45)
	at org.openqa.selenium.remote.service.DriverFinder.getPath(DriverFinder.java:13)
	at org.openqa.selenium.edge.EdgeDriver.generateExecutor(EdgeDriver.java:71)
	at org.openqa.selenium.edge.EdgeDriver.<init>(EdgeDriver.java:60)
	at org.openqa.selenium.edge.EdgeDriver.<init>(EdgeDriver.java:56)
	at org.openqa.selenium.edge.EdgeDriver.<init>(EdgeDriver.java:48)
	at org.openqa.selenium.edge.EdgeDriver.<init>(EdgeDriver.java:44)
	at driver.DriverFactory.initializeBrowser(DriverFactory.java:31)
	at hooks.myHooks.setup(myHooks.java:24)
</textarea>
      
      </div>
              </div>
              <div class="step skip-bg" title="stepDefinition.Accounts.i_open_browser_and_enter_sales_ops_url()">
                <span>Given I open Browser and enter SalesOps Url</span>
      <div>Step skipped
      </div>
              </div>
              <div class="step skip-bg" title="stepDefinition.Users.i_click_on_user_tab()">
                <span>When I click on User Tab</span>
      <div>Step skipped
      </div>
              </div>
              <div class="step skip-bg" title="stepDefinition.Users.i_enter_in_users_textbox(java.lang.String)">
                <span>When I enter "Amithj" in Users Textbox</span>
      <div>Step skipped
      </div>
              </div>
              <div class="step skip-bg" title="stepDefinition.Users.click_on_searched_record()">
                <span>When click on Searched Record</span>
      <div>Step skipped
      </div>
              </div>
              <div class="step skip-bg" title="stepDefinition.UsersAccess.click_on_record_edit_button()">
                <span>When click on Record Edit button</span>
      <div>Step skipped
      </div>
              </div>
              <div class="step skip-bg" title="stepDefinition.UsersAccess.i_enter_in_company_name_testbox_on_add_remove_user_access_page(java.lang.String)">
                <span>When I enter "test" in Company Name testbox on Add/Remove User Access Page</span>
      <div>Step skipped
      </div>
              </div>
              <div class="step skip-bg" title="stepDefinition.UsersAccess.select_the_locations()">
                <span>When Select the Locations</span>
      <div>Step skipped
      </div>
              </div>
              <div class="step skip-bg" title="stepDefinition.UsersAccess.add_the_locations()">
                <span>When Add the Locations</span>
      <div>Step skipped
      </div>
              </div>
              <div class="step skip-bg" title="stepDefinition.UsersAccess.click_on_reset_button()">
                <span>When click on Reset button</span>
      <div>Step skipped
      </div>
              </div>
              <div class="step skip-bg" title="stepDefinition.UsersAccess.check_locations_are_reset()">
                <span>Then Check Locations are Reset</span>
      <div>Step skipped
      </div>
              </div>
              <div class="step fail-bg" title="AFTER">
                <span>hooks.myHooks.tearDown()</span>
      <div>
        <textarea disabled class="code-block">java.lang.NullPointerException: Cannot invoke "org.openqa.selenium.WebDriver.close()" because "hooks.myHooks.driver" is null
	at hooks.myHooks.tearDown(myHooks.java:32)
</textarea>
      
      </div>
              </div>
          </div>
        </div>
  </div>
</div>
          </div>
        </li>
      </ul>
    </div>
  </div>
<div class="test-content scrollable">
<div class="test-content-tools">
<ul><li><a class="back-to-test" href="#"><i class="fa fa-arrow-left"></i></a></li></ul>
</div>
<div class="test-content-detail"><div class="detail-body"></div></div>
</div></div>
<div class="test-wrapper row view exception-view attributes-view">
<div class="test-list">
<div class="test-list-tools">
<ul class="tools pull-left"><li><a href=""><span class="font-size-14">Exception</span></a></li></ul>
<ul class="tools text-right"><li><a href="#"><span class="badge badge-primary">2</span></a></li></ul>
</div>
<div class="test-list-wrapper scrollable">
<ul class="test-list-item">
<li class="test-item">
<div class="test-detail">
<span class="meta">
<span class='badge log badge-danger'>43</span>
</span>
<p class="name">java.lang.NullPointerException</p>
<p class="duration text-sm">43 tests</p>
</div>
<div class="test-contents d-none">
<div class="info">
<h4>java.lang.NullPointerException</h4>
<span status="fail" class='badge log badge-danger'>43 failed</span>
</div>
<table class='table table-sm mt-4'>
<thead>
<tr>
<th class="status-col">Status</th>
<th class="timestamp-col">Timestamp</th>
<th>TestName</th>
</tr>
</thead>
<tbody>
<tr class="tag-test-status" status="fail">
<td><span class="badge log fail-bg">Fail</span></td>
<td>19:07:39 PM</td>
<td>
<a href="#" class="linked" test-id='1' id='8'>hooks.myHooks.tearDown()</a>
<div class="">
<span class="badge badge-default">Accounts Tab Functionalities.Verify that User can able to open any MAC Code in Account tab.hooks.myHooks.tearDown()</span>
</div>
</td>
</tr>
<tr class="tag-test-status" status="fail">
<td><span class="badge log fail-bg">Fail</span></td>
<td>19:07:39 PM</td>
<td>
<a href="#" class="linked" test-id='1' id='17'>hooks.myHooks.tearDown()</a>
<div class="">
<span class="badge badge-default">Accounts Tab Functionalities.Verify that User able to Search Partner Manager with Company Name in Account tab.hooks.myHooks.tearDown()</span>
</div>
</td>
</tr>
<tr class="tag-test-status" status="fail">
<td><span class="badge log fail-bg">Fail</span></td>
<td>19:07:39 PM</td>
<td>
<a href="#" class="linked" test-id='1' id='26'>hooks.myHooks.tearDown()</a>
<div class="">
<span class="badge badge-default">Accounts Tab Functionalities.Verify that User able to Search Partner Manager with Account Id in Account tab.hooks.myHooks.tearDown()</span>
</div>
</td>
</tr>
<tr class="tag-test-status" status="fail">
<td><span class="badge log fail-bg">Fail</span></td>
<td>19:07:39 PM</td>
<td>
<a href="#" class="linked" test-id='1' id='35'>hooks.myHooks.tearDown()</a>
<div class="">
<span class="badge badge-default">Accounts Tab Functionalities.Verify that User able to Search Partner Manager with MAD Code in Account tab.hooks.myHooks.tearDown()</span>
</div>
</td>
</tr>
<tr class="tag-test-status" status="fail">
<td><span class="badge log fail-bg">Fail</span></td>
<td>19:07:39 PM</td>
<td>
<a href="#" class="linked" test-id='1' id='44'>hooks.myHooks.tearDown()</a>
<div class="">
<span class="badge badge-default">Accounts Tab Functionalities.Verify that User able to Search Partner Manager with City in Account tab.hooks.myHooks.tearDown()</span>
</div>
</td>
</tr>
<tr class="tag-test-status" status="fail">
<td><span class="badge log fail-bg">Fail</span></td>
<td>19:07:39 PM</td>
<td>
<a href="#" class="linked" test-id='1' id='53'>hooks.myHooks.tearDown()</a>
<div class="">
<span class="badge badge-default">Accounts Tab Functionalities.Verify that User able to Search Partner Manager with Address in Account tab.hooks.myHooks.tearDown()</span>
</div>
</td>
</tr>
<tr class="tag-test-status" status="fail">
<td><span class="badge log fail-bg">Fail</span></td>
<td>19:07:39 PM</td>
<td>
<a href="#" class="linked" test-id='1' id='62'>hooks.myHooks.tearDown()</a>
<div class="">
<span class="badge badge-default">Accounts Tab Functionalities.Verify that User able to Search Partner Manager with Zip Code in Account tab.hooks.myHooks.tearDown()</span>
</div>
</td>
</tr>
<tr class="tag-test-status" status="fail">
<td><span class="badge log fail-bg">Fail</span></td>
<td>19:07:39 PM</td>
<td>
<a href="#" class="linked" test-id='63' id='74'>hooks.myHooks.tearDown()</a>
<div class="">
<span class="badge badge-default">Users Tab Functionalities.Verify that User able to Search with Name of User in Users Tab.hooks.myHooks.tearDown()</span>
</div>
</td>
</tr>
<tr class="tag-test-status" status="fail">
<td><span class="badge log fail-bg">Fail</span></td>
<td>19:07:39 PM</td>
<td>
<a href="#" class="linked" test-id='63' id='85'>hooks.myHooks.tearDown()</a>
<div class="">
<span class="badge badge-default">Users Tab Functionalities.Verify that User able to search By Name in Users Tab.hooks.myHooks.tearDown()</span>
</div>
</td>
</tr>
<tr class="tag-test-status" status="fail">
<td><span class="badge log fail-bg">Fail</span></td>
<td>19:07:40 PM</td>
<td>
<a href="#" class="linked" test-id='63' id='96'>hooks.myHooks.tearDown()</a>
<div class="">
<span class="badge badge-default">Users Tab Functionalities.Verify that User able to search By UserName in Users Tab.hooks.myHooks.tearDown()</span>
</div>
</td>
</tr>
<tr class="tag-test-status" status="fail">
<td><span class="badge log fail-bg">Fail</span></td>
<td>19:07:40 PM</td>
<td>
<a href="#" class="linked" test-id='63' id='107'>hooks.myHooks.tearDown()</a>
<div class="">
<span class="badge badge-default">Users Tab Functionalities.Verify that User able to search By Email in Users Tab.hooks.myHooks.tearDown()</span>
</div>
</td>
</tr>
<tr class="tag-test-status" status="fail">
<td><span class="badge log fail-bg">Fail</span></td>
<td>19:07:40 PM</td>
<td>
<a href="#" class="linked" test-id='63' id='118'>hooks.myHooks.tearDown()</a>
<div class="">
<span class="badge badge-default">Users Tab Functionalities.Verify that User able to search By Phone Number in Users Tab.hooks.myHooks.tearDown()</span>
</div>
</td>
</tr>
<tr class="tag-test-status" status="fail">
<td><span class="badge log fail-bg">Fail</span></td>
<td>19:07:40 PM</td>
<td>
<a href="#" class="linked" test-id='63' id='129'>hooks.myHooks.tearDown()</a>
<div class="">
<span class="badge badge-default">Users Tab Functionalities.Verify that User able to search By Zip Code in Users Tab.hooks.myHooks.tearDown()</span>
</div>
</td>
</tr>
<tr class="tag-test-status" status="fail">
<td><span class="badge log fail-bg">Fail</span></td>
<td>19:07:40 PM</td>
<td>
<a href="#" class="linked" test-id='63' id='160'>hooks.myHooks.tearDown()</a>
<div class="">
<span class="badge badge-default">Users Tab Functionalities.Verify that we can Add New User in Sales Ops.hooks.myHooks.tearDown()</span>
</div>
</td>
</tr>
<tr class="tag-test-status" status="fail">
<td><span class="badge log fail-bg">Fail</span></td>
<td>19:07:40 PM</td>
<td>
<a href="#" class="linked" test-id='63' id='207'>hooks.myHooks.tearDown()</a>
<div class="">
<span class="badge badge-default">Users Tab Functionalities.Verify that we can Add New User in Sales Ops with Role as Shipping Only.hooks.myHooks.tearDown()</span>
</div>
</td>
</tr>
<tr class="tag-test-status" status="fail">
<td><span class="badge log fail-bg">Fail</span></td>
<td>19:07:40 PM</td>
<td>
<a href="#" class="linked" test-id='63' id='254'>hooks.myHooks.tearDown()</a>
<div class="">
<span class="badge badge-default">Users Tab Functionalities.Verify that we can Add New User in Sales Ops with Role as Shipping And Financial Information.hooks.myHooks.tearDown()</span>
</div>
</td>
</tr>
<tr class="tag-test-status" status="fail">
<td><span class="badge log fail-bg">Fail</span></td>
<td>19:07:40 PM</td>
<td>
<a href="#" class="linked" test-id='63' id='301'>hooks.myHooks.tearDown()</a>
<div class="">
<span class="badge badge-default">Users Tab Functionalities.Verify that we can Add New User in Sales Ops with Role as Custom.hooks.myHooks.tearDown()</span>
</div>
</td>
</tr>
<tr class="tag-test-status" status="fail">
<td><span class="badge log fail-bg">Fail</span></td>
<td>19:07:40 PM</td>
<td>
<a href="#" class="linked" test-id='63' id='348'>hooks.myHooks.tearDown()</a>
<div class="">
<span class="badge badge-default">Users Tab Functionalities.Verify that we can Add New User in Sales Ops with Role as Full Access (Admin).hooks.myHooks.tearDown()</span>
</div>
</td>
</tr>
<tr class="tag-test-status" status="fail">
<td><span class="badge log fail-bg">Fail</span></td>
<td>19:07:40 PM</td>
<td>
<a href="#" class="linked" test-id='63' id='361'>hooks.myHooks.tearDown()</a>
<div class="">
<span class="badge badge-default">Users Tab Functionalities.Verify that We can Download Users Mapping Data in Excel Sheet.hooks.myHooks.tearDown()</span>
</div>
</td>
</tr>
<tr class="tag-test-status" status="fail">
<td><span class="badge log fail-bg">Fail</span></td>
<td>19:07:40 PM</td>
<td>
<a href="#" class="linked" test-id='63' id='394'>hooks.myHooks.tearDown()</a>
<div class="">
<span class="badge badge-default">Users Tab Functionalities.Verify that while adding New User, Invalid Email Id should not accept.hooks.myHooks.tearDown()</span>
</div>
</td>
</tr>
<tr class="tag-test-status" status="fail">
<td><span class="badge log fail-bg">Fail</span></td>
<td>19:07:40 PM</td>
<td>
<a href="#" class="linked" test-id='63' id='411'>hooks.myHooks.tearDown()</a>
<div class="">
<span class="badge badge-default">Users Tab Functionalities.Verify that while adding New User, Duplicate Email Id should not accept.hooks.myHooks.tearDown()</span>
</div>
</td>
</tr>
<tr class="tag-test-status" status="fail">
<td><span class="badge log fail-bg">Fail</span></td>
<td>19:07:40 PM</td>
<td>
<a href="#" class="linked" test-id='63' id='430'>hooks.myHooks.tearDown()</a>
<div class="">
<span class="badge badge-default">Users Tab Functionalities.Verify that we can Edit Existing Users Email Id.hooks.myHooks.tearDown()</span>
</div>
</td>
</tr>
<tr class="tag-test-status" status="fail">
<td><span class="badge log fail-bg">Fail</span></td>
<td>19:07:40 PM</td>
<td>
<a href="#" class="linked" test-id='63' id='449'>hooks.myHooks.tearDown()</a>
<div class="">
<span class="badge badge-default">Users Tab Functionalities.Verify that we can Edit Existing Users First Name.hooks.myHooks.tearDown()</span>
</div>
</td>
</tr>
<tr class="tag-test-status" status="fail">
<td><span class="badge log fail-bg">Fail</span></td>
<td>19:07:40 PM</td>
<td>
<a href="#" class="linked" test-id='63' id='468'>hooks.myHooks.tearDown()</a>
<div class="">
<span class="badge badge-default">Users Tab Functionalities.Verify that we can Edit Existing Users Last Name.hooks.myHooks.tearDown()</span>
</div>
</td>
</tr>
<tr class="tag-test-status" status="fail">
<td><span class="badge log fail-bg">Fail</span></td>
<td>19:07:41 PM</td>
<td>
<a href="#" class="linked" test-id='63' id='487'>hooks.myHooks.tearDown()</a>
<div class="">
<span class="badge badge-default">Users Tab Functionalities.Verify that we can Edit Existing Users Company Name.hooks.myHooks.tearDown()</span>
</div>
</td>
</tr>
<tr class="tag-test-status" status="fail">
<td><span class="badge log fail-bg">Fail</span></td>
<td>19:07:41 PM</td>
<td>
<a href="#" class="linked" test-id='63' id='506'>hooks.myHooks.tearDown()</a>
<div class="">
<span class="badge badge-default">Users Tab Functionalities.Verify that we can Edit Existing User Street Name.hooks.myHooks.tearDown()</span>
</div>
</td>
</tr>
<tr class="tag-test-status" status="fail">
<td><span class="badge log fail-bg">Fail</span></td>
<td>19:07:41 PM</td>
<td>
<a href="#" class="linked" test-id='63' id='525'>hooks.myHooks.tearDown()</a>
<div class="">
<span class="badge badge-default">Users Tab Functionalities.Verify that we can Edit Existing User City Name.hooks.myHooks.tearDown()</span>
</div>
</td>
</tr>
<tr class="tag-test-status" status="fail">
<td><span class="badge log fail-bg">Fail</span></td>
<td>19:07:41 PM</td>
<td>
<a href="#" class="linked" test-id='63' id='544'>hooks.myHooks.tearDown()</a>
<div class="">
<span class="badge badge-default">Users Tab Functionalities.Verify that we can Edit Existing User Country Name.hooks.myHooks.tearDown()</span>
</div>
</td>
</tr>
<tr class="tag-test-status" status="fail">
<td><span class="badge log fail-bg">Fail</span></td>
<td>19:07:41 PM</td>
<td>
<a href="#" class="linked" test-id='63' id='563'>hooks.myHooks.tearDown()</a>
<div class="">
<span class="badge badge-default">Users Tab Functionalities.Verify that we can Edit Existing User State.hooks.myHooks.tearDown()</span>
</div>
</td>
</tr>
<tr class="tag-test-status" status="fail">
<td><span class="badge log fail-bg">Fail</span></td>
<td>19:07:41 PM</td>
<td>
<a href="#" class="linked" test-id='63' id='582'>hooks.myHooks.tearDown()</a>
<div class="">
<span class="badge badge-default">Users Tab Functionalities.Verify that we can Edit Existing User Postal Code.hooks.myHooks.tearDown()</span>
</div>
</td>
</tr>
<tr class="tag-test-status" status="fail">
<td><span class="badge log fail-bg">Fail</span></td>
<td>19:07:41 PM</td>
<td>
<a href="#" class="linked" test-id='63' id='601'>hooks.myHooks.tearDown()</a>
<div class="">
<span class="badge badge-default">Users Tab Functionalities.Verify that we can Edit Existing User Phone Number.hooks.myHooks.tearDown()</span>
</div>
</td>
</tr>
<tr class="tag-test-status" status="fail">
<td><span class="badge log fail-bg">Fail</span></td>
<td>19:07:41 PM</td>
<td>
<a href="#" class="linked" test-id='63' id='640'>hooks.myHooks.tearDown()</a>
<div class="">
<span class="badge badge-default">Users Tab Functionalities.Verify that User can Activate New Account in Sales Ops.hooks.myHooks.tearDown()</span>
</div>
</td>
</tr>
<tr class="tag-test-status" status="fail">
<td><span class="badge log fail-bg">Fail</span></td>
<td>19:07:41 PM</td>
<td>
<a href="#" class="linked" test-id='63' id='661'>hooks.myHooks.tearDown()</a>
<div class="">
<span class="badge badge-default">Users Tab Functionalities.Verify that we can Set Password of User.hooks.myHooks.tearDown()</span>
</div>
</td>
</tr>
<tr class="tag-test-status" status="fail">
<td><span class="badge log fail-bg">Fail</span></td>
<td>19:07:41 PM</td>
<td>
<a href="#" class="linked" test-id='63' id='678'>hooks.myHooks.tearDown()</a>
<div class="">
<span class="badge badge-default">Users Tab Functionalities.Verify that We can Reset Password of User.hooks.myHooks.tearDown()</span>
</div>
</td>
</tr>
<tr class="tag-test-status" status="fail">
<td><span class="badge log fail-bg">Fail</span></td>
<td>19:07:42 PM</td>
<td>
<a href="#" class="linked" test-id='63' id='723'>hooks.myHooks.tearDown()</a>
<div class="">
<span class="badge badge-default">Users Tab Functionalities.Verify that we can Deactivate user in Sales Ops.hooks.myHooks.tearDown()</span>
</div>
</td>
</tr>
<tr class="tag-test-status" status="fail">
<td><span class="badge log fail-bg">Fail</span></td>
<td>19:07:42 PM</td>
<td>
<a href="#" class="linked" test-id='724' id='741'>hooks.myHooks.tearDown()</a>
<div class="">
<span class="badge badge-default">Add/Remove User Access Page Functionalities.Verify that User able to search with Company name on Add/Remove User Access Page.hooks.myHooks.tearDown()</span>
</div>
</td>
</tr>
<tr class="tag-test-status" status="fail">
<td><span class="badge log fail-bg">Fail</span></td>
<td>19:07:42 PM</td>
<td>
<a href="#" class="linked" test-id='724' id='758'>hooks.myHooks.tearDown()</a>
<div class="">
<span class="badge badge-default">Add/Remove User Access Page Functionalities.Verify that User able to search with Account ID on Add/Remove User Access Page.hooks.myHooks.tearDown()</span>
</div>
</td>
</tr>
<tr class="tag-test-status" status="fail">
<td><span class="badge log fail-bg">Fail</span></td>
<td>19:07:42 PM</td>
<td>
<a href="#" class="linked" test-id='724' id='775'>hooks.myHooks.tearDown()</a>
<div class="">
<span class="badge badge-default">Add/Remove User Access Page Functionalities.Verify that User able to search with MAD Code on Add/Remove User Access Page.hooks.myHooks.tearDown()</span>
</div>
</td>
</tr>
<tr class="tag-test-status" status="fail">
<td><span class="badge log fail-bg">Fail</span></td>
<td>19:07:42 PM</td>
<td>
<a href="#" class="linked" test-id='724' id='792'>hooks.myHooks.tearDown()</a>
<div class="">
<span class="badge badge-default">Add/Remove User Access Page Functionalities.Verify that User able to search with City Name on Add/Remove User Access Page.hooks.myHooks.tearDown()</span>
</div>
</td>
</tr>
<tr class="tag-test-status" status="fail">
<td><span class="badge log fail-bg">Fail</span></td>
<td>19:07:42 PM</td>
<td>
<a href="#" class="linked" test-id='724' id='809'>hooks.myHooks.tearDown()</a>
<div class="">
<span class="badge badge-default">Add/Remove User Access Page Functionalities.Verify that User able to search with Address on Add/Remove User Access Page.hooks.myHooks.tearDown()</span>
</div>
</td>
</tr>
<tr class="tag-test-status" status="fail">
<td><span class="badge log fail-bg">Fail</span></td>
<td>19:07:42 PM</td>
<td>
<a href="#" class="linked" test-id='724' id='826'>hooks.myHooks.tearDown()</a>
<div class="">
<span class="badge badge-default">Add/Remove User Access Page Functionalities.Verify that User able to search with Zip Code on Add/Remove User Access Page.hooks.myHooks.tearDown()</span>
</div>
</td>
</tr>
<tr class="tag-test-status" status="fail">
<td><span class="badge log fail-bg">Fail</span></td>
<td>19:07:42 PM</td>
<td>
<a href="#" class="linked" test-id='724' id='855'>hooks.myHooks.tearDown()</a>
<div class="">
<span class="badge badge-default">Add/Remove User Access Page Functionalities.Verify that User can Add and Remove Locations on Add/Remove User Access Page.hooks.myHooks.tearDown()</span>
</div>
</td>
</tr>
<tr class="tag-test-status" status="fail">
<td><span class="badge log fail-bg">Fail</span></td>
<td>19:07:42 PM</td>
<td>
<a href="#" class="linked" test-id='724' id='878'>hooks.myHooks.tearDown()</a>
<div class="">
<span class="badge badge-default">Add/Remove User Access Page Functionalities.Verify that User can Reset Locations on Add/Remove User Access Page.hooks.myHooks.tearDown()</span>
</div>
</td>
</tr>
</tbody>
</table>
</div>
</li>
<li class="test-item">
<div class="test-detail">
<span class="meta">
<span class='badge log badge-danger'>43</span>
</span>
<p class="name">org.openqa.selenium.remote.NoSuchDriverException</p>
<p class="duration text-sm">43 tests</p>
</div>
<div class="test-contents d-none">
<div class="info">
<h4>org.openqa.selenium.remote.NoSuchDriverException</h4>
<span status="fail" class='badge log badge-danger'>43 failed</span>
</div>
<table class='table table-sm mt-4'>
<thead>
<tr>
<th class="status-col">Status</th>
<th class="timestamp-col">Timestamp</th>
<th>TestName</th>
</tr>
</thead>
<tbody>
<tr class="tag-test-status" status="fail">
<td><span class="badge log fail-bg">Fail</span></td>
<td>19:07:38 PM</td>
<td>
<a href="#" class="linked" test-id='1' id='3'>hooks.myHooks.setup()</a>
<div class="">
<span class="badge badge-default">Accounts Tab Functionalities.Verify that User can able to open any MAC Code in Account tab.hooks.myHooks.setup()</span>
</div>
</td>
</tr>
<tr class="tag-test-status" status="fail">
<td><span class="badge log fail-bg">Fail</span></td>
<td>19:07:39 PM</td>
<td>
<a href="#" class="linked" test-id='1' id='10'>hooks.myHooks.setup()</a>
<div class="">
<span class="badge badge-default">Accounts Tab Functionalities.Verify that User able to Search Partner Manager with Company Name in Account tab.hooks.myHooks.setup()</span>
</div>
</td>
</tr>
<tr class="tag-test-status" status="fail">
<td><span class="badge log fail-bg">Fail</span></td>
<td>19:07:39 PM</td>
<td>
<a href="#" class="linked" test-id='1' id='19'>hooks.myHooks.setup()</a>
<div class="">
<span class="badge badge-default">Accounts Tab Functionalities.Verify that User able to Search Partner Manager with Account Id in Account tab.hooks.myHooks.setup()</span>
</div>
</td>
</tr>
<tr class="tag-test-status" status="fail">
<td><span class="badge log fail-bg">Fail</span></td>
<td>19:07:39 PM</td>
<td>
<a href="#" class="linked" test-id='1' id='28'>hooks.myHooks.setup()</a>
<div class="">
<span class="badge badge-default">Accounts Tab Functionalities.Verify that User able to Search Partner Manager with MAD Code in Account tab.hooks.myHooks.setup()</span>
</div>
</td>
</tr>
<tr class="tag-test-status" status="fail">
<td><span class="badge log fail-bg">Fail</span></td>
<td>19:07:39 PM</td>
<td>
<a href="#" class="linked" test-id='1' id='37'>hooks.myHooks.setup()</a>
<div class="">
<span class="badge badge-default">Accounts Tab Functionalities.Verify that User able to Search Partner Manager with City in Account tab.hooks.myHooks.setup()</span>
</div>
</td>
</tr>
<tr class="tag-test-status" status="fail">
<td><span class="badge log fail-bg">Fail</span></td>
<td>19:07:39 PM</td>
<td>
<a href="#" class="linked" test-id='1' id='46'>hooks.myHooks.setup()</a>
<div class="">
<span class="badge badge-default">Accounts Tab Functionalities.Verify that User able to Search Partner Manager with Address in Account tab.hooks.myHooks.setup()</span>
</div>
</td>
</tr>
<tr class="tag-test-status" status="fail">
<td><span class="badge log fail-bg">Fail</span></td>
<td>19:07:39 PM</td>
<td>
<a href="#" class="linked" test-id='1' id='55'>hooks.myHooks.setup()</a>
<div class="">
<span class="badge badge-default">Accounts Tab Functionalities.Verify that User able to Search Partner Manager with Zip Code in Account tab.hooks.myHooks.setup()</span>
</div>
</td>
</tr>
<tr class="tag-test-status" status="fail">
<td><span class="badge log fail-bg">Fail</span></td>
<td>19:07:39 PM</td>
<td>
<a href="#" class="linked" test-id='63' id='65'>hooks.myHooks.setup()</a>
<div class="">
<span class="badge badge-default">Users Tab Functionalities.Verify that User able to Search with Name of User in Users Tab.hooks.myHooks.setup()</span>
</div>
</td>
</tr>
<tr class="tag-test-status" status="fail">
<td><span class="badge log fail-bg">Fail</span></td>
<td>19:07:39 PM</td>
<td>
<a href="#" class="linked" test-id='63' id='76'>hooks.myHooks.setup()</a>
<div class="">
<span class="badge badge-default">Users Tab Functionalities.Verify that User able to search By Name in Users Tab.hooks.myHooks.setup()</span>
</div>
</td>
</tr>
<tr class="tag-test-status" status="fail">
<td><span class="badge log fail-bg">Fail</span></td>
<td>19:07:40 PM</td>
<td>
<a href="#" class="linked" test-id='63' id='87'>hooks.myHooks.setup()</a>
<div class="">
<span class="badge badge-default">Users Tab Functionalities.Verify that User able to search By UserName in Users Tab.hooks.myHooks.setup()</span>
</div>
</td>
</tr>
<tr class="tag-test-status" status="fail">
<td><span class="badge log fail-bg">Fail</span></td>
<td>19:07:40 PM</td>
<td>
<a href="#" class="linked" test-id='63' id='98'>hooks.myHooks.setup()</a>
<div class="">
<span class="badge badge-default">Users Tab Functionalities.Verify that User able to search By Email in Users Tab.hooks.myHooks.setup()</span>
</div>
</td>
</tr>
<tr class="tag-test-status" status="fail">
<td><span class="badge log fail-bg">Fail</span></td>
<td>19:07:40 PM</td>
<td>
<a href="#" class="linked" test-id='63' id='109'>hooks.myHooks.setup()</a>
<div class="">
<span class="badge badge-default">Users Tab Functionalities.Verify that User able to search By Phone Number in Users Tab.hooks.myHooks.setup()</span>
</div>
</td>
</tr>
<tr class="tag-test-status" status="fail">
<td><span class="badge log fail-bg">Fail</span></td>
<td>19:07:40 PM</td>
<td>
<a href="#" class="linked" test-id='63' id='120'>hooks.myHooks.setup()</a>
<div class="">
<span class="badge badge-default">Users Tab Functionalities.Verify that User able to search By Zip Code in Users Tab.hooks.myHooks.setup()</span>
</div>
</td>
</tr>
<tr class="tag-test-status" status="fail">
<td><span class="badge log fail-bg">Fail</span></td>
<td>19:07:40 PM</td>
<td>
<a href="#" class="linked" test-id='63' id='131'>hooks.myHooks.setup()</a>
<div class="">
<span class="badge badge-default">Users Tab Functionalities.Verify that we can Add New User in Sales Ops.hooks.myHooks.setup()</span>
</div>
</td>
</tr>
<tr class="tag-test-status" status="fail">
<td><span class="badge log fail-bg">Fail</span></td>
<td>19:07:40 PM</td>
<td>
<a href="#" class="linked" test-id='63' id='162'>hooks.myHooks.setup()</a>
<div class="">
<span class="badge badge-default">Users Tab Functionalities.Verify that we can Add New User in Sales Ops with Role as Shipping Only.hooks.myHooks.setup()</span>
</div>
</td>
</tr>
<tr class="tag-test-status" status="fail">
<td><span class="badge log fail-bg">Fail</span></td>
<td>19:07:40 PM</td>
<td>
<a href="#" class="linked" test-id='63' id='209'>hooks.myHooks.setup()</a>
<div class="">
<span class="badge badge-default">Users Tab Functionalities.Verify that we can Add New User in Sales Ops with Role as Shipping And Financial Information.hooks.myHooks.setup()</span>
</div>
</td>
</tr>
<tr class="tag-test-status" status="fail">
<td><span class="badge log fail-bg">Fail</span></td>
<td>19:07:40 PM</td>
<td>
<a href="#" class="linked" test-id='63' id='256'>hooks.myHooks.setup()</a>
<div class="">
<span class="badge badge-default">Users Tab Functionalities.Verify that we can Add New User in Sales Ops with Role as Custom.hooks.myHooks.setup()</span>
</div>
</td>
</tr>
<tr class="tag-test-status" status="fail">
<td><span class="badge log fail-bg">Fail</span></td>
<td>19:07:40 PM</td>
<td>
<a href="#" class="linked" test-id='63' id='303'>hooks.myHooks.setup()</a>
<div class="">
<span class="badge badge-default">Users Tab Functionalities.Verify that we can Add New User in Sales Ops with Role as Full Access (Admin).hooks.myHooks.setup()</span>
</div>
</td>
</tr>
<tr class="tag-test-status" status="fail">
<td><span class="badge log fail-bg">Fail</span></td>
<td>19:07:40 PM</td>
<td>
<a href="#" class="linked" test-id='63' id='350'>hooks.myHooks.setup()</a>
<div class="">
<span class="badge badge-default">Users Tab Functionalities.Verify that We can Download Users Mapping Data in Excel Sheet.hooks.myHooks.setup()</span>
</div>
</td>
</tr>
<tr class="tag-test-status" status="fail">
<td><span class="badge log fail-bg">Fail</span></td>
<td>19:07:40 PM</td>
<td>
<a href="#" class="linked" test-id='63' id='363'>hooks.myHooks.setup()</a>
<div class="">
<span class="badge badge-default">Users Tab Functionalities.Verify that while adding New User, Invalid Email Id should not accept.hooks.myHooks.setup()</span>
</div>
</td>
</tr>
<tr class="tag-test-status" status="fail">
<td><span class="badge log fail-bg">Fail</span></td>
<td>19:07:40 PM</td>
<td>
<a href="#" class="linked" test-id='63' id='396'>hooks.myHooks.setup()</a>
<div class="">
<span class="badge badge-default">Users Tab Functionalities.Verify that while adding New User, Duplicate Email Id should not accept.hooks.myHooks.setup()</span>
</div>
</td>
</tr>
<tr class="tag-test-status" status="fail">
<td><span class="badge log fail-bg">Fail</span></td>
<td>19:07:40 PM</td>
<td>
<a href="#" class="linked" test-id='63' id='413'>hooks.myHooks.setup()</a>
<div class="">
<span class="badge badge-default">Users Tab Functionalities.Verify that we can Edit Existing Users Email Id.hooks.myHooks.setup()</span>
</div>
</td>
</tr>
<tr class="tag-test-status" status="fail">
<td><span class="badge log fail-bg">Fail</span></td>
<td>19:07:40 PM</td>
<td>
<a href="#" class="linked" test-id='63' id='432'>hooks.myHooks.setup()</a>
<div class="">
<span class="badge badge-default">Users Tab Functionalities.Verify that we can Edit Existing Users First Name.hooks.myHooks.setup()</span>
</div>
</td>
</tr>
<tr class="tag-test-status" status="fail">
<td><span class="badge log fail-bg">Fail</span></td>
<td>19:07:40 PM</td>
<td>
<a href="#" class="linked" test-id='63' id='451'>hooks.myHooks.setup()</a>
<div class="">
<span class="badge badge-default">Users Tab Functionalities.Verify that we can Edit Existing Users Last Name.hooks.myHooks.setup()</span>
</div>
</td>
</tr>
<tr class="tag-test-status" status="fail">
<td><span class="badge log fail-bg">Fail</span></td>
<td>19:07:41 PM</td>
<td>
<a href="#" class="linked" test-id='63' id='470'>hooks.myHooks.setup()</a>
<div class="">
<span class="badge badge-default">Users Tab Functionalities.Verify that we can Edit Existing Users Company Name.hooks.myHooks.setup()</span>
</div>
</td>
</tr>
<tr class="tag-test-status" status="fail">
<td><span class="badge log fail-bg">Fail</span></td>
<td>19:07:41 PM</td>
<td>
<a href="#" class="linked" test-id='63' id='489'>hooks.myHooks.setup()</a>
<div class="">
<span class="badge badge-default">Users Tab Functionalities.Verify that we can Edit Existing User Street Name.hooks.myHooks.setup()</span>
</div>
</td>
</tr>
<tr class="tag-test-status" status="fail">
<td><span class="badge log fail-bg">Fail</span></td>
<td>19:07:41 PM</td>
<td>
<a href="#" class="linked" test-id='63' id='508'>hooks.myHooks.setup()</a>
<div class="">
<span class="badge badge-default">Users Tab Functionalities.Verify that we can Edit Existing User City Name.hooks.myHooks.setup()</span>
</div>
</td>
</tr>
<tr class="tag-test-status" status="fail">
<td><span class="badge log fail-bg">Fail</span></td>
<td>19:07:41 PM</td>
<td>
<a href="#" class="linked" test-id='63' id='527'>hooks.myHooks.setup()</a>
<div class="">
<span class="badge badge-default">Users Tab Functionalities.Verify that we can Edit Existing User Country Name.hooks.myHooks.setup()</span>
</div>
</td>
</tr>
<tr class="tag-test-status" status="fail">
<td><span class="badge log fail-bg">Fail</span></td>
<td>19:07:41 PM</td>
<td>
<a href="#" class="linked" test-id='63' id='546'>hooks.myHooks.setup()</a>
<div class="">
<span class="badge badge-default">Users Tab Functionalities.Verify that we can Edit Existing User State.hooks.myHooks.setup()</span>
</div>
</td>
</tr>
<tr class="tag-test-status" status="fail">
<td><span class="badge log fail-bg">Fail</span></td>
<td>19:07:41 PM</td>
<td>
<a href="#" class="linked" test-id='63' id='565'>hooks.myHooks.setup()</a>
<div class="">
<span class="badge badge-default">Users Tab Functionalities.Verify that we can Edit Existing User Postal Code.hooks.myHooks.setup()</span>
</div>
</td>
</tr>
<tr class="tag-test-status" status="fail">
<td><span class="badge log fail-bg">Fail</span></td>
<td>19:07:41 PM</td>
<td>
<a href="#" class="linked" test-id='63' id='584'>hooks.myHooks.setup()</a>
<div class="">
<span class="badge badge-default">Users Tab Functionalities.Verify that we can Edit Existing User Phone Number.hooks.myHooks.setup()</span>
</div>
</td>
</tr>
<tr class="tag-test-status" status="fail">
<td><span class="badge log fail-bg">Fail</span></td>
<td>19:07:41 PM</td>
<td>
<a href="#" class="linked" test-id='63' id='603'>hooks.myHooks.setup()</a>
<div class="">
<span class="badge badge-default">Users Tab Functionalities.Verify that User can Activate New Account in Sales Ops.hooks.myHooks.setup()</span>
</div>
</td>
</tr>
<tr class="tag-test-status" status="fail">
<td><span class="badge log fail-bg">Fail</span></td>
<td>19:07:41 PM</td>
<td>
<a href="#" class="linked" test-id='63' id='642'>hooks.myHooks.setup()</a>
<div class="">
<span class="badge badge-default">Users Tab Functionalities.Verify that we can Set Password of User.hooks.myHooks.setup()</span>
</div>
</td>
</tr>
<tr class="tag-test-status" status="fail">
<td><span class="badge log fail-bg">Fail</span></td>
<td>19:07:41 PM</td>
<td>
<a href="#" class="linked" test-id='63' id='663'>hooks.myHooks.setup()</a>
<div class="">
<span class="badge badge-default">Users Tab Functionalities.Verify that We can Reset Password of User.hooks.myHooks.setup()</span>
</div>
</td>
</tr>
<tr class="tag-test-status" status="fail">
<td><span class="badge log fail-bg">Fail</span></td>
<td>19:07:42 PM</td>
<td>
<a href="#" class="linked" test-id='63' id='680'>hooks.myHooks.setup()</a>
<div class="">
<span class="badge badge-default">Users Tab Functionalities.Verify that we can Deactivate user in Sales Ops.hooks.myHooks.setup()</span>
</div>
</td>
</tr>
<tr class="tag-test-status" status="fail">
<td><span class="badge log fail-bg">Fail</span></td>
<td>19:07:42 PM</td>
<td>
<a href="#" class="linked" test-id='724' id='726'>hooks.myHooks.setup()</a>
<div class="">
<span class="badge badge-default">Add/Remove User Access Page Functionalities.Verify that User able to search with Company name on Add/Remove User Access Page.hooks.myHooks.setup()</span>
</div>
</td>
</tr>
<tr class="tag-test-status" status="fail">
<td><span class="badge log fail-bg">Fail</span></td>
<td>19:07:42 PM</td>
<td>
<a href="#" class="linked" test-id='724' id='743'>hooks.myHooks.setup()</a>
<div class="">
<span class="badge badge-default">Add/Remove User Access Page Functionalities.Verify that User able to search with Account ID on Add/Remove User Access Page.hooks.myHooks.setup()</span>
</div>
</td>
</tr>
<tr class="tag-test-status" status="fail">
<td><span class="badge log fail-bg">Fail</span></td>
<td>19:07:42 PM</td>
<td>
<a href="#" class="linked" test-id='724' id='760'>hooks.myHooks.setup()</a>
<div class="">
<span class="badge badge-default">Add/Remove User Access Page Functionalities.Verify that User able to search with MAD Code on Add/Remove User Access Page.hooks.myHooks.setup()</span>
</div>
</td>
</tr>
<tr class="tag-test-status" status="fail">
<td><span class="badge log fail-bg">Fail</span></td>
<td>19:07:42 PM</td>
<td>
<a href="#" class="linked" test-id='724' id='777'>hooks.myHooks.setup()</a>
<div class="">
<span class="badge badge-default">Add/Remove User Access Page Functionalities.Verify that User able to search with City Name on Add/Remove User Access Page.hooks.myHooks.setup()</span>
</div>
</td>
</tr>
<tr class="tag-test-status" status="fail">
<td><span class="badge log fail-bg">Fail</span></td>
<td>19:07:42 PM</td>
<td>
<a href="#" class="linked" test-id='724' id='794'>hooks.myHooks.setup()</a>
<div class="">
<span class="badge badge-default">Add/Remove User Access Page Functionalities.Verify that User able to search with Address on Add/Remove User Access Page.hooks.myHooks.setup()</span>
</div>
</td>
</tr>
<tr class="tag-test-status" status="fail">
<td><span class="badge log fail-bg">Fail</span></td>
<td>19:07:42 PM</td>
<td>
<a href="#" class="linked" test-id='724' id='811'>hooks.myHooks.setup()</a>
<div class="">
<span class="badge badge-default">Add/Remove User Access Page Functionalities.Verify that User able to search with Zip Code on Add/Remove User Access Page.hooks.myHooks.setup()</span>
</div>
</td>
</tr>
<tr class="tag-test-status" status="fail">
<td><span class="badge log fail-bg">Fail</span></td>
<td>19:07:42 PM</td>
<td>
<a href="#" class="linked" test-id='724' id='828'>hooks.myHooks.setup()</a>
<div class="">
<span class="badge badge-default">Add/Remove User Access Page Functionalities.Verify that User can Add and Remove Locations on Add/Remove User Access Page.hooks.myHooks.setup()</span>
</div>
</td>
</tr>
<tr class="tag-test-status" status="fail">
<td><span class="badge log fail-bg">Fail</span></td>
<td>19:07:42 PM</td>
<td>
<a href="#" class="linked" test-id='724' id='857'>hooks.myHooks.setup()</a>
<div class="">
<span class="badge badge-default">Add/Remove User Access Page Functionalities.Verify that User can Reset Locations on Add/Remove User Access Page.hooks.myHooks.setup()</span>
</div>
</td>
</tr>
</tbody>
</table>
</div>
</li>
</ul>
</div>
</div>
<div class="test-content scrollable">
<div class="test-content-detail">
<div class="detail-body"></div>
</div>
</div>
</div><div class="test-wrapper row view category-view attributes-view">
<div class="test-list">
<div class="test-list-tools">
<ul class="tools pull-left"><li><a href=""><span class="font-size-14">Category</span></a></li></ul>
<ul class="tools text-right"><li><a href="#"><span class="badge badge-primary">1</span></a></li></ul>
</div>
<div class="test-list-wrapper scrollable">
<ul class="test-list-item">
<li class="test-item">
<div class="test-detail">
<span class="meta">
<span class='badge log badge-danger'>43</span>
</span>
<p class="name">@RegressionTest</p>
<p class="duration text-sm">43 tests</p>
</div>
<div class="test-contents d-none">
<div class="info">
<h4>@RegressionTest</h4>
<span status="fail" class='badge log badge-danger'>43 failed</span>
</div>
<table class='table table-sm mt-4'>
<thead>
<tr>
<th class="status-col">Status</th>
<th class="timestamp-col">Timestamp</th>
<th>TestName</th>
</tr>
</thead>
<tbody>
<tr class="tag-test-status" status="fail">
<td><span class="badge log fail-bg">Fail</span></td>
<td>19:07:38 PM</td>
<td>
<a href="#" class="linked" test-id='1' id='2'>Verify that User can able to open any MAC Code in Account tab</a>
<div class="">
<span class="badge badge-default">Accounts Tab Functionalities.Verify that User can able to open any MAC Code in Account tab</span>
</div>
</td>
</tr>
<tr class="tag-test-status" status="fail">
<td><span class="badge log fail-bg">Fail</span></td>
<td>19:07:39 PM</td>
<td>
<a href="#" class="linked" test-id='1' id='9'>Verify that User able to Search Partner Manager with Company Name in Account tab</a>
<div class="">
<span class="badge badge-default">Accounts Tab Functionalities.Verify that User able to Search Partner Manager with Company Name in Account tab</span>
</div>
</td>
</tr>
<tr class="tag-test-status" status="fail">
<td><span class="badge log fail-bg">Fail</span></td>
<td>19:07:39 PM</td>
<td>
<a href="#" class="linked" test-id='1' id='18'>Verify that User able to Search Partner Manager with Account Id in Account tab</a>
<div class="">
<span class="badge badge-default">Accounts Tab Functionalities.Verify that User able to Search Partner Manager with Account Id in Account tab</span>
</div>
</td>
</tr>
<tr class="tag-test-status" status="fail">
<td><span class="badge log fail-bg">Fail</span></td>
<td>19:07:39 PM</td>
<td>
<a href="#" class="linked" test-id='1' id='27'>Verify that User able to Search Partner Manager with MAD Code in Account tab</a>
<div class="">
<span class="badge badge-default">Accounts Tab Functionalities.Verify that User able to Search Partner Manager with MAD Code in Account tab</span>
</div>
</td>
</tr>
<tr class="tag-test-status" status="fail">
<td><span class="badge log fail-bg">Fail</span></td>
<td>19:07:39 PM</td>
<td>
<a href="#" class="linked" test-id='1' id='36'>Verify that User able to Search Partner Manager with City in Account tab</a>
<div class="">
<span class="badge badge-default">Accounts Tab Functionalities.Verify that User able to Search Partner Manager with City in Account tab</span>
</div>
</td>
</tr>
<tr class="tag-test-status" status="fail">
<td><span class="badge log fail-bg">Fail</span></td>
<td>19:07:39 PM</td>
<td>
<a href="#" class="linked" test-id='1' id='45'>Verify that User able to Search Partner Manager with Address in Account tab</a>
<div class="">
<span class="badge badge-default">Accounts Tab Functionalities.Verify that User able to Search Partner Manager with Address in Account tab</span>
</div>
</td>
</tr>
<tr class="tag-test-status" status="fail">
<td><span class="badge log fail-bg">Fail</span></td>
<td>19:07:39 PM</td>
<td>
<a href="#" class="linked" test-id='1' id='54'>Verify that User able to Search Partner Manager with Zip Code in Account tab</a>
<div class="">
<span class="badge badge-default">Accounts Tab Functionalities.Verify that User able to Search Partner Manager with Zip Code in Account tab</span>
</div>
</td>
</tr>
<tr class="tag-test-status" status="fail">
<td><span class="badge log fail-bg">Fail</span></td>
<td>19:07:39 PM</td>
<td>
<a href="#" class="linked" test-id='63' id='64'>Verify that User able to Search with Name of User in Users Tab</a>
<div class="">
<span class="badge badge-default">Users Tab Functionalities.Verify that User able to Search with Name of User in Users Tab</span>
</div>
</td>
</tr>
<tr class="tag-test-status" status="fail">
<td><span class="badge log fail-bg">Fail</span></td>
<td>19:07:39 PM</td>
<td>
<a href="#" class="linked" test-id='63' id='75'>Verify that User able to search By Name in Users Tab</a>
<div class="">
<span class="badge badge-default">Users Tab Functionalities.Verify that User able to search By Name in Users Tab</span>
</div>
</td>
</tr>
<tr class="tag-test-status" status="fail">
<td><span class="badge log fail-bg">Fail</span></td>
<td>19:07:40 PM</td>
<td>
<a href="#" class="linked" test-id='63' id='86'>Verify that User able to search By UserName in Users Tab</a>
<div class="">
<span class="badge badge-default">Users Tab Functionalities.Verify that User able to search By UserName in Users Tab</span>
</div>
</td>
</tr>
<tr class="tag-test-status" status="fail">
<td><span class="badge log fail-bg">Fail</span></td>
<td>19:07:40 PM</td>
<td>
<a href="#" class="linked" test-id='63' id='97'>Verify that User able to search By Email in Users Tab</a>
<div class="">
<span class="badge badge-default">Users Tab Functionalities.Verify that User able to search By Email in Users Tab</span>
</div>
</td>
</tr>
<tr class="tag-test-status" status="fail">
<td><span class="badge log fail-bg">Fail</span></td>
<td>19:07:40 PM</td>
<td>
<a href="#" class="linked" test-id='63' id='108'>Verify that User able to search By Phone Number in Users Tab</a>
<div class="">
<span class="badge badge-default">Users Tab Functionalities.Verify that User able to search By Phone Number in Users Tab</span>
</div>
</td>
</tr>
<tr class="tag-test-status" status="fail">
<td><span class="badge log fail-bg">Fail</span></td>
<td>19:07:40 PM</td>
<td>
<a href="#" class="linked" test-id='63' id='119'>Verify that User able to search By Zip Code in Users Tab</a>
<div class="">
<span class="badge badge-default">Users Tab Functionalities.Verify that User able to search By Zip Code in Users Tab</span>
</div>
</td>
</tr>
<tr class="tag-test-status" status="fail">
<td><span class="badge log fail-bg">Fail</span></td>
<td>19:07:40 PM</td>
<td>
<a href="#" class="linked" test-id='63' id='130'>Verify that we can Add New User in Sales Ops</a>
<div class="">
<span class="badge badge-default">Users Tab Functionalities.Verify that we can Add New User in Sales Ops</span>
</div>
</td>
</tr>
<tr class="tag-test-status" status="fail">
<td><span class="badge log fail-bg">Fail</span></td>
<td>19:07:40 PM</td>
<td>
<a href="#" class="linked" test-id='63' id='161'>Verify that we can Add New User in Sales Ops with Role as Shipping Only</a>
<div class="">
<span class="badge badge-default">Users Tab Functionalities.Verify that we can Add New User in Sales Ops with Role as Shipping Only</span>
</div>
</td>
</tr>
<tr class="tag-test-status" status="fail">
<td><span class="badge log fail-bg">Fail</span></td>
<td>19:07:40 PM</td>
<td>
<a href="#" class="linked" test-id='63' id='208'>Verify that we can Add New User in Sales Ops with Role as Shipping And Financial Information</a>
<div class="">
<span class="badge badge-default">Users Tab Functionalities.Verify that we can Add New User in Sales Ops with Role as Shipping And Financial Information</span>
</div>
</td>
</tr>
<tr class="tag-test-status" status="fail">
<td><span class="badge log fail-bg">Fail</span></td>
<td>19:07:40 PM</td>
<td>
<a href="#" class="linked" test-id='63' id='255'>Verify that we can Add New User in Sales Ops with Role as Custom</a>
<div class="">
<span class="badge badge-default">Users Tab Functionalities.Verify that we can Add New User in Sales Ops with Role as Custom</span>
</div>
</td>
</tr>
<tr class="tag-test-status" status="fail">
<td><span class="badge log fail-bg">Fail</span></td>
<td>19:07:40 PM</td>
<td>
<a href="#" class="linked" test-id='63' id='302'>Verify that we can Add New User in Sales Ops with Role as Full Access (Admin)</a>
<div class="">
<span class="badge badge-default">Users Tab Functionalities.Verify that we can Add New User in Sales Ops with Role as Full Access (Admin)</span>
</div>
</td>
</tr>
<tr class="tag-test-status" status="fail">
<td><span class="badge log fail-bg">Fail</span></td>
<td>19:07:40 PM</td>
<td>
<a href="#" class="linked" test-id='63' id='349'>Verify that We can Download Users Mapping Data in Excel Sheet</a>
<div class="">
<span class="badge badge-default">Users Tab Functionalities.Verify that We can Download Users Mapping Data in Excel Sheet</span>
</div>
</td>
</tr>
<tr class="tag-test-status" status="fail">
<td><span class="badge log fail-bg">Fail</span></td>
<td>19:07:40 PM</td>
<td>
<a href="#" class="linked" test-id='63' id='362'>Verify that while adding New User, Invalid Email Id should not accept</a>
<div class="">
<span class="badge badge-default">Users Tab Functionalities.Verify that while adding New User, Invalid Email Id should not accept</span>
</div>
</td>
</tr>
<tr class="tag-test-status" status="fail">
<td><span class="badge log fail-bg">Fail</span></td>
<td>19:07:40 PM</td>
<td>
<a href="#" class="linked" test-id='63' id='395'>Verify that while adding New User, Duplicate Email Id should not accept</a>
<div class="">
<span class="badge badge-default">Users Tab Functionalities.Verify that while adding New User, Duplicate Email Id should not accept</span>
</div>
</td>
</tr>
<tr class="tag-test-status" status="fail">
<td><span class="badge log fail-bg">Fail</span></td>
<td>19:07:40 PM</td>
<td>
<a href="#" class="linked" test-id='63' id='412'>Verify that we can Edit Existing Users Email Id</a>
<div class="">
<span class="badge badge-default">Users Tab Functionalities.Verify that we can Edit Existing Users Email Id</span>
</div>
</td>
</tr>
<tr class="tag-test-status" status="fail">
<td><span class="badge log fail-bg">Fail</span></td>
<td>19:07:40 PM</td>
<td>
<a href="#" class="linked" test-id='63' id='431'>Verify that we can Edit Existing Users First Name</a>
<div class="">
<span class="badge badge-default">Users Tab Functionalities.Verify that we can Edit Existing Users First Name</span>
</div>
</td>
</tr>
<tr class="tag-test-status" status="fail">
<td><span class="badge log fail-bg">Fail</span></td>
<td>19:07:40 PM</td>
<td>
<a href="#" class="linked" test-id='63' id='450'>Verify that we can Edit Existing Users Last Name</a>
<div class="">
<span class="badge badge-default">Users Tab Functionalities.Verify that we can Edit Existing Users Last Name</span>
</div>
</td>
</tr>
<tr class="tag-test-status" status="fail">
<td><span class="badge log fail-bg">Fail</span></td>
<td>19:07:41 PM</td>
<td>
<a href="#" class="linked" test-id='63' id='469'>Verify that we can Edit Existing Users Company Name</a>
<div class="">
<span class="badge badge-default">Users Tab Functionalities.Verify that we can Edit Existing Users Company Name</span>
</div>
</td>
</tr>
<tr class="tag-test-status" status="fail">
<td><span class="badge log fail-bg">Fail</span></td>
<td>19:07:41 PM</td>
<td>
<a href="#" class="linked" test-id='63' id='488'>Verify that we can Edit Existing User Street Name</a>
<div class="">
<span class="badge badge-default">Users Tab Functionalities.Verify that we can Edit Existing User Street Name</span>
</div>
</td>
</tr>
<tr class="tag-test-status" status="fail">
<td><span class="badge log fail-bg">Fail</span></td>
<td>19:07:41 PM</td>
<td>
<a href="#" class="linked" test-id='63' id='507'>Verify that we can Edit Existing User City Name</a>
<div class="">
<span class="badge badge-default">Users Tab Functionalities.Verify that we can Edit Existing User City Name</span>
</div>
</td>
</tr>
<tr class="tag-test-status" status="fail">
<td><span class="badge log fail-bg">Fail</span></td>
<td>19:07:41 PM</td>
<td>
<a href="#" class="linked" test-id='63' id='526'>Verify that we can Edit Existing User Country Name</a>
<div class="">
<span class="badge badge-default">Users Tab Functionalities.Verify that we can Edit Existing User Country Name</span>
</div>
</td>
</tr>
<tr class="tag-test-status" status="fail">
<td><span class="badge log fail-bg">Fail</span></td>
<td>19:07:41 PM</td>
<td>
<a href="#" class="linked" test-id='63' id='545'>Verify that we can Edit Existing User State</a>
<div class="">
<span class="badge badge-default">Users Tab Functionalities.Verify that we can Edit Existing User State</span>
</div>
</td>
</tr>
<tr class="tag-test-status" status="fail">
<td><span class="badge log fail-bg">Fail</span></td>
<td>19:07:41 PM</td>
<td>
<a href="#" class="linked" test-id='63' id='564'>Verify that we can Edit Existing User Postal Code</a>
<div class="">
<span class="badge badge-default">Users Tab Functionalities.Verify that we can Edit Existing User Postal Code</span>
</div>
</td>
</tr>
<tr class="tag-test-status" status="fail">
<td><span class="badge log fail-bg">Fail</span></td>
<td>19:07:41 PM</td>
<td>
<a href="#" class="linked" test-id='63' id='583'>Verify that we can Edit Existing User Phone Number</a>
<div class="">
<span class="badge badge-default">Users Tab Functionalities.Verify that we can Edit Existing User Phone Number</span>
</div>
</td>
</tr>
<tr class="tag-test-status" status="fail">
<td><span class="badge log fail-bg">Fail</span></td>
<td>19:07:41 PM</td>
<td>
<a href="#" class="linked" test-id='63' id='602'>Verify that User can Activate New Account in Sales Ops</a>
<div class="">
<span class="badge badge-default">Users Tab Functionalities.Verify that User can Activate New Account in Sales Ops</span>
</div>
</td>
</tr>
<tr class="tag-test-status" status="fail">
<td><span class="badge log fail-bg">Fail</span></td>
<td>19:07:41 PM</td>
<td>
<a href="#" class="linked" test-id='63' id='641'>Verify that we can Set Password of User</a>
<div class="">
<span class="badge badge-default">Users Tab Functionalities.Verify that we can Set Password of User</span>
</div>
</td>
</tr>
<tr class="tag-test-status" status="fail">
<td><span class="badge log fail-bg">Fail</span></td>
<td>19:07:41 PM</td>
<td>
<a href="#" class="linked" test-id='63' id='662'>Verify that We can Reset Password of User</a>
<div class="">
<span class="badge badge-default">Users Tab Functionalities.Verify that We can Reset Password of User</span>
</div>
</td>
</tr>
<tr class="tag-test-status" status="fail">
<td><span class="badge log fail-bg">Fail</span></td>
<td>19:07:42 PM</td>
<td>
<a href="#" class="linked" test-id='63' id='679'>Verify that we can Deactivate user in Sales Ops</a>
<div class="">
<span class="badge badge-default">Users Tab Functionalities.Verify that we can Deactivate user in Sales Ops</span>
</div>
</td>
</tr>
<tr class="tag-test-status" status="fail">
<td><span class="badge log fail-bg">Fail</span></td>
<td>19:07:42 PM</td>
<td>
<a href="#" class="linked" test-id='724' id='725'>Verify that User able to search with Company name on Add/Remove User Access Page</a>
<div class="">
<span class="badge badge-default">Add/Remove User Access Page Functionalities.Verify that User able to search with Company name on Add/Remove User Access Page</span>
</div>
</td>
</tr>
<tr class="tag-test-status" status="fail">
<td><span class="badge log fail-bg">Fail</span></td>
<td>19:07:42 PM</td>
<td>
<a href="#" class="linked" test-id='724' id='742'>Verify that User able to search with Account ID on Add/Remove User Access Page</a>
<div class="">
<span class="badge badge-default">Add/Remove User Access Page Functionalities.Verify that User able to search with Account ID on Add/Remove User Access Page</span>
</div>
</td>
</tr>
<tr class="tag-test-status" status="fail">
<td><span class="badge log fail-bg">Fail</span></td>
<td>19:07:42 PM</td>
<td>
<a href="#" class="linked" test-id='724' id='759'>Verify that User able to search with MAD Code on Add/Remove User Access Page</a>
<div class="">
<span class="badge badge-default">Add/Remove User Access Page Functionalities.Verify that User able to search with MAD Code on Add/Remove User Access Page</span>
</div>
</td>
</tr>
<tr class="tag-test-status" status="fail">
<td><span class="badge log fail-bg">Fail</span></td>
<td>19:07:42 PM</td>
<td>
<a href="#" class="linked" test-id='724' id='776'>Verify that User able to search with City Name on Add/Remove User Access Page</a>
<div class="">
<span class="badge badge-default">Add/Remove User Access Page Functionalities.Verify that User able to search with City Name on Add/Remove User Access Page</span>
</div>
</td>
</tr>
<tr class="tag-test-status" status="fail">
<td><span class="badge log fail-bg">Fail</span></td>
<td>19:07:42 PM</td>
<td>
<a href="#" class="linked" test-id='724' id='793'>Verify that User able to search with Address on Add/Remove User Access Page</a>
<div class="">
<span class="badge badge-default">Add/Remove User Access Page Functionalities.Verify that User able to search with Address on Add/Remove User Access Page</span>
</div>
</td>
</tr>
<tr class="tag-test-status" status="fail">
<td><span class="badge log fail-bg">Fail</span></td>
<td>19:07:42 PM</td>
<td>
<a href="#" class="linked" test-id='724' id='810'>Verify that User able to search with Zip Code on Add/Remove User Access Page</a>
<div class="">
<span class="badge badge-default">Add/Remove User Access Page Functionalities.Verify that User able to search with Zip Code on Add/Remove User Access Page</span>
</div>
</td>
</tr>
<tr class="tag-test-status" status="fail">
<td><span class="badge log fail-bg">Fail</span></td>
<td>19:07:42 PM</td>
<td>
<a href="#" class="linked" test-id='724' id='827'>Verify that User can Add and Remove Locations on Add/Remove User Access Page</a>
<div class="">
<span class="badge badge-default">Add/Remove User Access Page Functionalities.Verify that User can Add and Remove Locations on Add/Remove User Access Page</span>
</div>
</td>
</tr>
<tr class="tag-test-status" status="fail">
<td><span class="badge log fail-bg">Fail</span></td>
<td>19:07:42 PM</td>
<td>
<a href="#" class="linked" test-id='724' id='856'>Verify that User can Reset Locations on Add/Remove User Access Page</a>
<div class="">
<span class="badge badge-default">Add/Remove User Access Page Functionalities.Verify that User can Reset Locations on Add/Remove User Access Page</span>
</div>
</td>
</tr>
</tbody>
</table>
</div>
</li>
</ul>
</div>
</div>
<div class="test-content scrollable">
<div class="test-content-detail">
<div class="detail-body"></div>
</div>
</div>
</div><div class="container-fluid p-4 view dashboard-view">
<div class="row">
<div class="col-md-3">
<div class="card"><div class="card-body">
<p class="m-b-0">Started</p>
<h3>Feb 9, 2024 07:07:35 PM</h3>
</div></div>
</div>
<div class="col-md-3">
<div class="card"><div class="card-body">
<p class="m-b-0">Ended</p>
<h3>Feb 9, 2024 07:07:42 PM</h3>
</div></div>
</div>
<div class="col-md-3">
<div class="card"><div class="card-body">
<p class="m-b-0 text-pass">Features Passed</p>
<h3>0</h3>
</div></div>
</div>
<div class="col-md-3">
<div class="card"><div class="card-body">
<p class="m-b-0 text-fail">Features Failed</p>
<h3>3</h3>
</div></div>
</div>
</div>
<div class="row">
<div class="col-md-4">
<div class="card">
<div class="card-header">
<h6 class="card-title">Features</h6>
</div>
<div class="card-body">
<div class="">
<canvas id='parent-analysis' width='115' height='90'></canvas>
</div>
</div>
<div class="card-footer">
<div><small data-tooltip='0%'>
<b>0</b> features passed
</small>
</div>
<div>
<small data-tooltip='100%'><b>3</b> features failed,
<b>0</b> skipped, <b data-tooltip='0%'>0</b> others
</small>
</div>
</div>
</div>
</div>
<div class="col-md-4">
<div class="card">
<div class="card-header">
<h6 class="card-title">Scenarios</h6>
</div>
<div class="card-body">
<div class="">
<canvas id='child-analysis' width='115' height='90'></canvas>
</div>
</div>
<div class="card-footer">
<div><small data-tooltip='0%'><b>0</b> scenarios passed</small></div>
<div>
<small data-tooltip='100%'><b>43</b> scenarios failed,
<b>0</b> skipped, <b data-tooltip='%'>0</b> others
</small>
</div>
</div>
</div>
</div>
<div class="col-md-4">
<div class="card">
<div class="card-header">
<h6 class="card-title">Steps</h6>
</div>
<div class="card-body">
<div class="">
<canvas id='grandchild-analysis' width='115' height='90'></canvas>
</div>
</div>
<div class="card-footer">
<div><small data-tooltip='0%'><b>0</b> steps passed</small></div>
<div>
<small data-tooltip='18%'><b>86</b> steps failed,
<b>373</b> skipped, <b data-tooltip='%'>0</b> others
</small>
</div>
</div>
</div>
</div>
</div>
<div class="row"><div class="col-md-12">
<div class="card"><div class="card-header"><p>Timeline</p></div>
<div class="card-body pt-0"><div>
<canvas id="timeline" height="120"></canvas>
</div></div>
</div>
</div></div>
<script>
var timeline = {
"Accounts Tab Functionalities":0.907,"Users Tab Functionalities":2.224,"Add/Remove User Access Page Functionalities":0.329
};
</script>
<div class="row">
<div class="col-lg-6 col-md-12 category-container">
<div class="card">
<div class="card-header"><p>Tags</p></div>
<div class="card-body pb-0 pt-0"><table class="table table-sm table-bordered">
<thead><tr class="bg-gray"><th>Name</th><th>Passed</th><th>Failed</th><th>Skipped</th><th>Others</th><th>Passed %</th></tr></thead><tbody>
<tr>
<td>@RegressionTest</td>
<td>0</td>
<td>43</td>
<td>0</td>
<td>0</td>
<td>0%</td>
</tr>
</tbody>
</table></div>
</div>
</div>
</div>
</div>
<script>
var statusGroup = {
parentCount: 5,
passParent: 0,
failParent: 3,
warningParent: 0,
skipParent: 0,
childCount: 5,
passChild: 0,
failChild: 43,
warningChild: 0,
skipChild: 0,
infoChild: 0,
grandChildCount: 5,
passGrandChild: 0,
failGrandChild: 86,
warningGrandChild: 0,
skipGrandChild: 373,
infoGrandChild: 0,
eventsCount: 5,
};
</script>        </div>
      </div>
    </div>
  </div>
<script src="https://cdn.jsdelivr.net/gh/extent-framework/extent-github-cdn@d6562a79075e061305ccfdb82f01e5e195e2d307/spark/js/spark-script.js"></script>
<script type="text/javascript"></script></body>
</html>